[I 2024-09-26 12:12:45,653] Trial 108 finished with value: 0.9666666666666667 and parameters: {'n_estimators': 44, 'max_depth': 47, 'min_samples_split': 7}. Best is trial 6 with value: 0.9733333333333333.
[I 2024-09-26 12:12:45,698] Trial 109 finished with value: 0.9666666666666667 and parameters: {'n_estimators': 14, 'max_depth': 16, 'min_samples_split': 9}. Best is trial 6 with value: 0.9733333333333333.
[I 2024-09-26 12:12:45,834] Trial 110 finished with value: 0.9533333333333333 and parameters: {'n_estimators': 86, 'max_depth': 12, 'min_samples_split': 8}. Best is trial 6 with value: 0.9733333333333333.
[I 2024-09-26 12:12:45,939] Trial 111 finished with value: 0.9533333333333333 and parameters: {'n_estimators': 75, 'max_depth': 43, 'min_samples_split': 6}. Best is trial 6 with value: 0.9733333333333333.
[I 2024-09-26 12:12:46,044] Trial 112 finished with value: 0.9533333333333333 and parameters: {'n_estimators': 69, 'max_depth': 37, 'min_samples_split': 13}. Best is trial 6 with value: 0.9733333333333333.
[I 2024-09-26 12:12:46,171] Trial 113 finished with value: 0.9666666666666667 and parameters: {'n_estimators': 80, 'max_depth': 8, 'min_samples_split': 15}. Best is trial 6 with value: 0.9733333333333333.
[I 2024-09-26 12:12:46,256] Trial 114 finished with value: 0.9666666666666667 and parameters: {'n_estimators': 54, 'max_depth': 64, 'min_samples_split': 7}. Best is trial 6 with value: 0.9733333333333333.
[I 2024-09-26 12:12:46,374] Trial 115 finished with value: 0.9666666666666667 and parameters: {'n_estimators': 66, 'max_depth': 7, 'min_samples_split': 13}. Best is trial 6 with value: 0.9733333333333333.
[I 2024-09-26 12:12:46,484] Trial 116 finished with value: 0.9666666666666667 and parameters: {'n_estimators': 60, 'max_depth': 5, 'min_samples_split': 9}. Best is trial 6 with value: 0.9733333333333333.
[I 2024-09-26 12:12:46,554] Trial 117 finished with value: 0.9666666666666667 and parameters: {'n_estimators': 22, 'max_depth': 13, 'min_samples_split': 5}. Best is trial 6 with value: 0.9733333333333333.
[I 2024-09-26 12:12:46,639] Trial 118 finished with value: 0.96 and parameters: {'n_estimators': 47, 'max_depth': 19, 'min_samples_split': 14}. Best is trial 6 with value: 0.9733333333333333.
[I 2024-09-26 12:12:46,747] Trial 119 finished with value: 0.9666666666666667 and parameters: {'n_estimators': 53, 'max_depth': 54, 'min_samples_split': 7}. Best is trial 6 with value: 0.9733333333333333.
[I 2024-09-26 12:12:46,879] Trial 120 finished with value: 0.9666666666666667 and parameters: {'n_estimators': 79, 'max_depth': 24, 'min_samples_split': 8}. Best is trial 6 with value: 0.9733333333333333.
[I 2024-09-26 12:12:46,970] Trial 121 finished with value: 0.9733333333333333 and parameters: {'n_estimators': 41, 'max_depth': 6, 'min_samples_split': 8}. Best is trial 6 with value: 0.9733333333333333.
[I 2024-09-26 12:12:47,044] Trial 122 finished with value: 0.96 and parameters: {'n_estimators': 40, 'max_depth': 9, 'min_samples_split': 8}. Best is trial 6 with value: 0.9733333333333333.
[I 2024-09-26 12:12:47,149] Trial 123 finished with value: 0.9666666666666667 and parameters: {'n_estimators': 48, 'max_depth': 6, 'min_samples_split': 9}. Best is trial 6 with value: 0.9733333333333333.
[I 2024-09-26 12:12:47,242] Trial 124 finished with value: 0.9666666666666667 and parameters: {'n_estimators': 45, 'max_depth': 31, 'min_samples_split': 6}. Best is trial 6 with value: 0.9733333333333333.
[I 2024-09-26 12:12:47,339] Trial 125 finished with value: 0.9666666666666667 and parameters: {'n_estimators': 56, 'max_depth': 6, 'min_samples_split': 7}. Best is trial 6 with value: 0.9733333333333333.
[I 2024-09-26 12:12:47,423] Trial 126 finished with value: 0.9666666666666667 and parameters: {'n_estimators': 52, 'max_depth': 28, 'min_samples_split': 8}. Best is trial 6 with value: 0.9733333333333333.
[I 2024-09-26 12:12:47,583] Trial 127 finished with value: 0.9666666666666667 and parameters: {'n_estimators': 71, 'max_depth': 7, 'min_samples_split': 8}. Best is trial 6 with value: 0.9733333333333333.
[I 2024-09-26 12:12:47,674] Trial 128 finished with value: 0.9533333333333333 and parameters: {'n_estimators': 41, 'max_depth': 10, 'min_samples_split': 7}. Best is trial 6 with value: 0.9733333333333333.
[I 2024-09-26 12:12:47,833] Trial 129 finished with value: 0.9533333333333333 and parameters: {'n_estimators': 63, 'max_depth': 5, 'min_samples_split': 9}. Best is trial 6 with value: 0.9733333333333333.
[I 2024-09-26 12:12:47,862] Trial 130 finished with value: 0.9533333333333333 and parameters: {'n_estimators': 3, 'max_depth': 35, 'min_samples_split': 8}. Best is trial 6 with value: 0.9733333333333333.
[I 2024-09-26 12:12:47,934] Trial 131 finished with value: 0.9533333333333333 and parameters: {'n_estimators': 43, 'max_depth': 15, 'min_samples_split': 6}. Best is trial 6 with value: 0.9733333333333333.
[I 2024-09-26 12:12:48,036] Trial 132 finished with value: 0.9533333333333333 and parameters: {'n_estimators': 38, 'max_depth': 4, 'min_samples_split': 8}. Best is trial 6 with value: 0.9733333333333333.
[I 2024-09-26 12:12:48,166] Trial 133 finished with value: 0.9666666666666667 and parameters: {'n_estimators': 89, 'max_depth': 6, 'min_samples_split': 9}. Best is trial 6 with value: 0.9733333333333333.
[I 2024-09-26 12:12:48,263] Trial 134 finished with value: 0.9666666666666667 and parameters: {'n_estimators': 50, 'max_depth': 7, 'min_samples_split': 7}. Best is trial 6 with value: 0.9733333333333333.
[I 2024-09-26 12:12:48,337] Trial 135 finished with value: 0.9666666666666667 and parameters: {'n_estimators': 37, 'max_depth': 5, 'min_samples_split': 8}. Best is trial 6 with value: 0.9733333333333333.
[I 2024-09-26 12:12:48,433] Trial 136 finished with value: 0.9533333333333333 and parameters: {'n_estimators': 46, 'max_depth': 22, 'min_samples_split': 12}. Best is trial 6 with value: 0.9733333333333333.
[I 2024-09-26 12:12:48,558] Trial 137 finished with value: 0.9533333333333333 and parameters: {'n_estimators': 84, 'max_depth': 38, 'min_samples_split': 5}. Best is trial 6 with value: 0.9733333333333333.
[I 2024-09-26 12:12:48,587] Trial 138 finished with value: 0.96 and parameters: {'n_estimators': 7, 'max_depth': 5, 'min_samples_split': 7}. Best is trial 6 with value: 0.9733333333333333.
[I 2024-09-26 12:12:48,625] Trial 139 finished with value: 0.96 and parameters: {'n_estimators': 15, 'max_depth': 50, 'min_samples_split': 6}. Best is trial 6 with value: 0.9733333333333333.
[I 2024-09-26 12:12:48,675] Trial 140 finished with value: 0.9466666666666667 and parameters: {'n_estimators': 22, 'max_depth': 25, 'min_samples_split': 9}. Best is trial 6 with value: 0.9733333333333333.
[I 2024-09-26 12:12:48,813] Trial 141 finished with value: 0.9666666666666667 and parameters: {'n_estimators': 95, 'max_depth': 18, 'min_samples_split': 10}. Best is trial 6 with value: 0.9733333333333333.
[I 2024-09-26 12:12:48,940] Trial 142 finished with value: 0.96 and parameters: {'n_estimators': 91, 'max_depth': 19, 'min_samples_split': 11}. Best is trial 6 with value: 0.9733333333333333.
[I 2024-09-26 12:12:49,079] Trial 143 finished with value: 0.96 and parameters: {'n_estimators': 97, 'max_depth': 20, 'min_samples_split': 8}. Best is trial 6 with value: 0.9733333333333333.
[I 2024-09-26 12:12:49,197] Trial 144 finished with value: 0.96 and parameters: {'n_estimators': 51, 'max_depth': 17, 'min_samples_split': 9}. Best is trial 6 with value: 0.9733333333333333.
[I 2024-09-26 12:12:49,325] Trial 145 finished with value: 0.9666666666666667 and parameters: {'n_estimators': 74, 'max_depth': 33, 'min_samples_split': 8}. Best is trial 6 with value: 0.9733333333333333.
[I 2024-09-26 12:12:49,410] Trial 146 finished with value: 0.9666666666666667 and parameters: {'n_estimators': 48, 'max_depth': 22, 'min_samples_split': 9}. Best is trial 6 with value: 0.9733333333333333.
[I 2024-09-26 12:12:49,472] Trial 147 finished with value: 0.96 and parameters: {'n_estimators': 30, 'max_depth': 20, 'min_samples_split': 7}. Best is trial 6 with value: 0.9733333333333333.
[I 2024-09-26 12:12:49,561] Trial 148 finished with value: 0.9533333333333333 and parameters: {'n_estimators': 26, 'max_depth': 16, 'min_samples_split': 10}. Best is trial 6 with value: 0.9733333333333333.
[I 2024-09-26 12:12:49,625] Trial 149 finished with value: 0.96 and parameters: {'n_estimators': 18, 'max_depth': 7, 'min_samples_split': 8}. Best is trial 6 with value: 0.9733333333333333.
[I 2024-09-26 12:12:49,771] Trial 150 finished with value: 0.9533333333333333 and parameters: {'n_estimators': 98, 'max_depth': 6, 'min_samples_split': 9}. Best is trial 6 with value: 0.9733333333333333.
[I 2024-09-26 12:12:49,874] Trial 151 finished with value: 0.9733333333333333 and parameters: {'n_estimators': 53, 'max_depth': 59, 'min_samples_split': 10}. Best is trial 6 with value: 0.9733333333333333.
[I 2024-09-26 12:12:49,970] Trial 152 finished with value: 0.9533333333333333 and parameters: {'n_estimators': 54, 'max_depth': 61, 'min_samples_split': 8}. Best is trial 6 with value: 0.9733333333333333.
[I 2024-09-26 12:12:50,036] Trial 153 finished with value: 0.9533333333333333 and parameters: {'n_estimators': 10, 'max_depth': 57, 'min_samples_split': 14}. Best is trial 6 with value: 0.9733333333333333.
[I 2024-09-26 12:12:50,123] Trial 154 finished with value: 0.9533333333333333 and parameters: {'n_estimators': 57, 'max_depth': 63, 'min_samples_split': 6}. Best is trial 6 with value: 0.9733333333333333.
[I 2024-09-26 12:12:50,196] Trial 155 finished with value: 0.9666666666666667 and parameters: {'n_estimators': 42, 'max_depth': 55, 'min_samples_split': 11}. Best is trial 6 with value: 0.9733333333333333.
[I 2024-09-26 12:12:50,247] Trial 156 finished with value: 0.9666666666666667 and parameters: {'n_estimators': 20, 'max_depth': 44, 'min_samples_split': 6}. Best is trial 6 with value: 0.9733333333333333.
[I 2024-09-26 12:12:50,291] Trial 157 finished with value: 0.9666666666666667 and parameters: {'n_estimators': 13, 'max_depth': 48, 'min_samples_split': 9}. Best is trial 6 with value: 0.9733333333333333.
[I 2024-09-26 12:12:50,390] Trial 158 finished with value: 0.9533333333333333 and parameters: {'n_estimators': 51, 'max_depth': 9, 'min_samples_split': 5}. Best is trial 6 with value: 0.9733333333333333.
[I 2024-09-26 12:12:50,475] Trial 159 finished with value: 0.9666666666666667 and parameters: {'n_estimators': 49, 'max_depth': 29, 'min_samples_split': 7}. Best is trial 6 with value: 0.9733333333333333.
[I 2024-09-26 12:12:50,550] Trial 160 finished with value: 0.96 and parameters: {'n_estimators': 45, 'max_depth': 40, 'min_samples_split': 7}. Best is trial 6 with value: 0.9733333333333333.
[I 2024-09-26 12:12:50,658] Trial 161 finished with value: 0.96 and parameters: {'n_estimators': 59, 'max_depth': 60, 'min_samples_split': 10}. Best is trial 6 with value: 0.9733333333333333.
[I 2024-09-26 12:12:50,781] Trial 162 finished with value: 0.96 and parameters: {'n_estimators': 55, 'max_depth': 52, 'min_samples_split': 10}. Best is trial 6 with value: 0.9733333333333333.
[I 2024-09-26 12:12:50,910] Trial 163 finished with value: 0.9666666666666667 and parameters: {'n_estimators': 88, 'max_depth': 59, 'min_samples_split': 8}. Best is trial 6 with value: 0.9733333333333333.
[I 2024-09-26 12:12:51,038] Trial 164 finished with value: 0.9666666666666667 and parameters: {'n_estimators': 83, 'max_depth': 56, 'min_samples_split': 10}. Best is trial 6 with value: 0.9733333333333333.
[I 2024-09-26 12:12:51,142] Trial 165 finished with value: 0.96 and parameters: {'n_estimators': 53, 'max_depth': 32, 'min_samples_split': 9}. Best is trial 6 with value: 0.9733333333333333.
[I 2024-09-26 12:12:51,294] Trial 166 finished with value: 0.9533333333333333 and parameters: {'n_estimators': 92, 'max_depth': 46, 'min_samples_split': 8}. Best is trial 6 with value: 0.9733333333333333.
[I 2024-09-26 12:12:51,366] Trial 167 finished with value: 0.96 and parameters: {'n_estimators': 24, 'max_depth': 53, 'min_samples_split': 11}. Best is trial 6 with value: 0.9733333333333333.
[I 2024-09-26 12:12:51,464] Trial 168 finished with value: 0.96 and parameters: {'n_estimators': 57, 'max_depth': 21, 'min_samples_split': 6}. Best is trial 6 with value: 0.9733333333333333.
[I 2024-09-26 12:12:51,558] Trial 169 finished with value: 0.9666666666666667 and parameters: {'n_estimators': 47, 'max_depth': 64, 'min_samples_split': 8}. Best is trial 6 with value: 0.9733333333333333.
[I 2024-09-26 12:12:51,643] Trial 170 finished with value: 0.9533333333333333 and parameters: {'n_estimators': 35, 'max_depth': 11, 'min_samples_split': 12}. Best is trial 6 with value: 0.9733333333333333.
[I 2024-09-26 12:12:51,798] Trial 171 finished with value: 0.96 and parameters: {'n_estimators': 77, 'max_depth': 12, 'min_samples_split': 3}. Best is trial 6 with value: 0.9733333333333333.
[I 2024-09-26 12:12:51,956] Trial 172 finished with value: 0.9533333333333333 and parameters: {'n_estimators': 61, 'max_depth': 13, 'min_samples_split': 16}. Best is trial 6 with value: 0.9733333333333333.
[I 2024-09-26 12:12:52,108] Trial 173 finished with value: 0.96 and parameters: {'n_estimators': 55, 'max_depth': 14, 'min_samples_split': 3}. Best is trial 6 with value: 0.9733333333333333.
[I 2024-09-26 12:12:52,223] Trial 174 finished with value: 0.9533333333333333 and parameters: {'n_estimators': 52, 'max_depth': 12, 'min_samples_split': 9}. Best is trial 6 with value: 0.9733333333333333.
[I 2024-09-26 12:12:52,362] Trial 175 finished with value: 0.9666666666666667 and parameters: {'n_estimators': 65, 'max_depth': 15, 'min_samples_split': 2}. Best is trial 6 with value: 0.9733333333333333.
[I 2024-09-26 12:12:52,430] Trial 176 finished with value: 0.9666666666666667 and parameters: {'n_estimators': 16, 'max_depth': 10, 'min_samples_split': 8}. Best is trial 6 with value: 0.9733333333333333.
[I 2024-09-26 12:12:52,532] Trial 177 finished with value: 0.9666666666666667 and parameters: {'n_estimators': 50, 'max_depth': 5, 'min_samples_split': 5}. Best is trial 6 with value: 0.9733333333333333.
[I 2024-09-26 12:12:52,655] Trial 178 finished with value: 0.9666666666666667 and parameters: {'n_estimators': 57, 'max_depth': 23, 'min_samples_split': 7}. Best is trial 6 with value: 0.9733333333333333.
[I 2024-09-26 12:12:52,768] Trial 179 finished with value: 0.9666666666666667 and parameters: {'n_estimators': 62, 'max_depth': 11, 'min_samples_split': 4}. Best is trial 6 with value: 0.9733333333333333.
[I 2024-09-26 12:12:52,868] Trial 180 finished with value: 0.9666666666666667 and parameters: {'n_estimators': 53, 'max_depth': 13, 'min_samples_split': 8}. Best is trial 6 with value: 0.9733333333333333.
[I 2024-09-26 12:12:53,003] Trial 181 finished with value: 0.9733333333333333 and parameters: {'n_estimators': 83, 'max_depth': 43, 'min_samples_split': 7}. Best is trial 6 with value: 0.9733333333333333.
[I 2024-09-26 12:12:53,171] Trial 182 finished with value: 0.9666666666666667 and parameters: {'n_estimators': 80, 'max_depth': 38, 'min_samples_split': 6}. Best is trial 6 with value: 0.9733333333333333.
[I 2024-09-26 12:12:53,349] Trial 183 finished with value: 0.9666666666666667 and parameters: {'n_estimators': 85, 'max_depth': 58, 'min_samples_split': 7}. Best is trial 6 with value: 0.9733333333333333.
[I 2024-09-26 12:12:53,474] Trial 184 finished with value: 0.9666666666666667 and parameters: {'n_estimators': 59, 'max_depth': 41, 'min_samples_split': 8}. Best is trial 6 with value: 0.9733333333333333.
[I 2024-09-26 12:12:53,678] Trial 185 finished with value: 0.9666666666666667 and parameters: {'n_estimators': 89, 'max_depth': 50, 'min_samples_split': 7}. Best is trial 6 with value: 0.9733333333333333.
[I 2024-09-26 12:12:53,780] Trial 186 finished with value: 0.9533333333333333 and parameters: {'n_estimators': 48, 'max_depth': 6, 'min_samples_split': 4}. Best is trial 6 with value: 0.9733333333333333.
[I 2024-09-26 12:12:53,949] Trial 187 finished with value: 0.9666666666666667 and parameters: {'n_estimators': 81, 'max_depth': 35, 'min_samples_split': 8}. Best is trial 6 with value: 0.9733333333333333.
[I 2024-09-26 12:12:54,120] Trial 188 finished with value: 0.96 and parameters: {'n_estimators': 87, 'max_depth': 26, 'min_samples_split': 9}. Best is trial 6 with value: 0.9733333333333333.
[I 2024-09-26 12:12:54,189] Trial 189 finished with value: 0.9533333333333333 and parameters: {'n_estimators': 20, 'max_depth': 17, 'min_samples_split': 6}. Best is trial 6 with value: 0.9733333333333333.
[I 2024-09-26 12:12:54,238] Trial 190 finished with value: 0.9733333333333333 and parameters: {'n_estimators': 5, 'max_depth': 19, 'min_samples_split': 8}. Best is trial 6 with value: 0.9733333333333333.
[I 2024-09-26 12:12:54,287] Trial 191 finished with value: 0.96 and parameters: {'n_estimators': 7, 'max_depth': 19, 'min_samples_split': 8}. Best is trial 6 with value: 0.9733333333333333.
[I 2024-09-26 12:12:54,388] Trial 192 finished with value: 0.96 and parameters: {'n_estimators': 55, 'max_depth': 16, 'min_samples_split': 9}. Best is trial 6 with value: 0.9733333333333333.
[I 2024-09-26 12:12:54,511] Trial 193 finished with value: 0.9666666666666667 and parameters: {'n_estimators': 50, 'max_depth': 21, 'min_samples_split': 14}. Best is trial 6 with value: 0.9733333333333333.
[I 2024-09-26 12:12:54,606] Trial 194 finished with value: 0.94 and parameters: {'n_estimators': 4, 'max_depth': 44, 'min_samples_split': 8}. Best is trial 6 with value: 0.9733333333333333.
[I 2024-09-26 12:12:54,704] Trial 195 finished with value: 0.9733333333333333 and parameters: {'n_estimators': 10, 'max_depth': 18, 'min_samples_split': 7}. Best is trial 6 with value: 0.9733333333333333.
[I 2024-09-26 12:12:54,771] Trial 196 finished with value: 0.96 and parameters: {'n_estimators': 10, 'max_depth': 18, 'min_samples_split': 7}. Best is trial 6 with value: 0.9733333333333333.
[I 2024-09-26 12:12:54,820] Trial 197 finished with value: 0.9533333333333333 and parameters: {'n_estimators': 8, 'max_depth': 18, 'min_samples_split': 6}. Best is trial 6 with value: 0.9733333333333333.
[I 2024-09-26 12:12:54,869] Trial 198 finished with value: 0.9466666666666667 and parameters: {'n_estimators': 5, 'max_depth': 19, 'min_samples_split': 7}. Best is trial 6 with value: 0.9733333333333333.
[I 2024-09-26 12:12:54,945] Trial 199 finished with value: 0.9666666666666667 and parameters: {'n_estimators': 12, 'max_depth': 20, 'min_samples_split': 6}. Best is trial 6 with value: 0.9733333333333333.
[I 2024-09-26 12:12:54,981] Trial 200 finished with value: 0.9466666666666667 and parameters: {'n_estimators': 3, 'max_depth': 16, 'min_samples_split': 7}. Best is trial 6 with value: 0.9733333333333333.
[I 2024-09-26 12:12:55,165] Trial 201 finished with value: 0.96 and parameters: {'n_estimators': 92, 'max_depth': 17, 'min_samples_split': 8}. Best is trial 6 with value: 0.9733333333333333.
[I 2024-09-26 12:12:55,202] Trial 202 finished with value: 0.9466666666666667 and parameters: {'n_estimators': 5, 'max_depth': 61, 'min_samples_split': 8}. Best is trial 6 with value: 0.9733333333333333.
[I 2024-09-26 12:12:55,272] Trial 203 finished with value: 0.9533333333333333 and parameters: {'n_estimators': 18, 'max_depth': 48, 'min_samples_split': 8}. Best is trial 6 with value: 0.9733333333333333.
[I 2024-09-26 12:12:55,334] Trial 204 finished with value: 0.9666666666666667 and parameters: {'n_estimators': 14, 'max_depth': 54, 'min_samples_split': 7}. Best is trial 6 with value: 0.9733333333333333.
[I 2024-09-26 12:12:55,500] Trial 205 finished with value: 0.9533333333333333 and parameters: {'n_estimators': 82, 'max_depth': 18, 'min_samples_split': 10}. Best is trial 6 with value: 0.9733333333333333.
[I 2024-09-26 12:12:55,587] Trial 206 finished with value: 0.9533333333333333 and parameters: {'n_estimators': 33, 'max_depth': 22, 'min_samples_split': 8}. Best is trial 6 with value: 0.9733333333333333.
[I 2024-09-26 12:12:55,693] Trial 207 finished with value: 0.96 and parameters: {'n_estimators': 21, 'max_depth': 20, 'min_samples_split': 9}. Best is trial 6 with value: 0.9733333333333333.
[I 2024-09-26 12:12:55,728] Trial 208 finished with value: 0.94 and parameters: {'n_estimators': 2, 'max_depth': 31, 'min_samples_split': 5}. Best is trial 6 with value: 0.9733333333333333.
[I 2024-09-26 12:12:55,860] Trial 209 finished with value: 0.9666666666666667 and parameters: {'n_estimators': 78, 'max_depth': 14, 'min_samples_split': 7}. Best is trial 6 with value: 0.9733333333333333.
[I 2024-09-26 12:12:55,968] Trial 210 finished with value: 0.9666666666666667 and parameters: {'n_estimators': 45, 'max_depth': 6, 'min_samples_split': 11}. Best is trial 6 with value: 0.9733333333333333.
[I 2024-09-26 12:12:56,101] Trial 211 finished with value: 0.9666666666666667 and parameters: {'n_estimators': 83, 'max_depth': 41, 'min_samples_split': 7}. Best is trial 6 with value: 0.9733333333333333.
[I 2024-09-26 12:12:56,235] Trial 212 finished with value: 0.9533333333333333 and parameters: {'n_estimators': 76, 'max_depth': 39, 'min_samples_split': 8}. Best is trial 6 with value: 0.9733333333333333.
[I 2024-09-26 12:12:56,287] Trial 213 finished with value: 0.9666666666666667 and parameters: {'n_estimators': 8, 'max_depth': 46, 'min_samples_split': 7}. Best is trial 6 with value: 0.9733333333333333.
[I 2024-09-26 12:12:56,455] Trial 214 finished with value: 0.9666666666666667 and parameters: {'n_estimators': 85, 'max_depth': 42, 'min_samples_split': 9}. Best is trial 6 with value: 0.9733333333333333.
[I 2024-09-26 12:12:56,573] Trial 215 finished with value: 0.9533333333333333 and parameters: {'n_estimators': 52, 'max_depth': 4, 'min_samples_split': 6}. Best is trial 6 with value: 0.9733333333333333.
[I 2024-09-26 12:12:56,624] Trial 216 finished with value: 0.9466666666666667 and parameters: {'n_estimators': 6, 'max_depth': 37, 'min_samples_split': 8}. Best is trial 6 with value: 0.9733333333333333.
