[I 2024-09-26 12:13:07,226] Trial 327 finished with value: 0.9666666666666667 and parameters: {'n_estimators': 14, 'max_depth': 41, 'min_samples_split': 8}. Best is trial 6 with value: 0.9733333333333333.
[I 2024-09-26 12:13:07,321] Trial 328 finished with value: 0.96 and parameters: {'n_estimators': 52, 'max_depth': 49, 'min_samples_split': 7}. Best is trial 6 with value: 0.9733333333333333.
[I 2024-09-26 12:13:07,381] Trial 329 finished with value: 0.9666666666666667 and parameters: {'n_estimators': 24, 'max_depth': 60, 'min_samples_split': 8}. Best is trial 6 with value: 0.9733333333333333.
[I 2024-09-26 12:13:07,501] Trial 330 finished with value: 0.9533333333333333 and parameters: {'n_estimators': 58, 'max_depth': 21, 'min_samples_split': 9}. Best is trial 6 with value: 0.9733333333333333.
[I 2024-09-26 12:13:07,625] Trial 331 finished with value: 0.96 and parameters: {'n_estimators': 61, 'max_depth': 17, 'min_samples_split': 2}. Best is trial 6 with value: 0.9733333333333333.
[I 2024-09-26 12:13:07,710] Trial 332 finished with value: 0.9533333333333333 and parameters: {'n_estimators': 47, 'max_depth': 54, 'min_samples_split': 8}. Best is trial 6 with value: 0.9733333333333333.
[I 2024-09-26 12:13:07,778] Trial 333 finished with value: 0.9666666666666667 and parameters: {'n_estimators': 12, 'max_depth': 23, 'min_samples_split': 6}. Best is trial 6 with value: 0.9733333333333333.
[I 2024-09-26 12:13:07,824] Trial 334 finished with value: 0.96 and parameters: {'n_estimators': 10, 'max_depth': 6, 'min_samples_split': 7}. Best is trial 6 with value: 0.9733333333333333.
[I 2024-09-26 12:13:07,981] Trial 335 finished with value: 0.96 and parameters: {'n_estimators': 88, 'max_depth': 5, 'min_samples_split': 7}. Best is trial 6 with value: 0.9733333333333333.
[I 2024-09-26 12:13:08,132] Trial 336 finished with value: 0.9666666666666667 and parameters: {'n_estimators': 98, 'max_depth': 19, 'min_samples_split': 6}. Best is trial 6 with value: 0.9733333333333333.
[I 2024-09-26 12:13:08,204] Trial 337 finished with value: 0.9533333333333333 and parameters: {'n_estimators': 22, 'max_depth': 8, 'min_samples_split': 5}. Best is trial 6 with value: 0.9733333333333333.
[I 2024-09-26 12:13:08,297] Trial 338 finished with value: 0.9666666666666667 and parameters: {'n_estimators': 49, 'max_depth': 20, 'min_samples_split': 8}. Best is trial 6 with value: 0.9733333333333333.
[I 2024-09-26 12:13:08,379] Trial 339 finished with value: 0.9666666666666667 and parameters: {'n_estimators': 26, 'max_depth': 7, 'min_samples_split': 10}. Best is trial 6 with value: 0.9733333333333333.
[I 2024-09-26 12:13:08,415] Trial 340 finished with value: 0.9533333333333333 and parameters: {'n_estimators': 3, 'max_depth': 11, 'min_samples_split': 9}. Best is trial 6 with value: 0.9733333333333333.
[I 2024-09-26 12:13:08,585] Trial 341 finished with value: 0.9666666666666667 and parameters: {'n_estimators': 67, 'max_depth': 51, 'min_samples_split': 6}. Best is trial 6 with value: 0.9733333333333333.
[I 2024-09-26 12:13:08,705] Trial 342 finished with value: 0.96 and parameters: {'n_estimators': 19, 'max_depth': 16, 'min_samples_split': 8}. Best is trial 6 with value: 0.9733333333333333.
[I 2024-09-26 12:13:08,938] Trial 343 finished with value: 0.9666666666666667 and parameters: {'n_estimators': 95, 'max_depth': 46, 'min_samples_split': 7}. Best is trial 6 with value: 0.9733333333333333.
[I 2024-09-26 12:13:09,058] Trial 344 finished with value: 0.9666666666666667 and parameters: {'n_estimators': 56, 'max_depth': 17, 'min_samples_split': 8}. Best is trial 6 with value: 0.9733333333333333.
[I 2024-09-26 12:13:09,184] Trial 345 finished with value: 0.96 and parameters: {'n_estimators': 41, 'max_depth': 56, 'min_samples_split': 3}. Best is trial 6 with value: 0.9733333333333333.
[I 2024-09-26 12:13:09,224] Trial 346 finished with value: 0.94 and parameters: {'n_estimators': 6, 'max_depth': 22, 'min_samples_split': 7}. Best is trial 6 with value: 0.9733333333333333.
[I 2024-09-26 12:13:09,360] Trial 347 finished with value: 0.9666666666666667 and parameters: {'n_estimators': 79, 'max_depth': 15, 'min_samples_split': 9}. Best is trial 6 with value: 0.9733333333333333.
[I 2024-09-26 12:13:09,411] Trial 348 finished with value: 0.9533333333333333 and parameters: {'n_estimators': 8, 'max_depth': 12, 'min_samples_split': 8}. Best is trial 6 with value: 0.9733333333333333.
[I 2024-09-26 12:13:09,516] Trial 349 finished with value: 0.96 and parameters: {'n_estimators': 52, 'max_depth': 13, 'min_samples_split': 6}. Best is trial 6 with value: 0.9733333333333333.
[I 2024-09-26 12:13:09,654] Trial 350 finished with value: 0.9666666666666667 and parameters: {'n_estimators': 60, 'max_depth': 34, 'min_samples_split': 13}. Best is trial 6 with value: 0.9733333333333333.
[I 2024-09-26 12:13:09,802] Trial 351 finished with value: 0.9666666666666667 and parameters: {'n_estimators': 86, 'max_depth': 64, 'min_samples_split': 8}. Best is trial 6 with value: 0.9733333333333333.
[I 2024-09-26 12:13:09,950] Trial 352 finished with value: 0.9666666666666667 and parameters: {'n_estimators': 83, 'max_depth': 5, 'min_samples_split': 7}. Best is trial 6 with value: 0.9733333333333333.
[I 2024-09-26 12:13:10,011] Trial 353 finished with value: 0.9533333333333333 and parameters: {'n_estimators': 17, 'max_depth': 43, 'min_samples_split': 9}. Best is trial 6 with value: 0.9733333333333333.
[I 2024-09-26 12:13:10,095] Trial 354 finished with value: 0.9533333333333333 and parameters: {'n_estimators': 35, 'max_depth': 6, 'min_samples_split': 11}. Best is trial 6 with value: 0.9733333333333333.
[I 2024-09-26 12:13:10,198] Trial 355 finished with value: 0.9666666666666667 and parameters: {'n_estimators': 50, 'max_depth': 18, 'min_samples_split': 8}. Best is trial 6 with value: 0.9733333333333333.
[I 2024-09-26 12:13:10,281] Trial 356 finished with value: 0.9666666666666667 and parameters: {'n_estimators': 45, 'max_depth': 39, 'min_samples_split': 10}. Best is trial 6 with value: 0.9733333333333333.
[I 2024-09-26 12:13:10,353] Trial 357 finished with value: 0.96 and parameters: {'n_estimators': 32, 'max_depth': 60, 'min_samples_split': 6}. Best is trial 6 with value: 0.9733333333333333.
[I 2024-09-26 12:13:10,444] Trial 358 finished with value: 0.9533333333333333 and parameters: {'n_estimators': 38, 'max_depth': 53, 'min_samples_split': 7}. Best is trial 6 with value: 0.9733333333333333.
[I 2024-09-26 12:13:10,584] Trial 359 finished with value: 0.96 and parameters: {'n_estimators': 54, 'max_depth': 4, 'min_samples_split': 8}. Best is trial 6 with value: 0.9733333333333333.
[I 2024-09-26 12:13:10,647] Trial 360 finished with value: 0.9533333333333333 and parameters: {'n_estimators': 21, 'max_depth': 36, 'min_samples_split': 15}. Best is trial 6 with value: 0.9733333333333333.
[I 2024-09-26 12:13:10,768] Trial 361 finished with value: 0.9666666666666667 and parameters: {'n_estimators': 64, 'max_depth': 41, 'min_samples_split': 5}. Best is trial 6 with value: 0.9733333333333333.
[I 2024-09-26 12:13:10,833] Trial 362 finished with value: 0.9533333333333333 and parameters: {'n_estimators': 13, 'max_depth': 20, 'min_samples_split': 12}. Best is trial 6 with value: 0.9733333333333333.
[I 2024-09-26 12:13:10,984] Trial 363 finished with value: 0.9533333333333333 and parameters: {'n_estimators': 90, 'max_depth': 10, 'min_samples_split': 9}. Best is trial 6 with value: 0.9733333333333333.
[I 2024-09-26 12:13:11,122] Trial 364 finished with value: 0.96 and parameters: {'n_estimators': 81, 'max_depth': 7, 'min_samples_split': 6}. Best is trial 6 with value: 0.9733333333333333.
[I 2024-09-26 12:13:11,226] Trial 365 finished with value: 0.9666666666666667 and parameters: {'n_estimators': 58, 'max_depth': 58, 'min_samples_split': 7}. Best is trial 6 with value: 0.9733333333333333.
[I 2024-09-26 12:13:11,323] Trial 366 finished with value: 0.9733333333333333 and parameters: {'n_estimators': 48, 'max_depth': 14, 'min_samples_split': 8}. Best is trial 6 with value: 0.9733333333333333.
[I 2024-09-26 12:13:11,426] Trial 367 finished with value: 0.9666666666666667 and parameters: {'n_estimators': 48, 'max_depth': 13, 'min_samples_split': 8}. Best is trial 6 with value: 0.9733333333333333.
[I 2024-09-26 12:13:11,524] Trial 368 finished with value: 0.9533333333333333 and parameters: {'n_estimators': 47, 'max_depth': 14, 'min_samples_split': 8}. Best is trial 6 with value: 0.9733333333333333.
[I 2024-09-26 12:13:11,639] Trial 369 finished with value: 0.9533333333333333 and parameters: {'n_estimators': 52, 'max_depth': 18, 'min_samples_split': 8}. Best is trial 6 with value: 0.9733333333333333.
[I 2024-09-26 12:13:11,724] Trial 370 finished with value: 0.9733333333333333 and parameters: {'n_estimators': 44, 'max_depth': 15, 'min_samples_split': 9}. Best is trial 6 with value: 0.9733333333333333.
[I 2024-09-26 12:13:11,831] Trial 371 finished with value: 0.9666666666666667 and parameters: {'n_estimators': 43, 'max_depth': 15, 'min_samples_split': 9}. Best is trial 6 with value: 0.9733333333333333.
[I 2024-09-26 12:13:11,914] Trial 372 finished with value: 0.9533333333333333 and parameters: {'n_estimators': 44, 'max_depth': 15, 'min_samples_split': 9}. Best is trial 6 with value: 0.9733333333333333.
[I 2024-09-26 12:13:12,019] Trial 373 finished with value: 0.96 and parameters: {'n_estimators': 45, 'max_depth': 14, 'min_samples_split': 9}. Best is trial 6 with value: 0.9733333333333333.
[I 2024-09-26 12:13:12,110] Trial 374 finished with value: 0.9533333333333333 and parameters: {'n_estimators': 48, 'max_depth': 14, 'min_samples_split': 9}. Best is trial 6 with value: 0.9733333333333333.
[I 2024-09-26 12:13:12,195] Trial 375 finished with value: 0.96 and parameters: {'n_estimators': 39, 'max_depth': 13, 'min_samples_split': 9}. Best is trial 6 with value: 0.9733333333333333.
[I 2024-09-26 12:13:12,302] Trial 376 finished with value: 0.9666666666666667 and parameters: {'n_estimators': 46, 'max_depth': 14, 'min_samples_split': 8}. Best is trial 6 with value: 0.9733333333333333.
[I 2024-09-26 12:13:12,394] Trial 377 finished with value: 0.9533333333333333 and parameters: {'n_estimators': 41, 'max_depth': 16, 'min_samples_split': 10}. Best is trial 6 with value: 0.9733333333333333.
[I 2024-09-26 12:13:12,501] Trial 378 finished with value: 0.96 and parameters: {'n_estimators': 49, 'max_depth': 15, 'min_samples_split': 8}. Best is trial 6 with value: 0.9733333333333333.
[I 2024-09-26 12:13:12,583] Trial 379 finished with value: 0.9666666666666667 and parameters: {'n_estimators': 46, 'max_depth': 16, 'min_samples_split': 9}. Best is trial 6 with value: 0.9733333333333333.
[I 2024-09-26 12:13:12,667] Trial 380 finished with value: 0.9533333333333333 and parameters: {'n_estimators': 42, 'max_depth': 12, 'min_samples_split': 8}. Best is trial 6 with value: 0.9733333333333333.
[I 2024-09-26 12:13:12,716] Trial 381 finished with value: 0.9133333333333332 and parameters: {'n_estimators': 2, 'max_depth': 17, 'min_samples_split': 4}. Best is trial 6 with value: 0.9733333333333333.
[I 2024-09-26 12:13:12,815] Trial 382 finished with value: 0.9666666666666667 and parameters: {'n_estimators': 50, 'max_depth': 16, 'min_samples_split': 14}. Best is trial 6 with value: 0.9733333333333333.
[I 2024-09-26 12:13:12,921] Trial 383 finished with value: 0.9666666666666667 and parameters: {'n_estimators': 50, 'max_depth': 21, 'min_samples_split': 9}. Best is trial 6 with value: 0.9733333333333333.
[I 2024-09-26 12:13:13,021] Trial 384 finished with value: 0.9666666666666667 and parameters: {'n_estimators': 44, 'max_depth': 28, 'min_samples_split': 8}. Best is trial 6 with value: 0.9733333333333333.
[I 2024-09-26 12:13:13,069] Trial 385 finished with value: 0.9666666666666667 and parameters: {'n_estimators': 9, 'max_depth': 32, 'min_samples_split': 8}. Best is trial 6 with value: 0.9733333333333333.
[I 2024-09-26 12:13:13,107] Trial 386 finished with value: 0.96 and parameters: {'n_estimators': 6, 'max_depth': 15, 'min_samples_split': 10}. Best is trial 6 with value: 0.9733333333333333.
[I 2024-09-26 12:13:13,201] Trial 387 finished with value: 0.9666666666666667 and parameters: {'n_estimators': 47, 'max_depth': 19, 'min_samples_split': 5}. Best is trial 6 with value: 0.9733333333333333.
[I 2024-09-26 12:13:13,282] Trial 388 finished with value: 0.9666666666666667 and parameters: {'n_estimators': 40, 'max_depth': 26, 'min_samples_split': 8}. Best is trial 6 with value: 0.9733333333333333.
[I 2024-09-26 12:13:13,342] Trial 389 finished with value: 0.9666666666666667 and parameters: {'n_estimators': 15, 'max_depth': 13, 'min_samples_split': 9}. Best is trial 6 with value: 0.9733333333333333.
[I 2024-09-26 12:13:13,402] Trial 390 finished with value: 0.96 and parameters: {'n_estimators': 18, 'max_depth': 11, 'min_samples_split': 8}. Best is trial 6 with value: 0.9733333333333333.
[I 2024-09-26 12:13:13,453] Trial 391 finished with value: 0.9666666666666667 and parameters: {'n_estimators': 11, 'max_depth': 5, 'min_samples_split': 6}. Best is trial 6 with value: 0.9733333333333333.
[I 2024-09-26 12:13:13,552] Trial 392 finished with value: 0.9533333333333333 and parameters: {'n_estimators': 51, 'max_depth': 23, 'min_samples_split': 9}. Best is trial 6 with value: 0.9733333333333333.
[I 2024-09-26 12:13:13,666] Trial 393 finished with value: 0.96 and parameters: {'n_estimators': 55, 'max_depth': 17, 'min_samples_split': 8}. Best is trial 6 with value: 0.9733333333333333.
[I 2024-09-26 12:13:13,749] Trial 394 finished with value: 0.9666666666666667 and parameters: {'n_estimators': 43, 'max_depth': 8, 'min_samples_split': 8}. Best is trial 6 with value: 0.9733333333333333.
[I 2024-09-26 12:13:13,790] Trial 395 finished with value: 0.9333333333333332 and parameters: {'n_estimators': 4, 'max_depth': 6, 'min_samples_split': 9}. Best is trial 6 with value: 0.9733333333333333.
[I 2024-09-26 12:13:13,895] Trial 396 finished with value: 0.96 and parameters: {'n_estimators': 49, 'max_depth': 14, 'min_samples_split': 10}. Best is trial 6 with value: 0.9733333333333333.
[I 2024-09-26 12:13:14,044] Trial 397 finished with value: 0.96 and parameters: {'n_estimators': 94, 'max_depth': 31, 'min_samples_split': 5}. Best is trial 6 with value: 0.9733333333333333.
[I 2024-09-26 12:13:14,160] Trial 398 finished with value: 0.9666666666666667 and parameters: {'n_estimators': 53, 'max_depth': 12, 'min_samples_split': 6}. Best is trial 6 with value: 0.9733333333333333.
[I 2024-09-26 12:13:14,255] Trial 399 finished with value: 0.9666666666666667 and parameters: {'n_estimators': 37, 'max_depth': 9, 'min_samples_split': 9}. Best is trial 6 with value: 0.9733333333333333.
[I 2024-09-26 12:13:14,371] Trial 400 finished with value: 0.9733333333333333 and parameters: {'n_estimators': 71, 'max_depth': 18, 'min_samples_split': 8}. Best is trial 6 with value: 0.9733333333333333.
[I 2024-09-26 12:13:14,500] Trial 401 finished with value: 0.9666666666666667 and parameters: {'n_estimators': 72, 'max_depth': 18, 'min_samples_split': 8}. Best is trial 6 with value: 0.9733333333333333.
[I 2024-09-26 12:13:14,561] Trial 402 finished with value: 0.96 and parameters: {'n_estimators': 8, 'max_depth': 18, 'min_samples_split': 8}. Best is trial 6 with value: 0.9733333333333333.
[I 2024-09-26 12:13:14,685] Trial 403 finished with value: 0.9666666666666667 and parameters: {'n_estimators': 76, 'max_depth': 20, 'min_samples_split': 6}. Best is trial 6 with value: 0.9733333333333333.
[I 2024-09-26 12:13:14,813] Trial 404 finished with value: 0.96 and parameters: {'n_estimators': 75, 'max_depth': 18, 'min_samples_split': 6}. Best is trial 6 with value: 0.9733333333333333.
[I 2024-09-26 12:13:14,946] Trial 405 finished with value: 0.9666666666666667 and parameters: {'n_estimators': 71, 'max_depth': 19, 'min_samples_split': 8}. Best is trial 6 with value: 0.9733333333333333.
[I 2024-09-26 12:13:15,063] Trial 406 finished with value: 0.96 and parameters: {'n_estimators': 68, 'max_depth': 19, 'min_samples_split': 8}. Best is trial 6 with value: 0.9733333333333333.
[I 2024-09-26 12:13:15,158] Trial 407 finished with value: 0.9666666666666667 and parameters: {'n_estimators': 48, 'max_depth': 17, 'min_samples_split': 11}. Best is trial 6 with value: 0.9733333333333333.
[I 2024-09-26 12:13:15,274] Trial 408 finished with value: 0.96 and parameters: {'n_estimators': 74, 'max_depth': 16, 'min_samples_split': 8}. Best is trial 6 with value: 0.9733333333333333.
[I 2024-09-26 12:13:15,338] Trial 409 finished with value: 0.9533333333333333 and parameters: {'n_estimators': 20, 'max_depth': 7, 'min_samples_split': 8}. Best is trial 6 with value: 0.9733333333333333.
[I 2024-09-26 12:13:15,478] Trial 410 finished with value: 0.9533333333333333 and parameters: {'n_estimators': 77, 'max_depth': 6, 'min_samples_split': 6}. Best is trial 6 with value: 0.9733333333333333.
[I 2024-09-26 12:13:15,738] Trial 411 finished with value: 0.9666666666666667 and parameters: {'n_estimators': 70, 'max_depth': 64, 'min_samples_split': 9}. Best is trial 6 with value: 0.9733333333333333.
[I 2024-09-26 12:13:15,903] Trial 412 finished with value: 0.9666666666666667 and parameters: {'n_estimators': 46, 'max_depth': 21, 'min_samples_split': 7}. Best is trial 6 with value: 0.9733333333333333.
[I 2024-09-26 12:13:15,969] Trial 413 finished with value: 0.9666666666666667 and parameters: {'n_estimators': 5, 'max_depth': 5, 'min_samples_split': 8}. Best is trial 6 with value: 0.9733333333333333.
[I 2024-09-26 12:13:16,066] Trial 414 finished with value: 0.9533333333333333 and parameters: {'n_estimators': 16, 'max_depth': 17, 'min_samples_split': 7}. Best is trial 6 with value: 0.9733333333333333.
[I 2024-09-26 12:13:16,133] Trial 415 finished with value: 0.96 and parameters: {'n_estimators': 14, 'max_depth': 4, 'min_samples_split': 8}. Best is trial 6 with value: 0.9733333333333333.
[I 2024-09-26 12:13:16,227] Trial 416 finished with value: 0.9533333333333333 and parameters: {'n_estimators': 44, 'max_depth': 22, 'min_samples_split': 9}. Best is trial 6 with value: 0.9733333333333333.
[I 2024-09-26 12:13:16,276] Trial 417 finished with value: 0.96 and parameters: {'n_estimators': 12, 'max_depth': 20, 'min_samples_split': 6}. Best is trial 6 with value: 0.9733333333333333.
[I 2024-09-26 12:13:16,368] Trial 418 finished with value: 0.9666666666666667 and parameters: {'n_estimators': 51, 'max_depth': 16, 'min_samples_split': 10}. Best is trial 6 with value: 0.9733333333333333.
[I 2024-09-26 12:13:16,473] Trial 419 finished with value: 0.9666666666666667 and parameters: {'n_estimators': 48, 'max_depth': 25, 'min_samples_split': 8}. Best is trial 6 with value: 0.9733333333333333.
[I 2024-09-26 12:13:16,535] Trial 420 finished with value: 0.9533333333333333 and parameters: {'n_estimators': 23, 'max_depth': 18, 'min_samples_split': 6}. Best is trial 6 with value: 0.9733333333333333.
[I 2024-09-26 12:13:16,611] Trial 421 finished with value: 0.9533333333333333 and parameters: {'n_estimators': 27, 'max_depth': 5, 'min_samples_split': 7}. Best is trial 6 with value: 0.9733333333333333.
[I 2024-09-26 12:13:16,660] Trial 422 finished with value: 0.9666666666666667 and parameters: {'n_estimators': 10, 'max_depth': 6, 'min_samples_split': 8}. Best is trial 6 with value: 0.9733333333333333.
[I 2024-09-26 12:13:16,787] Trial 423 finished with value: 0.9533333333333333 and parameters: {'n_estimators': 79, 'max_depth': 60, 'min_samples_split': 9}. Best is trial 6 with value: 0.9733333333333333.
[I 2024-09-26 12:13:16,871] Trial 424 finished with value: 0.9533333333333333 and parameters: {'n_estimators': 34, 'max_depth': 34, 'min_samples_split': 8}. Best is trial 6 with value: 0.9733333333333333.
[I 2024-09-26 12:13:16,966] Trial 425 finished with value: 0.96 and parameters: {'n_estimators': 45, 'max_depth': 19, 'min_samples_split': 7}. Best is trial 6 with value: 0.9733333333333333.
[I 2024-09-26 12:13:17,028] Trial 426 finished with value: 0.9533333333333333 and parameters: {'n_estimators': 7, 'max_depth': 57, 'min_samples_split': 13}. Best is trial 6 with value: 0.9733333333333333.
[I 2024-09-26 12:13:17,112] Trial 427 finished with value: 0.96 and parameters: {'n_estimators': 42, 'max_depth': 23, 'min_samples_split': 12}. Best is trial 6 with value: 0.9733333333333333.
[I 2024-09-26 12:13:17,211] Trial 428 finished with value: 0.9666666666666667 and parameters: {'n_estimators': 40, 'max_depth': 20, 'min_samples_split': 9}. Best is trial 6 with value: 0.9733333333333333.
[I 2024-09-26 12:13:17,305] Trial 429 finished with value: 0.9666666666666667 and parameters: {'n_estimators': 51, 'max_depth': 28, 'min_samples_split': 8}. Best is trial 6 with value: 0.9733333333333333.
[I 2024-09-26 12:13:17,366] Trial 430 finished with value: 0.96 and parameters: {'n_estimators': 18, 'max_depth': 8, 'min_samples_split': 6}. Best is trial 6 with value: 0.9733333333333333.
[I 2024-09-26 12:13:17,463] Trial 431 finished with value: 0.9666666666666667 and parameters: {'n_estimators': 47, 'max_depth': 17, 'min_samples_split': 7}. Best is trial 6 with value: 0.9733333333333333.
[I 2024-09-26 12:13:17,538] Trial 432 finished with value: 0.9666666666666667 and parameters: {'n_estimators': 21, 'max_depth': 30, 'min_samples_split': 9}. Best is trial 6 with value: 0.9733333333333333.
[I 2024-09-26 12:13:17,631] Trial 433 finished with value: 0.96 and parameters: {'n_estimators': 38, 'max_depth': 16, 'min_samples_split': 8}. Best is trial 6 with value: 0.9733333333333333.
[I 2024-09-26 12:13:17,669] Trial 434 finished with value: 0.9533333333333333 and parameters: {'n_estimators': 4, 'max_depth': 18, 'min_samples_split': 6}. Best is trial 6 with value: 0.9733333333333333.
[I 2024-09-26 12:13:17,762] Trial 435 finished with value: 0.9533333333333333 and parameters: {'n_estimators': 49, 'max_depth': 24, 'min_samples_split': 16}. Best is trial 6 with value: 0.9733333333333333.
