[I 2024-09-26 12:12:56,749] Trial 217 finished with value: 0.9666666666666667 and parameters: {'n_estimators': 54, 'max_depth': 27, 'min_samples_split': 7}. Best is trial 6 with value: 0.9733333333333333.
[I 2024-09-26 12:12:56,808] Trial 218 finished with value: 0.9666666666666667 and parameters: {'n_estimators': 16, 'max_depth': 35, 'min_samples_split': 8}. Best is trial 6 with value: 0.9733333333333333.
[I 2024-09-26 12:12:56,927] Trial 219 finished with value: 0.9533333333333333 and parameters: {'n_estimators': 49, 'max_depth': 24, 'min_samples_split': 2}. Best is trial 6 with value: 0.9733333333333333.
[I 2024-09-26 12:12:57,015] Trial 220 finished with value: 0.96 and parameters: {'n_estimators': 47, 'max_depth': 43, 'min_samples_split': 6}. Best is trial 6 with value: 0.9733333333333333.
[I 2024-09-26 12:12:57,116] Trial 221 finished with value: 0.9666666666666667 and parameters: {'n_estimators': 57, 'max_depth': 8, 'min_samples_split': 7}. Best is trial 6 with value: 0.9733333333333333.
[I 2024-09-26 12:12:57,239] Trial 222 finished with value: 0.9666666666666667 and parameters: {'n_estimators': 70, 'max_depth': 52, 'min_samples_split': 7}. Best is trial 6 with value: 0.9733333333333333.
[I 2024-09-26 12:12:57,339] Trial 223 finished with value: 0.96 and parameters: {'n_estimators': 60, 'max_depth': 56, 'min_samples_split': 7}. Best is trial 6 with value: 0.9733333333333333.
[I 2024-09-26 12:12:57,440] Trial 224 finished with value: 0.9533333333333333 and parameters: {'n_estimators': 61, 'max_depth': 45, 'min_samples_split': 8}. Best is trial 6 with value: 0.9733333333333333.
[I 2024-09-26 12:12:57,557] Trial 225 finished with value: 0.96 and parameters: {'n_estimators': 64, 'max_depth': 48, 'min_samples_split': 6}. Best is trial 6 with value: 0.9733333333333333.
[I 2024-09-26 12:12:57,669] Trial 226 finished with value: 0.9666666666666667 and parameters: {'n_estimators': 67, 'max_depth': 58, 'min_samples_split': 8}. Best is trial 6 with value: 0.9733333333333333.
[I 2024-09-26 12:12:57,750] Trial 227 finished with value: 0.96 and parameters: {'n_estimators': 39, 'max_depth': 5, 'min_samples_split': 13}. Best is trial 6 with value: 0.9733333333333333.
[I 2024-09-26 12:12:57,864] Trial 228 finished with value: 0.96 and parameters: {'n_estimators': 58, 'max_depth': 51, 'min_samples_split': 9}. Best is trial 6 with value: 0.9733333333333333.
[I 2024-09-26 12:12:57,975] Trial 229 finished with value: 0.96 and parameters: {'n_estimators': 51, 'max_depth': 17, 'min_samples_split': 7}. Best is trial 6 with value: 0.9733333333333333.
[I 2024-09-26 12:12:58,106] Trial 230 finished with value: 0.9533333333333333 and parameters: {'n_estimators': 73, 'max_depth': 40, 'min_samples_split': 12}. Best is trial 6 with value: 0.9733333333333333.
[I 2024-09-26 12:12:58,229] Trial 231 finished with value: 0.96 and parameters: {'n_estimators': 75, 'max_depth': 33, 'min_samples_split': 10}. Best is trial 6 with value: 0.9733333333333333.
[I 2024-09-26 12:12:58,382] Trial 232 finished with value: 0.9533333333333333 and parameters: {'n_estimators': 82, 'max_depth': 61, 'min_samples_split': 9}. Best is trial 6 with value: 0.9733333333333333.
[I 2024-09-26 12:12:58,506] Trial 233 finished with value: 0.9666666666666667 and parameters: {'n_estimators': 79, 'max_depth': 23, 'min_samples_split': 10}. Best is trial 6 with value: 0.9733333333333333.
[I 2024-09-26 12:12:58,583] Trial 234 finished with value: 0.9666666666666667 and parameters: {'n_estimators': 23, 'max_depth': 29, 'min_samples_split': 8}. Best is trial 6 with value: 0.9733333333333333.
[I 2024-09-26 12:12:58,729] Trial 235 finished with value: 0.9666666666666667 and parameters: {'n_estimators': 90, 'max_depth': 19, 'min_samples_split': 11}. Best is trial 6 with value: 0.9733333333333333.
[I 2024-09-26 12:12:58,807] Trial 236 finished with value: 0.9666666666666667 and parameters: {'n_estimators': 43, 'max_depth': 27, 'min_samples_split': 8}. Best is trial 6 with value: 0.9733333333333333.
[I 2024-09-26 12:12:58,863] Trial 237 finished with value: 0.9533333333333333 and parameters: {'n_estimators': 19, 'max_depth': 15, 'min_samples_split': 11}. Best is trial 6 with value: 0.9733333333333333.
[I 2024-09-26 12:12:58,997] Trial 238 finished with value: 0.9666666666666667 and parameters: {'n_estimators': 84, 'max_depth': 25, 'min_samples_split': 6}. Best is trial 6 with value: 0.9733333333333333.
[I 2024-09-26 12:12:59,099] Trial 239 finished with value: 0.9666666666666667 and parameters: {'n_estimators': 55, 'max_depth': 55, 'min_samples_split': 8}. Best is trial 6 with value: 0.9733333333333333.
[I 2024-09-26 12:12:59,158] Trial 240 finished with value: 0.96 and parameters: {'n_estimators': 11, 'max_depth': 30, 'min_samples_split': 7}. Best is trial 6 with value: 0.9733333333333333.
[I 2024-09-26 12:12:59,272] Trial 241 finished with value: 0.9666666666666667 and parameters: {'n_estimators': 48, 'max_depth': 7, 'min_samples_split': 5}. Best is trial 6 with value: 0.9733333333333333.
[I 2024-09-26 12:12:59,350] Trial 242 finished with value: 0.96 and parameters: {'n_estimators': 36, 'max_depth': 21, 'min_samples_split': 5}. Best is trial 6 with value: 0.9733333333333333.
[I 2024-09-26 12:12:59,429] Trial 243 finished with value: 0.9666666666666667 and parameters: {'n_estimators': 38, 'max_depth': 4, 'min_samples_split': 4}. Best is trial 6 with value: 0.9733333333333333.
[I 2024-09-26 12:12:59,628] Trial 244 finished with value: 0.9666666666666667 and parameters: {'n_estimators': 87, 'max_depth': 6, 'min_samples_split': 6}. Best is trial 6 with value: 0.9733333333333333.
[I 2024-09-26 12:12:59,765] Trial 245 finished with value: 0.9666666666666667 and parameters: {'n_estimators': 77, 'max_depth': 37, 'min_samples_split': 5}. Best is trial 6 with value: 0.9733333333333333.
[I 2024-09-26 12:12:59,880] Trial 246 finished with value: 0.96 and parameters: {'n_estimators': 52, 'max_depth': 9, 'min_samples_split': 12}. Best is trial 6 with value: 0.9733333333333333.
[I 2024-09-26 12:12:59,926] Trial 247 finished with value: 0.96 and parameters: {'n_estimators': 9, 'max_depth': 50, 'min_samples_split': 10}. Best is trial 6 with value: 0.9733333333333333.
[I 2024-09-26 12:12:59,983] Trial 248 finished with value: 0.9666666666666667 and parameters: {'n_estimators': 16, 'max_depth': 6, 'min_samples_split': 15}. Best is trial 6 with value: 0.9733333333333333.
[I 2024-09-26 12:13:00,086] Trial 249 finished with value: 0.9666666666666667 and parameters: {'n_estimators': 42, 'max_depth': 10, 'min_samples_split': 4}. Best is trial 6 with value: 0.9733333333333333.
[I 2024-09-26 12:13:00,160] Trial 250 finished with value: 0.96 and parameters: {'n_estimators': 28, 'max_depth': 5, 'min_samples_split': 9}. Best is trial 6 with value: 0.9733333333333333.
[I 2024-09-26 12:13:00,252] Trial 251 finished with value: 0.9666666666666667 and parameters: {'n_estimators': 41, 'max_depth': 13, 'min_samples_split': 7}. Best is trial 6 with value: 0.9733333333333333.
[I 2024-09-26 12:13:00,386] Trial 252 finished with value: 0.96 and parameters: {'n_estimators': 80, 'max_depth': 16, 'min_samples_split': 6}. Best is trial 6 with value: 0.9733333333333333.
[I 2024-09-26 12:13:00,486] Trial 253 finished with value: 0.9666666666666667 and parameters: {'n_estimators': 56, 'max_depth': 11, 'min_samples_split': 8}. Best is trial 6 with value: 0.9733333333333333.
[I 2024-09-26 12:13:00,582] Trial 254 finished with value: 0.96 and parameters: {'n_estimators': 34, 'max_depth': 58, 'min_samples_split': 7}. Best is trial 6 with value: 0.9733333333333333.
[I 2024-09-26 12:13:00,687] Trial 255 finished with value: 0.9666666666666667 and parameters: {'n_estimators': 46, 'max_depth': 8, 'min_samples_split': 5}. Best is trial 6 with value: 0.9733333333333333.
[I 2024-09-26 12:13:00,734] Trial 256 finished with value: 0.9533333333333333 and parameters: {'n_estimators': 6, 'max_depth': 20, 'min_samples_split': 9}. Best is trial 6 with value: 0.9733333333333333.
[I 2024-09-26 12:13:00,846] Trial 257 finished with value: 0.96 and parameters: {'n_estimators': 72, 'max_depth': 43, 'min_samples_split': 8}. Best is trial 6 with value: 0.9733333333333333.
[I 2024-09-26 12:13:00,946] Trial 258 finished with value: 0.9666666666666667 and parameters: {'n_estimators': 50, 'max_depth': 63, 'min_samples_split': 4}. Best is trial 6 with value: 0.9733333333333333.
[I 2024-09-26 12:13:00,991] Trial 259 finished with value: 0.9666666666666667 and parameters: {'n_estimators': 14, 'max_depth': 18, 'min_samples_split': 6}. Best is trial 6 with value: 0.9733333333333333.
[I 2024-09-26 12:13:01,134] Trial 260 finished with value: 0.9666666666666667 and parameters: {'n_estimators': 100, 'max_depth': 32, 'min_samples_split': 8}. Best is trial 6 with value: 0.9733333333333333.
[I 2024-09-26 12:13:01,203] Trial 261 finished with value: 0.9533333333333333 and parameters: {'n_estimators': 18, 'max_depth': 7, 'min_samples_split': 7}. Best is trial 6 with value: 0.9733333333333333.
[I 2024-09-26 12:13:01,301] Trial 262 finished with value: 0.9666666666666667 and parameters: {'n_estimators': 53, 'max_depth': 12, 'min_samples_split': 14}. Best is trial 6 with value: 0.9733333333333333.
[I 2024-09-26 12:13:01,392] Trial 263 finished with value: 0.9666666666666667 and parameters: {'n_estimators': 58, 'max_depth': 14, 'min_samples_split': 8}. Best is trial 6 with value: 0.9733333333333333.
[I 2024-09-26 12:13:01,473] Trial 264 finished with value: 0.9533333333333333 and parameters: {'n_estimators': 25, 'max_depth': 39, 'min_samples_split': 9}. Best is trial 6 with value: 0.9733333333333333.
[I 2024-09-26 12:13:01,628] Trial 265 finished with value: 0.96 and parameters: {'n_estimators': 39, 'max_depth': 27, 'min_samples_split': 7}. Best is trial 6 with value: 0.9733333333333333.
[I 2024-09-26 12:13:01,777] Trial 266 finished with value: 0.96 and parameters: {'n_estimators': 85, 'max_depth': 54, 'min_samples_split': 3}. Best is trial 6 with value: 0.9733333333333333.
[I 2024-09-26 12:13:01,881] Trial 267 finished with value: 0.9666666666666667 and parameters: {'n_estimators': 50, 'max_depth': 35, 'min_samples_split': 6}. Best is trial 6 with value: 0.9733333333333333.
[I 2024-09-26 12:13:02,050] Trial 268 finished with value: 0.96 and parameters: {'n_estimators': 94, 'max_depth': 47, 'min_samples_split': 8}. Best is trial 6 with value: 0.9733333333333333.
[I 2024-09-26 12:13:02,151] Trial 269 finished with value: 0.96 and parameters: {'n_estimators': 62, 'max_depth': 19, 'min_samples_split': 10}. Best is trial 6 with value: 0.9733333333333333.
[I 2024-09-26 12:13:02,298] Trial 270 finished with value: 0.9666666666666667 and parameters: {'n_estimators': 82, 'max_depth': 25, 'min_samples_split': 7}. Best is trial 6 with value: 0.9733333333333333.
[I 2024-09-26 12:13:02,434] Trial 271 finished with value: 0.9533333333333333 and parameters: {'n_estimators': 69, 'max_depth': 17, 'min_samples_split': 13}. Best is trial 6 with value: 0.9733333333333333.
[I 2024-09-26 12:13:02,540] Trial 272 finished with value: 0.9533333333333333 and parameters: {'n_estimators': 44, 'max_depth': 29, 'min_samples_split': 9}. Best is trial 6 with value: 0.9733333333333333.
[I 2024-09-26 12:13:02,622] Trial 273 finished with value: 0.96 and parameters: {'n_estimators': 20, 'max_depth': 22, 'min_samples_split': 8}. Best is trial 6 with value: 0.9733333333333333.
[I 2024-09-26 12:13:02,657] Trial 274 finished with value: 0.96 and parameters: {'n_estimators': 4, 'max_depth': 52, 'min_samples_split': 6}. Best is trial 6 with value: 0.9733333333333333.
[I 2024-09-26 12:13:02,747] Trial 275 finished with value: 0.9533333333333333 and parameters: {'n_estimators': 54, 'max_depth': 41, 'min_samples_split': 11}. Best is trial 6 with value: 0.9733333333333333.
[I 2024-09-26 12:13:02,828] Trial 276 finished with value: 0.9666666666666667 and parameters: {'n_estimators': 31, 'max_depth': 60, 'min_samples_split': 7}. Best is trial 6 with value: 0.9733333333333333.
[I 2024-09-26 12:13:02,952] Trial 277 finished with value: 0.9666666666666667 and parameters: {'n_estimators': 65, 'max_depth': 6, 'min_samples_split': 5}. Best is trial 6 with value: 0.9733333333333333.
[I 2024-09-26 12:13:03,043] Trial 278 finished with value: 0.9533333333333333 and parameters: {'n_estimators': 48, 'max_depth': 45, 'min_samples_split': 8}. Best is trial 6 with value: 0.9733333333333333.
[I 2024-09-26 12:13:03,123] Trial 279 finished with value: 0.9733333333333333 and parameters: {'n_estimators': 37, 'max_depth': 4, 'min_samples_split': 6}. Best is trial 6 with value: 0.9733333333333333.
[I 2024-09-26 12:13:03,215] Trial 280 finished with value: 0.96 and parameters: {'n_estimators': 37, 'max_depth': 33, 'min_samples_split': 6}. Best is trial 6 with value: 0.9733333333333333.
[I 2024-09-26 12:13:03,364] Trial 281 finished with value: 0.9666666666666667 and parameters: {'n_estimators': 87, 'max_depth': 21, 'min_samples_split': 6}. Best is trial 6 with value: 0.9733333333333333.
[I 2024-09-26 12:13:03,465] Trial 282 finished with value: 0.9533333333333333 and parameters: {'n_estimators': 60, 'max_depth': 37, 'min_samples_split': 7}. Best is trial 6 with value: 0.9733333333333333.
[I 2024-09-26 12:13:03,591] Trial 283 finished with value: 0.9533333333333333 and parameters: {'n_estimators': 78, 'max_depth': 24, 'min_samples_split': 9}. Best is trial 6 with value: 0.9733333333333333.
[I 2024-09-26 12:13:03,695] Trial 284 finished with value: 0.96 and parameters: {'n_estimators': 56, 'max_depth': 55, 'min_samples_split': 8}. Best is trial 6 with value: 0.9733333333333333.
[I 2024-09-26 12:13:03,759] Trial 285 finished with value: 0.9466666666666667 and parameters: {'n_estimators': 7, 'max_depth': 18, 'min_samples_split': 8}. Best is trial 6 with value: 0.9733333333333333.
[I 2024-09-26 12:13:03,815] Trial 286 finished with value: 0.96 and parameters: {'n_estimators': 22, 'max_depth': 58, 'min_samples_split': 7}. Best is trial 6 with value: 0.9733333333333333.
[I 2024-09-26 12:13:03,861] Trial 287 finished with value: 0.96 and parameters: {'n_estimators': 12, 'max_depth': 43, 'min_samples_split': 6}. Best is trial 6 with value: 0.9733333333333333.
[I 2024-09-26 12:13:03,950] Trial 288 finished with value: 0.9666666666666667 and parameters: {'n_estimators': 51, 'max_depth': 5, 'min_samples_split': 10}. Best is trial 6 with value: 0.9733333333333333.
[I 2024-09-26 12:13:04,041] Trial 289 finished with value: 0.96 and parameters: {'n_estimators': 45, 'max_depth': 4, 'min_samples_split': 9}. Best is trial 6 with value: 0.9733333333333333.
[I 2024-09-26 12:13:04,099] Trial 290 finished with value: 0.96 and parameters: {'n_estimators': 18, 'max_depth': 49, 'min_samples_split': 7}. Best is trial 6 with value: 0.9733333333333333.
[I 2024-09-26 12:13:04,244] Trial 291 finished with value: 0.9666666666666667 and parameters: {'n_estimators': 83, 'max_depth': 15, 'min_samples_split': 8}. Best is trial 6 with value: 0.9733333333333333.
[I 2024-09-26 12:13:04,369] Trial 292 finished with value: 0.9666666666666667 and parameters: {'n_estimators': 74, 'max_depth': 13, 'min_samples_split': 8}. Best is trial 6 with value: 0.9733333333333333.
[I 2024-09-26 12:13:04,482] Trial 293 finished with value: 0.96 and parameters: {'n_estimators': 52, 'max_depth': 39, 'min_samples_split': 6}. Best is trial 6 with value: 0.9733333333333333.
[I 2024-09-26 12:13:04,640] Trial 294 finished with value: 0.96 and parameters: {'n_estimators': 89, 'max_depth': 64, 'min_samples_split': 9}. Best is trial 6 with value: 0.9733333333333333.
[I 2024-09-26 12:13:04,774] Trial 295 finished with value: 0.9666666666666667 and parameters: {'n_estimators': 81, 'max_depth': 30, 'min_samples_split': 7}. Best is trial 6 with value: 0.9733333333333333.
[I 2024-09-26 12:13:04,842] Trial 296 finished with value: 0.96 and parameters: {'n_estimators': 33, 'max_depth': 17, 'min_samples_split': 7}. Best is trial 6 with value: 0.9733333333333333.
[I 2024-09-26 12:13:04,879] Trial 297 finished with value: 0.9199999999999999 and parameters: {'n_estimators': 2, 'max_depth': 11, 'min_samples_split': 6}. Best is trial 6 with value: 0.9733333333333333.
[I 2024-09-26 12:13:04,939] Trial 298 finished with value: 0.9733333333333333 and parameters: {'n_estimators': 10, 'max_depth': 5, 'min_samples_split': 8}. Best is trial 6 with value: 0.9733333333333333.
[I 2024-09-26 12:13:04,994] Trial 299 finished with value: 0.96 and parameters: {'n_estimators': 9, 'max_depth': 5, 'min_samples_split': 8}. Best is trial 6 with value: 0.9733333333333333.
[I 2024-09-26 12:13:05,052] Trial 300 finished with value: 0.9533333333333333 and parameters: {'n_estimators': 13, 'max_depth': 53, 'min_samples_split': 8}. Best is trial 6 with value: 0.9733333333333333.
[I 2024-09-26 12:13:05,097] Trial 301 finished with value: 0.96 and parameters: {'n_estimators': 10, 'max_depth': 6, 'min_samples_split': 8}. Best is trial 6 with value: 0.9733333333333333.
[I 2024-09-26 12:13:05,141] Trial 302 finished with value: 0.96 and parameters: {'n_estimators': 7, 'max_depth': 5, 'min_samples_split': 8}. Best is trial 6 with value: 0.9733333333333333.
[I 2024-09-26 12:13:05,229] Trial 303 finished with value: 0.9666666666666667 and parameters: {'n_estimators': 49, 'max_depth': 20, 'min_samples_split': 7}. Best is trial 6 with value: 0.9733333333333333.
[I 2024-09-26 12:13:05,275] Trial 304 finished with value: 0.96 and parameters: {'n_estimators': 15, 'max_depth': 46, 'min_samples_split': 8}. Best is trial 6 with value: 0.9733333333333333.
[I 2024-09-26 12:13:05,364] Trial 305 finished with value: 0.96 and parameters: {'n_estimators': 59, 'max_depth': 18, 'min_samples_split': 7}. Best is trial 6 with value: 0.9733333333333333.
[I 2024-09-26 12:13:05,399] Trial 306 finished with value: 0.94 and parameters: {'n_estimators': 5, 'max_depth': 12, 'min_samples_split': 6}. Best is trial 6 with value: 0.9733333333333333.
[I 2024-09-26 12:13:05,457] Trial 307 finished with value: 0.96 and parameters: {'n_estimators': 17, 'max_depth': 7, 'min_samples_split': 9}. Best is trial 6 with value: 0.9733333333333333.
[I 2024-09-26 12:13:05,507] Trial 308 finished with value: 0.96 and parameters: {'n_estimators': 8, 'max_depth': 4, 'min_samples_split': 8}. Best is trial 6 with value: 0.9733333333333333.
[I 2024-09-26 12:13:05,586] Trial 309 finished with value: 0.9666666666666667 and parameters: {'n_estimators': 47, 'max_depth': 16, 'min_samples_split': 7}. Best is trial 6 with value: 0.9733333333333333.
[I 2024-09-26 12:13:05,634] Trial 310 finished with value: 0.9666666666666667 and parameters: {'n_estimators': 11, 'max_depth': 19, 'min_samples_split': 6}. Best is trial 6 with value: 0.9733333333333333.
[I 2024-09-26 12:13:05,758] Trial 311 finished with value: 0.96 and parameters: {'n_estimators': 57, 'max_depth': 58, 'min_samples_split': 8}. Best is trial 6 with value: 0.9733333333333333.
[I 2024-09-26 12:13:05,869] Trial 312 finished with value: 0.9666666666666667 and parameters: {'n_estimators': 54, 'max_depth': 42, 'min_samples_split': 8}. Best is trial 6 with value: 0.9733333333333333.
[I 2024-09-26 12:13:05,948] Trial 313 finished with value: 0.9533333333333333 and parameters: {'n_estimators': 40, 'max_depth': 51, 'min_samples_split': 7}. Best is trial 6 with value: 0.9733333333333333.
[I 2024-09-26 12:13:06,007] Trial 314 finished with value: 0.96 and parameters: {'n_estimators': 20, 'max_depth': 9, 'min_samples_split': 9}. Best is trial 6 with value: 0.9733333333333333.
[I 2024-09-26 12:13:06,119] Trial 315 finished with value: 0.9466666666666667 and parameters: {'n_estimators': 63, 'max_depth': 10, 'min_samples_split': 16}. Best is trial 6 with value: 0.9733333333333333.
[I 2024-09-26 12:13:06,198] Trial 316 finished with value: 0.9666666666666667 and parameters: {'n_estimators': 36, 'max_depth': 56, 'min_samples_split': 8}. Best is trial 6 with value: 0.9733333333333333.
[I 2024-09-26 12:13:06,345] Trial 317 finished with value: 0.9533333333333333 and parameters: {'n_estimators': 92, 'max_depth': 5, 'min_samples_split': 6}. Best is trial 6 with value: 0.9733333333333333.
[I 2024-09-26 12:13:06,493] Trial 318 finished with value: 0.9533333333333333 and parameters: {'n_estimators': 85, 'max_depth': 6, 'min_samples_split': 7}. Best is trial 6 with value: 0.9733333333333333.
[I 2024-09-26 12:13:06,615] Trial 319 finished with value: 0.9666666666666667 and parameters: {'n_estimators': 53, 'max_depth': 62, 'min_samples_split': 9}. Best is trial 6 with value: 0.9733333333333333.
[I 2024-09-26 12:13:06,684] Trial 320 finished with value: 0.9666666666666667 and parameters: {'n_estimators': 29, 'max_depth': 44, 'min_samples_split': 8}. Best is trial 6 with value: 0.9733333333333333.
[I 2024-09-26 12:13:06,783] Trial 321 finished with value: 0.96 and parameters: {'n_estimators': 46, 'max_depth': 14, 'min_samples_split': 5}. Best is trial 6 with value: 0.9733333333333333.
[I 2024-09-26 12:13:06,842] Trial 322 finished with value: 0.9666666666666667 and parameters: {'n_estimators': 5, 'max_depth': 19, 'min_samples_split': 7}. Best is trial 6 with value: 0.9733333333333333.
[I 2024-09-26 12:13:06,933] Trial 323 finished with value: 0.9533333333333333 and parameters: {'n_estimators': 55, 'max_depth': 37, 'min_samples_split': 8}. Best is trial 6 with value: 0.9733333333333333.
[I 2024-09-26 12:13:07,036] Trial 324 finished with value: 0.9533333333333333 and parameters: {'n_estimators': 50, 'max_depth': 35, 'min_samples_split': 6}. Best is trial 6 with value: 0.9733333333333333.
[I 2024-09-26 12:13:07,094] Trial 325 finished with value: 0.94 and parameters: {'n_estimators': 16, 'max_depth': 47, 'min_samples_split': 9}. Best is trial 6 with value: 0.9733333333333333.
[I 2024-09-26 12:13:07,174] Trial 326 finished with value: 0.9533333333333333 and parameters: {'n_estimators': 43, 'max_depth': 39, 'min_samples_split': 7}. Best is trial 6 with value: 0.9733333333333333.
