[I 2024-09-26 12:13:58,596] Trial 873 finished with value: 0.9533333333333333 and parameters: {'n_estimators': 24, 'max_depth': 64, 'min_samples_split': 8}. Best is trial 6 with value: 0.9733333333333333.
[I 2024-09-26 12:13:58,745] Trial 874 finished with value: 0.9666666666666667 and parameters: {'n_estimators': 85, 'max_depth': 28, 'min_samples_split': 10}. Best is trial 6 with value: 0.9733333333333333.
[I 2024-09-26 12:13:58,820] Trial 875 finished with value: 0.9533333333333333 and parameters: {'n_estimators': 7, 'max_depth': 20, 'min_samples_split': 7}. Best is trial 6 with value: 0.9733333333333333.
[I 2024-09-26 12:13:58,902] Trial 876 finished with value: 0.9666666666666667 and parameters: {'n_estimators': 41, 'max_depth': 17, 'min_samples_split': 11}. Best is trial 6 with value: 0.9733333333333333.
[I 2024-09-26 12:13:58,963] Trial 877 finished with value: 0.9466666666666667 and parameters: {'n_estimators': 10, 'max_depth': 56, 'min_samples_split': 2}. Best is trial 6 with value: 0.9733333333333333.
[I 2024-09-26 12:13:59,147] Trial 878 finished with value: 0.96 and parameters: {'n_estimators': 88, 'max_depth': 46, 'min_samples_split': 6}. Best is trial 6 with value: 0.9733333333333333.
[I 2024-09-26 12:13:59,212] Trial 879 finished with value: 0.9466666666666667 and parameters: {'n_estimators': 14, 'max_depth': 18, 'min_samples_split': 8}. Best is trial 6 with value: 0.9733333333333333.
[I 2024-09-26 12:13:59,339] Trial 880 finished with value: 0.96 and parameters: {'n_estimators': 68, 'max_depth': 15, 'min_samples_split': 9}. Best is trial 6 with value: 0.9733333333333333.
[I 2024-09-26 12:13:59,469] Trial 881 finished with value: 0.9533333333333333 and parameters: {'n_estimators': 59, 'max_depth': 53, 'min_samples_split': 8}. Best is trial 6 with value: 0.9733333333333333.
[I 2024-09-26 12:13:59,544] Trial 882 finished with value: 0.96 and parameters: {'n_estimators': 17, 'max_depth': 16, 'min_samples_split': 7}. Best is trial 6 with value: 0.9733333333333333.
[I 2024-09-26 12:13:59,618] Trial 883 finished with value: 0.9666666666666667 and parameters: {'n_estimators': 22, 'max_depth': 36, 'min_samples_split': 7}. Best is trial 6 with value: 0.9733333333333333.
[I 2024-09-26 12:13:59,736] Trial 884 finished with value: 0.9666666666666667 and parameters: {'n_estimators': 51, 'max_depth': 5, 'min_samples_split': 6}. Best is trial 6 with value: 0.9733333333333333.
[I 2024-09-26 12:13:59,837] Trial 885 finished with value: 0.9533333333333333 and parameters: {'n_estimators': 28, 'max_depth': 8, 'min_samples_split': 5}. Best is trial 6 with value: 0.9733333333333333.
[I 2024-09-26 12:13:59,966] Trial 886 finished with value: 0.9533333333333333 and parameters: {'n_estimators': 47, 'max_depth': 12, 'min_samples_split': 8}. Best is trial 6 with value: 0.9733333333333333.
[I 2024-09-26 12:14:00,091] Trial 887 finished with value: 0.9666666666666667 and parameters: {'n_estimators': 38, 'max_depth': 21, 'min_samples_split': 8}. Best is trial 6 with value: 0.9733333333333333.
[I 2024-09-26 12:14:00,215] Trial 888 finished with value: 0.96 and parameters: {'n_estimators': 44, 'max_depth': 20, 'min_samples_split': 8}. Best is trial 6 with value: 0.9733333333333333.
[I 2024-09-26 12:14:00,270] Trial 889 finished with value: 0.9533333333333333 and parameters: {'n_estimators': 4, 'max_depth': 4, 'min_samples_split': 9}. Best is trial 6 with value: 0.9733333333333333.
[I 2024-09-26 12:14:00,335] Trial 890 finished with value: 0.94 and parameters: {'n_estimators': 6, 'max_depth': 18, 'min_samples_split': 10}. Best is trial 6 with value: 0.9733333333333333.
[I 2024-09-26 12:14:00,396] Trial 891 finished with value: 0.9666666666666667 and parameters: {'n_estimators': 9, 'max_depth': 14, 'min_samples_split': 7}. Best is trial 6 with value: 0.9733333333333333.
[I 2024-09-26 12:14:00,471] Trial 892 finished with value: 0.9666666666666667 and parameters: {'n_estimators': 18, 'max_depth': 17, 'min_samples_split': 7}. Best is trial 6 with value: 0.9733333333333333.
[I 2024-09-26 12:14:00,544] Trial 893 finished with value: 0.9666666666666667 and parameters: {'n_estimators': 21, 'max_depth': 40, 'min_samples_split': 8}. Best is trial 6 with value: 0.9733333333333333.
[I 2024-09-26 12:14:00,596] Trial 894 finished with value: 0.9199999999999999 and parameters: {'n_estimators': 2, 'max_depth': 49, 'min_samples_split': 6}. Best is trial 6 with value: 0.9733333333333333.
[I 2024-09-26 12:14:00,701] Trial 895 finished with value: 0.96 and parameters: {'n_estimators': 49, 'max_depth': 59, 'min_samples_split': 10}. Best is trial 6 with value: 0.9733333333333333.
[I 2024-09-26 12:14:00,808] Trial 896 finished with value: 0.96 and parameters: {'n_estimators': 46, 'max_depth': 16, 'min_samples_split': 9}. Best is trial 6 with value: 0.9733333333333333.
[I 2024-09-26 12:14:00,872] Trial 897 finished with value: 0.9533333333333333 and parameters: {'n_estimators': 15, 'max_depth': 19, 'min_samples_split': 8}. Best is trial 6 with value: 0.9733333333333333.
[I 2024-09-26 12:14:00,937] Trial 898 finished with value: 0.96 and parameters: {'n_estimators': 12, 'max_depth': 23, 'min_samples_split': 7}. Best is trial 6 with value: 0.9733333333333333.
[I 2024-09-26 12:14:01,023] Trial 899 finished with value: 0.9733333333333333 and parameters: {'n_estimators': 36, 'max_depth': 54, 'min_samples_split': 7}. Best is trial 6 with value: 0.9733333333333333.
[I 2024-09-26 12:14:01,141] Trial 900 finished with value: 0.9666666666666667 and parameters: {'n_estimators': 53, 'max_depth': 34, 'min_samples_split': 8}. Best is trial 6 with value: 0.9733333333333333.
[I 2024-09-26 12:14:01,283] Trial 901 finished with value: 0.9666666666666667 and parameters: {'n_estimators': 81, 'max_depth': 11, 'min_samples_split': 8}. Best is trial 6 with value: 0.9733333333333333.
[I 2024-09-26 12:14:01,381] Trial 902 finished with value: 0.9666666666666667 and parameters: {'n_estimators': 41, 'max_depth': 18, 'min_samples_split': 9}. Best is trial 6 with value: 0.9733333333333333.
[I 2024-09-26 12:14:01,467] Trial 903 finished with value: 0.9533333333333333 and parameters: {'n_estimators': 24, 'max_depth': 37, 'min_samples_split': 6}. Best is trial 6 with value: 0.9733333333333333.
[I 2024-09-26 12:14:01,617] Trial 904 finished with value: 0.96 and parameters: {'n_estimators': 19, 'max_depth': 15, 'min_samples_split': 3}. Best is trial 6 with value: 0.9733333333333333.
[I 2024-09-26 12:14:01,807] Trial 905 finished with value: 0.9533333333333333 and parameters: {'n_estimators': 78, 'max_depth': 58, 'min_samples_split': 8}. Best is trial 6 with value: 0.9733333333333333.
[I 2024-09-26 12:14:01,964] Trial 906 finished with value: 0.9666666666666667 and parameters: {'n_estimators': 49, 'max_depth': 19, 'min_samples_split': 7}. Best is trial 6 with value: 0.9733333333333333.
[I 2024-09-26 12:14:02,028] Trial 907 finished with value: 0.96 and parameters: {'n_estimators': 8, 'max_depth': 17, 'min_samples_split': 9}. Best is trial 6 with value: 0.9733333333333333.
[I 2024-09-26 12:14:02,169] Trial 908 finished with value: 0.96 and parameters: {'n_estimators': 83, 'max_depth': 42, 'min_samples_split': 8}. Best is trial 6 with value: 0.9733333333333333.
[I 2024-09-26 12:14:02,279] Trial 909 finished with value: 0.96 and parameters: {'n_estimators': 47, 'max_depth': 22, 'min_samples_split': 7}. Best is trial 6 with value: 0.9733333333333333.
[I 2024-09-26 12:14:02,401] Trial 910 finished with value: 0.96 and parameters: {'n_estimators': 51, 'max_depth': 30, 'min_samples_split': 5}. Best is trial 6 with value: 0.9733333333333333.
[I 2024-09-26 12:14:02,546] Trial 911 finished with value: 0.9666666666666667 and parameters: {'n_estimators': 64, 'max_depth': 5, 'min_samples_split': 6}. Best is trial 6 with value: 0.9733333333333333.
[I 2024-09-26 12:14:02,659] Trial 912 finished with value: 0.96 and parameters: {'n_estimators': 43, 'max_depth': 13, 'min_samples_split': 8}. Best is trial 6 with value: 0.9733333333333333.
[I 2024-09-26 12:14:02,782] Trial 913 finished with value: 0.9666666666666667 and parameters: {'n_estimators': 56, 'max_depth': 50, 'min_samples_split': 8}. Best is trial 6 with value: 0.9733333333333333.
[I 2024-09-26 12:14:02,936] Trial 914 finished with value: 0.9533333333333333 and parameters: {'n_estimators': 85, 'max_depth': 45, 'min_samples_split': 7}. Best is trial 6 with value: 0.9733333333333333.
[I 2024-09-26 12:14:03,024] Trial 915 finished with value: 0.9733333333333333 and parameters: {'n_estimators': 32, 'max_depth': 14, 'min_samples_split': 9}. Best is trial 6 with value: 0.9733333333333333.
[I 2024-09-26 12:14:03,089] Trial 916 finished with value: 0.9533333333333333 and parameters: {'n_estimators': 16, 'max_depth': 7, 'min_samples_split': 7}. Best is trial 6 with value: 0.9733333333333333.
[I 2024-09-26 12:14:03,164] Trial 917 finished with value: 0.9666666666666667 and parameters: {'n_estimators': 21, 'max_depth': 20, 'min_samples_split': 6}. Best is trial 6 with value: 0.9733333333333333.
[I 2024-09-26 12:14:03,218] Trial 918 finished with value: 0.9666666666666667 and parameters: {'n_estimators': 6, 'max_depth': 6, 'min_samples_split': 8}. Best is trial 6 with value: 0.9733333333333333.
[I 2024-09-26 12:14:03,325] Trial 919 finished with value: 0.9666666666666667 and parameters: {'n_estimators': 45, 'max_depth': 10, 'min_samples_split': 8}. Best is trial 6 with value: 0.9733333333333333.
[I 2024-09-26 12:14:03,388] Trial 920 finished with value: 0.96 and parameters: {'n_estimators': 10, 'max_depth': 16, 'min_samples_split': 10}. Best is trial 6 with value: 0.9733333333333333.
[I 2024-09-26 12:14:03,462] Trial 921 finished with value: 0.9533333333333333 and parameters: {'n_estimators': 23, 'max_depth': 18, 'min_samples_split': 7}. Best is trial 6 with value: 0.9733333333333333.
[I 2024-09-26 12:14:03,516] Trial 922 finished with value: 0.9466666666666667 and parameters: {'n_estimators': 4, 'max_depth': 61, 'min_samples_split': 9}. Best is trial 6 with value: 0.9733333333333333.
[I 2024-09-26 12:14:03,697] Trial 923 finished with value: 0.9533333333333333 and parameters: {'n_estimators': 96, 'max_depth': 21, 'min_samples_split': 8}. Best is trial 6 with value: 0.9733333333333333.
[I 2024-09-26 12:14:03,768] Trial 924 finished with value: 0.96 and parameters: {'n_estimators': 14, 'max_depth': 54, 'min_samples_split': 9}. Best is trial 6 with value: 0.9733333333333333.
[I 2024-09-26 12:14:03,908] Trial 925 finished with value: 0.9533333333333333 and parameters: {'n_estimators': 90, 'max_depth': 8, 'min_samples_split': 8}. Best is trial 6 with value: 0.9733333333333333.
[I 2024-09-26 12:14:03,986] Trial 926 finished with value: 0.9466666666666667 and parameters: {'n_estimators': 18, 'max_depth': 38, 'min_samples_split': 7}. Best is trial 6 with value: 0.9733333333333333.
[I 2024-09-26 12:14:04,075] Trial 927 finished with value: 0.96 and parameters: {'n_estimators': 20, 'max_depth': 17, 'min_samples_split': 11}. Best is trial 6 with value: 0.9733333333333333.
[I 2024-09-26 12:14:04,159] Trial 928 finished with value: 0.96 and parameters: {'n_estimators': 26, 'max_depth': 19, 'min_samples_split': 6}. Best is trial 6 with value: 0.9733333333333333.
[I 2024-09-26 12:14:04,265] Trial 929 finished with value: 0.9533333333333333 and parameters: {'n_estimators': 50, 'max_depth': 57, 'min_samples_split': 5}. Best is trial 6 with value: 0.9733333333333333.
[I 2024-09-26 12:14:04,373] Trial 930 finished with value: 0.9666666666666667 and parameters: {'n_estimators': 48, 'max_depth': 15, 'min_samples_split': 8}. Best is trial 6 with value: 0.9733333333333333.
[I 2024-09-26 12:14:04,482] Trial 931 finished with value: 0.9666666666666667 and parameters: {'n_estimators': 44, 'max_depth': 25, 'min_samples_split': 10}. Best is trial 6 with value: 0.9733333333333333.
[I 2024-09-26 12:14:04,555] Trial 932 finished with value: 0.96 and parameters: {'n_estimators': 8, 'max_depth': 17, 'min_samples_split': 8}. Best is trial 6 with value: 0.9733333333333333.
[I 2024-09-26 12:14:04,654] Trial 933 finished with value: 0.96 and parameters: {'n_estimators': 40, 'max_depth': 14, 'min_samples_split': 6}. Best is trial 6 with value: 0.9733333333333333.
[I 2024-09-26 12:14:04,771] Trial 934 finished with value: 0.96 and parameters: {'n_estimators': 52, 'max_depth': 12, 'min_samples_split': 7}. Best is trial 6 with value: 0.9733333333333333.
[I 2024-09-26 12:14:04,847] Trial 935 finished with value: 0.96 and parameters: {'n_estimators': 11, 'max_depth': 22, 'min_samples_split': 9}. Best is trial 6 with value: 0.9733333333333333.
[I 2024-09-26 12:14:04,957] Trial 936 finished with value: 0.96 and parameters: {'n_estimators': 46, 'max_depth': 18, 'min_samples_split': 8}. Best is trial 6 with value: 0.9733333333333333.
[I 2024-09-26 12:14:05,096] Trial 937 finished with value: 0.9533333333333333 and parameters: {'n_estimators': 75, 'max_depth': 4, 'min_samples_split': 9}. Best is trial 6 with value: 0.9733333333333333.
[I 2024-09-26 12:14:05,175] Trial 938 finished with value: 0.9466666666666667 and parameters: {'n_estimators': 16, 'max_depth': 51, 'min_samples_split': 7}. Best is trial 6 with value: 0.9733333333333333.
[I 2024-09-26 12:14:05,234] Trial 939 finished with value: 0.9466666666666667 and parameters: {'n_estimators': 2, 'max_depth': 47, 'min_samples_split': 8}. Best is trial 6 with value: 0.9733333333333333.
[I 2024-09-26 12:14:05,290] Trial 940 finished with value: 0.96 and parameters: {'n_estimators': 6, 'max_depth': 28, 'min_samples_split': 6}. Best is trial 6 with value: 0.9733333333333333.
[I 2024-09-26 12:14:05,456] Trial 941 finished with value: 0.9666666666666667 and parameters: {'n_estimators': 87, 'max_depth': 16, 'min_samples_split': 8}. Best is trial 6 with value: 0.9733333333333333.
[I 2024-09-26 12:14:05,597] Trial 942 finished with value: 0.9533333333333333 and parameters: {'n_estimators': 80, 'max_depth': 31, 'min_samples_split': 7}. Best is trial 6 with value: 0.9733333333333333.
[I 2024-09-26 12:14:05,686] Trial 943 finished with value: 0.9533333333333333 and parameters: {'n_estimators': 22, 'max_depth': 20, 'min_samples_split': 8}. Best is trial 6 with value: 0.9733333333333333.
[I 2024-09-26 12:14:05,795] Trial 944 finished with value: 0.9666666666666667 and parameters: {'n_estimators': 49, 'max_depth': 34, 'min_samples_split': 10}. Best is trial 6 with value: 0.9733333333333333.
[I 2024-09-26 12:14:05,861] Trial 945 finished with value: 0.9733333333333333 and parameters: {'n_estimators': 13, 'max_depth': 43, 'min_samples_split': 6}. Best is trial 6 with value: 0.9733333333333333.
[I 2024-09-26 12:14:05,983] Trial 946 finished with value: 0.9533333333333333 and parameters: {'n_estimators': 54, 'max_depth': 9, 'min_samples_split': 9}. Best is trial 6 with value: 0.9733333333333333.
[I 2024-09-26 12:14:06,059] Trial 947 finished with value: 0.9666666666666667 and parameters: {'n_estimators': 19, 'max_depth': 40, 'min_samples_split': 7}. Best is trial 6 with value: 0.9733333333333333.
[I 2024-09-26 12:14:06,166] Trial 948 finished with value: 0.9666666666666667 and parameters: {'n_estimators': 46, 'max_depth': 62, 'min_samples_split': 8}. Best is trial 6 with value: 0.9733333333333333.
[I 2024-09-26 12:14:06,318] Trial 949 finished with value: 0.96 and parameters: {'n_estimators': 83, 'max_depth': 23, 'min_samples_split': 8}. Best is trial 6 with value: 0.9733333333333333.
[I 2024-09-26 12:14:06,427] Trial 950 finished with value: 0.96 and parameters: {'n_estimators': 42, 'max_depth': 15, 'min_samples_split': 7}. Best is trial 6 with value: 0.9733333333333333.
[I 2024-09-26 12:14:06,503] Trial 951 finished with value: 0.9666666666666667 and parameters: {'n_estimators': 17, 'max_depth': 19, 'min_samples_split': 8}. Best is trial 6 with value: 0.9733333333333333.
[I 2024-09-26 12:14:06,579] Trial 952 finished with value: 0.96 and parameters: {'n_estimators': 25, 'max_depth': 18, 'min_samples_split': 11}. Best is trial 6 with value: 0.9733333333333333.
[I 2024-09-26 12:14:06,633] Trial 953 finished with value: 0.96 and parameters: {'n_estimators': 5, 'max_depth': 16, 'min_samples_split': 9}. Best is trial 6 with value: 0.9733333333333333.
[I 2024-09-26 12:14:06,744] Trial 954 finished with value: 0.9666666666666667 and parameters: {'n_estimators': 48, 'max_depth': 13, 'min_samples_split': 6}. Best is trial 6 with value: 0.9733333333333333.
[I 2024-09-26 12:14:06,840] Trial 955 finished with value: 0.96 and parameters: {'n_estimators': 38, 'max_depth': 55, 'min_samples_split': 7}. Best is trial 6 with value: 0.9733333333333333.
[I 2024-09-26 12:14:06,904] Trial 956 finished with value: 0.9466666666666667 and parameters: {'n_estimators': 9, 'max_depth': 17, 'min_samples_split': 8}. Best is trial 6 with value: 0.9733333333333333.
[I 2024-09-26 12:14:06,990] Trial 957 finished with value: 0.96 and parameters: {'n_estimators': 21, 'max_depth': 58, 'min_samples_split': 8}. Best is trial 6 with value: 0.9733333333333333.
[I 2024-09-26 12:14:07,071] Trial 958 finished with value: 0.9666666666666667 and parameters: {'n_estimators': 7, 'max_depth': 20, 'min_samples_split': 7}. Best is trial 6 with value: 0.9733333333333333.
[I 2024-09-26 12:14:07,165] Trial 959 finished with value: 0.9666666666666667 and parameters: {'n_estimators': 44, 'max_depth': 64, 'min_samples_split': 8}. Best is trial 6 with value: 0.9733333333333333.
[I 2024-09-26 12:14:07,249] Trial 960 finished with value: 0.9666666666666667 and parameters: {'n_estimators': 23, 'max_depth': 6, 'min_samples_split': 7}. Best is trial 6 with value: 0.9733333333333333.
[I 2024-09-26 12:14:07,401] Trial 961 finished with value: 0.9666666666666667 and parameters: {'n_estimators': 61, 'max_depth': 51, 'min_samples_split': 6}. Best is trial 6 with value: 0.9733333333333333.
[I 2024-09-26 12:14:07,500] Trial 962 finished with value: 0.9533333333333333 and parameters: {'n_estimators': 28, 'max_depth': 19, 'min_samples_split': 9}. Best is trial 6 with value: 0.9733333333333333.
[I 2024-09-26 12:14:07,604] Trial 963 finished with value: 0.9733333333333333 and parameters: {'n_estimators': 35, 'max_depth': 46, 'min_samples_split': 8}. Best is trial 6 with value: 0.9733333333333333.
[I 2024-09-26 12:14:07,673] Trial 964 finished with value: 0.96 and parameters: {'n_estimators': 12, 'max_depth': 16, 'min_samples_split': 10}. Best is trial 6 with value: 0.9733333333333333.
[I 2024-09-26 12:14:07,793] Trial 965 finished with value: 0.96 and parameters: {'n_estimators': 51, 'max_depth': 17, 'min_samples_split': 9}. Best is trial 6 with value: 0.9733333333333333.
[I 2024-09-26 12:14:07,958] Trial 966 finished with value: 0.9666666666666667 and parameters: {'n_estimators': 85, 'max_depth': 7, 'min_samples_split': 7}. Best is trial 6 with value: 0.9733333333333333.
[I 2024-09-26 12:14:08,122] Trial 967 finished with value: 0.9666666666666667 and parameters: {'n_estimators': 93, 'max_depth': 5, 'min_samples_split': 5}. Best is trial 6 with value: 0.9733333333333333.
[I 2024-09-26 12:14:08,266] Trial 968 finished with value: 0.96 and parameters: {'n_estimators': 73, 'max_depth': 21, 'min_samples_split': 8}. Best is trial 6 with value: 0.9733333333333333.
[I 2024-09-26 12:14:08,333] Trial 969 finished with value: 0.96 and parameters: {'n_estimators': 15, 'max_depth': 36, 'min_samples_split': 6}. Best is trial 6 with value: 0.9733333333333333.
[I 2024-09-26 12:14:08,411] Trial 970 finished with value: 0.9733333333333333 and parameters: {'n_estimators': 19, 'max_depth': 18, 'min_samples_split': 8}. Best is trial 6 with value: 0.9733333333333333.
[I 2024-09-26 12:14:08,568] Trial 971 finished with value: 0.96 and parameters: {'n_estimators': 47, 'max_depth': 27, 'min_samples_split': 8}. Best is trial 6 with value: 0.9733333333333333.
[I 2024-09-26 12:14:08,675] Trial 972 finished with value: 0.9533333333333333 and parameters: {'n_estimators': 4, 'max_depth': 14, 'min_samples_split': 9}. Best is trial 6 with value: 0.9733333333333333.
[I 2024-09-26 12:14:08,859] Trial 973 finished with value: 0.9533333333333333 and parameters: {'n_estimators': 77, 'max_depth': 15, 'min_samples_split': 7}. Best is trial 6 with value: 0.9733333333333333.
[I 2024-09-26 12:14:08,996] Trial 974 finished with value: 0.9666666666666667 and parameters: {'n_estimators': 67, 'max_depth': 42, 'min_samples_split': 6}. Best is trial 6 with value: 0.9733333333333333.
[I 2024-09-26 12:14:09,105] Trial 975 finished with value: 0.9533333333333333 and parameters: {'n_estimators': 42, 'max_depth': 60, 'min_samples_split': 7}. Best is trial 6 with value: 0.9733333333333333.
[I 2024-09-26 12:14:09,183] Trial 976 finished with value: 0.96 and parameters: {'n_estimators': 17, 'max_depth': 38, 'min_samples_split': 10}. Best is trial 6 with value: 0.9733333333333333.
[I 2024-09-26 12:14:09,307] Trial 977 finished with value: 0.96 and parameters: {'n_estimators': 49, 'max_depth': 11, 'min_samples_split': 8}. Best is trial 6 with value: 0.9733333333333333.
[I 2024-09-26 12:14:09,386] Trial 978 finished with value: 0.9666666666666667 and parameters: {'n_estimators': 20, 'max_depth': 54, 'min_samples_split': 8}. Best is trial 6 with value: 0.9733333333333333.
[I 2024-09-26 12:14:09,494] Trial 979 finished with value: 0.9666666666666667 and parameters: {'n_estimators': 45, 'max_depth': 49, 'min_samples_split': 9}. Best is trial 6 with value: 0.9733333333333333.
[I 2024-09-26 12:14:09,559] Trial 980 finished with value: 0.9666666666666667 and parameters: {'n_estimators': 7, 'max_depth': 32, 'min_samples_split': 7}. Best is trial 6 with value: 0.9733333333333333.
[I 2024-09-26 12:14:09,639] Trial 981 finished with value: 0.9466666666666667 and parameters: {'n_estimators': 10, 'max_depth': 24, 'min_samples_split': 8}. Best is trial 6 with value: 0.9733333333333333.
