C:\Users\user\pythonProject\modelling_YOLOv8\venv\Scripts\python.exe C:\Users\user\pythonProject\education\optuna_example.py 
[I 2024-09-26 12:12:33,286] A new study created in memory with name: no-name-f898ec1c-4da2-40ee-bff0-c48a32da337f
[I 2024-09-26 12:12:34,808] Trial 0 finished with value: 0.96 and parameters: {'n_estimators': 83, 'max_depth': 44, 'min_samples_split': 6}. Best is trial 0 with value: 0.96.
[I 2024-09-26 12:12:35,559] Trial 1 finished with value: 0.96 and parameters: {'n_estimators': 6, 'max_depth': 8, 'min_samples_split': 9}. Best is trial 0 with value: 0.96.
[I 2024-09-26 12:12:36,321] Trial 2 finished with value: 0.9666666666666667 and parameters: {'n_estimators': 76, 'max_depth': 42, 'min_samples_split': 9}. Best is trial 2 with value: 0.9666666666666667.
[I 2024-09-26 12:12:36,425] Trial 3 finished with value: 0.9666666666666667 and parameters: {'n_estimators': 50, 'max_depth': 32, 'min_samples_split': 8}. Best is trial 2 with value: 0.9666666666666667.
[I 2024-09-26 12:12:36,451] Trial 4 finished with value: 0.96 and parameters: {'n_estimators': 6, 'max_depth': 26, 'min_samples_split': 15}. Best is trial 2 with value: 0.9666666666666667.
[I 2024-09-26 12:12:36,477] Trial 5 finished with value: 0.9466666666666667 and parameters: {'n_estimators': 8, 'max_depth': 16, 'min_samples_split': 11}. Best is trial 2 with value: 0.9666666666666667.
[I 2024-09-26 12:12:36,507] Trial 6 finished with value: 0.9733333333333333 and parameters: {'n_estimators': 6, 'max_depth': 5, 'min_samples_split': 8}. Best is trial 6 with value: 0.9733333333333333.
[I 2024-09-26 12:12:36,648] Trial 7 finished with value: 0.96 and parameters: {'n_estimators': 65, 'max_depth': 24, 'min_samples_split': 10}. Best is trial 6 with value: 0.9733333333333333.
[I 2024-09-26 12:12:36,787] Trial 8 finished with value: 0.9466666666666667 and parameters: {'n_estimators': 70, 'max_depth': 15, 'min_samples_split': 16}. Best is trial 6 with value: 0.9733333333333333.
[I 2024-09-26 12:12:36,929] Trial 9 finished with value: 0.96 and parameters: {'n_estimators': 78, 'max_depth': 5, 'min_samples_split': 15}. Best is trial 6 with value: 0.9733333333333333.
[I 2024-09-26 12:12:37,046] Trial 10 finished with value: 0.96 and parameters: {'n_estimators': 32, 'max_depth': 4, 'min_samples_split': 3}. Best is trial 6 with value: 0.9733333333333333.
[I 2024-09-26 12:12:37,240] Trial 11 finished with value: 0.9533333333333333 and parameters: {'n_estimators': 100, 'max_depth': 9, 'min_samples_split': 6}. Best is trial 6 with value: 0.9733333333333333.
[I 2024-09-26 12:12:37,297] Trial 12 finished with value: 0.9533333333333333 and parameters: {'n_estimators': 33, 'max_depth': 51, 'min_samples_split': 12}. Best is trial 6 with value: 0.9733333333333333.
[I 2024-09-26 12:12:37,376] Trial 13 finished with value: 0.9733333333333333 and parameters: {'n_estimators': 49, 'max_depth': 7, 'min_samples_split': 6}. Best is trial 6 with value: 0.9733333333333333.
[I 2024-09-26 12:12:37,436] Trial 14 finished with value: 0.9533333333333333 and parameters: {'n_estimators': 26, 'max_depth': 7, 'min_samples_split': 2}. Best is trial 6 with value: 0.9733333333333333.
[I 2024-09-26 12:12:37,527] Trial 15 finished with value: 0.9666666666666667 and parameters: {'n_estimators': 49, 'max_depth': 6, 'min_samples_split': 6}. Best is trial 6 with value: 0.9733333333333333.
[I 2024-09-26 12:12:37,578] Trial 16 finished with value: 0.96 and parameters: {'n_estimators': 20, 'max_depth': 11, 'min_samples_split': 5}. Best is trial 6 with value: 0.9733333333333333.
[I 2024-09-26 12:12:37,658] Trial 17 finished with value: 0.96 and parameters: {'n_estimators': 43, 'max_depth': 4, 'min_samples_split': 4}. Best is trial 6 with value: 0.9733333333333333.
[I 2024-09-26 12:12:37,704] Trial 18 finished with value: 0.9666666666666667 and parameters: {'n_estimators': 19, 'max_depth': 11, 'min_samples_split': 7}. Best is trial 6 with value: 0.9733333333333333.
[I 2024-09-26 12:12:37,817] Trial 19 finished with value: 0.9666666666666667 and parameters: {'n_estimators': 61, 'max_depth': 5, 'min_samples_split': 13}. Best is trial 6 with value: 0.9733333333333333.
[I 2024-09-26 12:12:37,875] Trial 20 finished with value: 0.9666666666666667 and parameters: {'n_estimators': 37, 'max_depth': 6, 'min_samples_split': 8}. Best is trial 6 with value: 0.9733333333333333.
[I 2024-09-26 12:12:38,041] Trial 21 finished with value: 0.9666666666666667 and parameters: {'n_estimators': 90, 'max_depth': 20, 'min_samples_split': 9}. Best is trial 6 with value: 0.9733333333333333.
[I 2024-09-26 12:12:38,158] Trial 22 finished with value: 0.9666666666666667 and parameters: {'n_estimators': 57, 'max_depth': 60, 'min_samples_split': 10}. Best is trial 6 with value: 0.9733333333333333.
[I 2024-09-26 12:12:38,294] Trial 23 finished with value: 0.9533333333333333 and parameters: {'n_estimators': 73, 'max_depth': 39, 'min_samples_split': 8}. Best is trial 6 with value: 0.9733333333333333.
[I 2024-09-26 12:12:38,473] Trial 24 finished with value: 0.9533333333333333 and parameters: {'n_estimators': 89, 'max_depth': 10, 'min_samples_split': 5}. Best is trial 6 with value: 0.9733333333333333.
[I 2024-09-26 12:12:38,678] Trial 25 finished with value: 0.9533333333333333 and parameters: {'n_estimators': 100, 'max_depth': 14, 'min_samples_split': 7}. Best is trial 6 with value: 0.9733333333333333.
[I 2024-09-26 12:12:38,726] Trial 26 finished with value: 0.9533333333333333 and parameters: {'n_estimators': 13, 'max_depth': 5, 'min_samples_split': 11}. Best is trial 6 with value: 0.9733333333333333.
[I 2024-09-26 12:12:38,820] Trial 27 finished with value: 0.96 and parameters: {'n_estimators': 42, 'max_depth': 7, 'min_samples_split': 13}. Best is trial 6 with value: 0.9733333333333333.
[I 2024-09-26 12:12:38,926] Trial 28 finished with value: 0.9666666666666667 and parameters: {'n_estimators': 56, 'max_depth': 13, 'min_samples_split': 4}. Best is trial 6 with value: 0.9733333333333333.
[I 2024-09-26 12:12:39,075] Trial 29 finished with value: 0.9666666666666667 and parameters: {'n_estimators': 83, 'max_depth': 41, 'min_samples_split': 7}. Best is trial 6 with value: 0.9733333333333333.
[I 2024-09-26 12:12:39,244] Trial 30 finished with value: 0.9533333333333333 and parameters: {'n_estimators': 92, 'max_depth': 19, 'min_samples_split': 10}. Best is trial 6 with value: 0.9733333333333333.
[I 2024-09-26 12:12:39,347] Trial 31 finished with value: 0.96 and parameters: {'n_estimators': 49, 'max_depth': 29, 'min_samples_split': 8}. Best is trial 6 with value: 0.9733333333333333.
[I 2024-09-26 12:12:39,450] Trial 32 finished with value: 0.96 and parameters: {'n_estimators': 68, 'max_depth': 33, 'min_samples_split': 9}. Best is trial 6 with value: 0.9733333333333333.
[I 2024-09-26 12:12:39,479] Trial 33 finished with value: 0.9533333333333333 and parameters: {'n_estimators': 2, 'max_depth': 64, 'min_samples_split': 8}. Best is trial 6 with value: 0.9733333333333333.
[I 2024-09-26 12:12:39,578] Trial 34 finished with value: 0.96 and parameters: {'n_estimators': 54, 'max_depth': 33, 'min_samples_split': 9}. Best is trial 6 with value: 0.9733333333333333.
[I 2024-09-26 12:12:39,661] Trial 35 finished with value: 0.9533333333333333 and parameters: {'n_estimators': 43, 'max_depth': 22, 'min_samples_split': 5}. Best is trial 6 with value: 0.9733333333333333.
[I 2024-09-26 12:12:39,767] Trial 36 finished with value: 0.9666666666666667 and parameters: {'n_estimators': 61, 'max_depth': 50, 'min_samples_split': 7}. Best is trial 6 with value: 0.9733333333333333.
[I 2024-09-26 12:12:39,922] Trial 37 finished with value: 0.9666666666666667 and parameters: {'n_estimators': 76, 'max_depth': 27, 'min_samples_split': 11}. Best is trial 6 with value: 0.9733333333333333.
[I 2024-09-26 12:12:39,997] Trial 38 finished with value: 0.96 and parameters: {'n_estimators': 29, 'max_depth': 8, 'min_samples_split': 10}. Best is trial 6 with value: 0.9733333333333333.
[I 2024-09-26 12:12:40,100] Trial 39 finished with value: 0.9733333333333333 and parameters: {'n_estimators': 82, 'max_depth': 35, 'min_samples_split': 6}. Best is trial 6 with value: 0.9733333333333333.
[I 2024-09-26 12:12:40,214] Trial 40 finished with value: 0.96 and parameters: {'n_estimators': 82, 'max_depth': 46, 'min_samples_split': 6}. Best is trial 6 with value: 0.9733333333333333.
[I 2024-09-26 12:12:40,339] Trial 41 finished with value: 0.96 and parameters: {'n_estimators': 64, 'max_depth': 38, 'min_samples_split': 7}. Best is trial 6 with value: 0.9733333333333333.
[I 2024-09-26 12:12:40,499] Trial 42 finished with value: 0.9533333333333333 and parameters: {'n_estimators': 82, 'max_depth': 31, 'min_samples_split': 6}. Best is trial 6 with value: 0.9733333333333333.
[I 2024-09-26 12:12:40,699] Trial 43 finished with value: 0.9533333333333333 and parameters: {'n_estimators': 73, 'max_depth': 55, 'min_samples_split': 4}. Best is trial 6 with value: 0.9733333333333333.
[I 2024-09-26 12:12:40,833] Trial 44 finished with value: 0.9733333333333333 and parameters: {'n_estimators': 48, 'max_depth': 18, 'min_samples_split': 8}. Best is trial 6 with value: 0.9733333333333333.
[I 2024-09-26 12:12:40,971] Trial 45 finished with value: 0.9533333333333333 and parameters: {'n_estimators': 94, 'max_depth': 17, 'min_samples_split': 9}. Best is trial 6 with value: 0.9733333333333333.
[I 2024-09-26 12:12:41,065] Trial 46 finished with value: 0.9666666666666667 and parameters: {'n_estimators': 38, 'max_depth': 4, 'min_samples_split': 5}. Best is trial 6 with value: 0.9733333333333333.
[I 2024-09-26 12:12:41,112] Trial 47 finished with value: 0.9733333333333333 and parameters: {'n_estimators': 21, 'max_depth': 24, 'min_samples_split': 6}. Best is trial 6 with value: 0.9733333333333333.
[I 2024-09-26 12:12:41,152] Trial 48 finished with value: 0.9466666666666667 and parameters: {'n_estimators': 12, 'max_depth': 23, 'min_samples_split': 2}. Best is trial 6 with value: 0.9733333333333333.
[I 2024-09-26 12:12:41,236] Trial 49 finished with value: 0.9533333333333333 and parameters: {'n_estimators': 20, 'max_depth': 18, 'min_samples_split': 3}. Best is trial 6 with value: 0.9733333333333333.
[I 2024-09-26 12:12:41,298] Trial 50 finished with value: 0.9533333333333333 and parameters: {'n_estimators': 24, 'max_depth': 12, 'min_samples_split': 6}. Best is trial 6 with value: 0.9733333333333333.
[I 2024-09-26 12:12:41,344] Trial 51 finished with value: 0.9466666666666667 and parameters: {'n_estimators': 9, 'max_depth': 25, 'min_samples_split': 7}. Best is trial 6 with value: 0.9733333333333333.
[I 2024-09-26 12:12:41,378] Trial 52 finished with value: 0.9333333333333332 and parameters: {'n_estimators': 2, 'max_depth': 36, 'min_samples_split': 6}. Best is trial 6 with value: 0.9733333333333333.
[I 2024-09-26 12:12:41,429] Trial 53 finished with value: 0.9666666666666667 and parameters: {'n_estimators': 15, 'max_depth': 15, 'min_samples_split': 8}. Best is trial 6 with value: 0.9733333333333333.
[I 2024-09-26 12:12:41,533] Trial 54 finished with value: 0.9666666666666667 and parameters: {'n_estimators': 47, 'max_depth': 21, 'min_samples_split': 5}. Best is trial 6 with value: 0.9733333333333333.
[I 2024-09-26 12:12:41,619] Trial 55 finished with value: 0.9666666666666667 and parameters: {'n_estimators': 35, 'max_depth': 6, 'min_samples_split': 9}. Best is trial 6 with value: 0.9733333333333333.
[I 2024-09-26 12:12:41,682] Trial 56 finished with value: 0.9666666666666667 and parameters: {'n_estimators': 29, 'max_depth': 44, 'min_samples_split': 8}. Best is trial 6 with value: 0.9733333333333333.
[I 2024-09-26 12:12:41,809] Trial 57 finished with value: 0.9666666666666667 and parameters: {'n_estimators': 86, 'max_depth': 5, 'min_samples_split': 7}. Best is trial 6 with value: 0.9733333333333333.
[I 2024-09-26 12:12:41,903] Trial 58 finished with value: 0.96 and parameters: {'n_estimators': 61, 'max_depth': 26, 'min_samples_split': 5}. Best is trial 6 with value: 0.9733333333333333.
[I 2024-09-26 12:12:42,073] Trial 59 finished with value: 0.9666666666666667 and parameters: {'n_estimators': 77, 'max_depth': 9, 'min_samples_split': 10}. Best is trial 6 with value: 0.9733333333333333.
[I 2024-09-26 12:12:42,156] Trial 60 finished with value: 0.9666666666666667 and parameters: {'n_estimators': 53, 'max_depth': 30, 'min_samples_split': 3}. Best is trial 6 with value: 0.9733333333333333.
[I 2024-09-26 12:12:42,228] Trial 61 finished with value: 0.9666666666666667 and parameters: {'n_estimators': 46, 'max_depth': 16, 'min_samples_split': 6}. Best is trial 6 with value: 0.9733333333333333.
[I 2024-09-26 12:12:42,299] Trial 62 finished with value: 0.96 and parameters: {'n_estimators': 39, 'max_depth': 36, 'min_samples_split': 8}. Best is trial 6 with value: 0.9733333333333333.
[I 2024-09-26 12:12:42,369] Trial 63 finished with value: 0.96 and parameters: {'n_estimators': 51, 'max_depth': 24, 'min_samples_split': 9}. Best is trial 6 with value: 0.9733333333333333.
[I 2024-09-26 12:12:42,551] Trial 64 finished with value: 0.9533333333333333 and parameters: {'n_estimators': 67, 'max_depth': 28, 'min_samples_split': 8}. Best is trial 6 with value: 0.9733333333333333.
[I 2024-09-26 12:12:42,590] Trial 65 finished with value: 0.9666666666666667 and parameters: {'n_estimators': 7, 'max_depth': 34, 'min_samples_split': 7}. Best is trial 6 with value: 0.9733333333333333.
[I 2024-09-26 12:12:42,725] Trial 66 finished with value: 0.9666666666666667 and parameters: {'n_estimators': 57, 'max_depth': 41, 'min_samples_split': 12}. Best is trial 6 with value: 0.9733333333333333.
[I 2024-09-26 12:12:42,833] Trial 67 finished with value: 0.9666666666666667 and parameters: {'n_estimators': 46, 'max_depth': 20, 'min_samples_split': 4}. Best is trial 6 with value: 0.9733333333333333.
[I 2024-09-26 12:12:42,882] Trial 68 finished with value: 0.9666666666666667 and parameters: {'n_estimators': 25, 'max_depth': 7, 'min_samples_split': 7}. Best is trial 6 with value: 0.9733333333333333.
[I 2024-09-26 12:12:43,030] Trial 69 finished with value: 0.96 and parameters: {'n_estimators': 95, 'max_depth': 50, 'min_samples_split': 10}. Best is trial 6 with value: 0.9733333333333333.
[I 2024-09-26 12:12:43,081] Trial 70 finished with value: 0.96 and parameters: {'n_estimators': 17, 'max_depth': 45, 'min_samples_split': 16}. Best is trial 6 with value: 0.9733333333333333.
[I 2024-09-26 12:12:43,181] Trial 71 finished with value: 0.9666666666666667 and parameters: {'n_estimators': 52, 'max_depth': 6, 'min_samples_split': 6}. Best is trial 6 with value: 0.9733333333333333.
[I 2024-09-26 12:12:43,241] Trial 72 finished with value: 0.96 and parameters: {'n_estimators': 40, 'max_depth': 8, 'min_samples_split': 6}. Best is trial 6 with value: 0.9733333333333333.
[I 2024-09-26 12:12:43,334] Trial 73 finished with value: 0.96 and parameters: {'n_estimators': 58, 'max_depth': 7, 'min_samples_split': 9}. Best is trial 6 with value: 0.9733333333333333.
[I 2024-09-26 12:12:43,406] Trial 74 finished with value: 0.9533333333333333 and parameters: {'n_estimators': 49, 'max_depth': 4, 'min_samples_split': 8}. Best is trial 6 with value: 0.9733333333333333.
[I 2024-09-26 12:12:43,532] Trial 75 finished with value: 0.96 and parameters: {'n_estimators': 86, 'max_depth': 6, 'min_samples_split': 5}. Best is trial 6 with value: 0.9733333333333333.
[I 2024-09-26 12:12:43,606] Trial 76 finished with value: 0.9666666666666667 and parameters: {'n_estimators': 42, 'max_depth': 32, 'min_samples_split': 11}. Best is trial 6 with value: 0.9733333333333333.
[I 2024-09-26 12:12:43,756] Trial 77 finished with value: 0.96 and parameters: {'n_estimators': 80, 'max_depth': 5, 'min_samples_split': 7}. Best is trial 6 with value: 0.9733333333333333.
[I 2024-09-26 12:12:43,825] Trial 78 finished with value: 0.96 and parameters: {'n_estimators': 32, 'max_depth': 10, 'min_samples_split': 6}. Best is trial 6 with value: 0.9733333333333333.
[I 2024-09-26 12:12:43,908] Trial 79 finished with value: 0.9666666666666667 and parameters: {'n_estimators': 55, 'max_depth': 18, 'min_samples_split': 8}. Best is trial 6 with value: 0.9733333333333333.
[I 2024-09-26 12:12:44,049] Trial 80 finished with value: 0.9666666666666667 and parameters: {'n_estimators': 72, 'max_depth': 13, 'min_samples_split': 15}. Best is trial 6 with value: 0.9733333333333333.
[I 2024-09-26 12:12:44,123] Trial 81 finished with value: 0.9533333333333333 and parameters: {'n_estimators': 22, 'max_depth': 8, 'min_samples_split': 7}. Best is trial 6 with value: 0.9733333333333333.
[I 2024-09-26 12:12:44,161] Trial 82 finished with value: 0.9466666666666667 and parameters: {'n_estimators': 10, 'max_depth': 9, 'min_samples_split': 7}. Best is trial 6 with value: 0.9733333333333333.
[I 2024-09-26 12:12:44,199] Trial 83 finished with value: 0.9733333333333333 and parameters: {'n_estimators': 17, 'max_depth': 11, 'min_samples_split': 8}. Best is trial 6 with value: 0.9733333333333333.
[I 2024-09-26 12:12:44,225] Trial 84 finished with value: 0.9666666666666667 and parameters: {'n_estimators': 5, 'max_depth': 28, 'min_samples_split': 9}. Best is trial 6 with value: 0.9733333333333333.
[I 2024-09-26 12:12:44,306] Trial 85 finished with value: 0.9533333333333333 and parameters: {'n_estimators': 49, 'max_depth': 39, 'min_samples_split': 9}. Best is trial 6 with value: 0.9733333333333333.
[I 2024-09-26 12:12:44,344] Trial 86 finished with value: 0.96 and parameters: {'n_estimators': 14, 'max_depth': 23, 'min_samples_split': 8}. Best is trial 6 with value: 0.9733333333333333.
[I 2024-09-26 12:12:44,407] Trial 87 finished with value: 0.96 and parameters: {'n_estimators': 28, 'max_depth': 14, 'min_samples_split': 6}. Best is trial 6 with value: 0.9733333333333333.
[I 2024-09-26 12:12:44,478] Trial 88 finished with value: 0.9533333333333333 and parameters: {'n_estimators': 44, 'max_depth': 10, 'min_samples_split': 5}. Best is trial 6 with value: 0.9733333333333333.
[I 2024-09-26 12:12:44,599] Trial 89 finished with value: 0.9533333333333333 and parameters: {'n_estimators': 59, 'max_depth': 11, 'min_samples_split': 4}. Best is trial 6 with value: 0.9733333333333333.
[I 2024-09-26 12:12:44,627] Trial 90 finished with value: 0.9533333333333333 and parameters: {'n_estimators': 4, 'max_depth': 48, 'min_samples_split': 10}. Best is trial 6 with value: 0.9733333333333333.
[I 2024-09-26 12:12:44,666] Trial 91 finished with value: 0.9733333333333333 and parameters: {'n_estimators': 18, 'max_depth': 55, 'min_samples_split': 8}. Best is trial 6 with value: 0.9733333333333333.
[I 2024-09-26 12:12:44,714] Trial 92 finished with value: 0.9533333333333333 and parameters: {'n_estimators': 17, 'max_depth': 6, 'min_samples_split': 8}. Best is trial 6 with value: 0.9733333333333333.
[I 2024-09-26 12:12:44,754] Trial 93 finished with value: 0.9533333333333333 and parameters: {'n_estimators': 11, 'max_depth': 53, 'min_samples_split': 8}. Best is trial 6 with value: 0.9733333333333333.
[I 2024-09-26 12:12:44,802] Trial 94 finished with value: 0.9666666666666667 and parameters: {'n_estimators': 22, 'max_depth': 5, 'min_samples_split': 9}. Best is trial 6 with value: 0.9733333333333333.
[I 2024-09-26 12:12:44,886] Trial 95 finished with value: 0.9533333333333333 and parameters: {'n_estimators': 34, 'max_depth': 59, 'min_samples_split': 7}. Best is trial 6 with value: 0.9733333333333333.
[I 2024-09-26 12:12:44,925] Trial 96 finished with value: 0.96 and parameters: {'n_estimators': 16, 'max_depth': 36, 'min_samples_split': 8}. Best is trial 6 with value: 0.9733333333333333.
[I 2024-09-26 12:12:45,017] Trial 97 finished with value: 0.9666666666666667 and parameters: {'n_estimators': 63, 'max_depth': 57, 'min_samples_split': 7}. Best is trial 6 with value: 0.9733333333333333.
[I 2024-09-26 12:12:45,065] Trial 98 finished with value: 0.9666666666666667 and parameters: {'n_estimators': 20, 'max_depth': 40, 'min_samples_split': 5}. Best is trial 6 with value: 0.9733333333333333.
[I 2024-09-26 12:12:45,102] Trial 99 finished with value: 0.96 and parameters: {'n_estimators': 8, 'max_depth': 30, 'min_samples_split': 6}. Best is trial 6 with value: 0.9733333333333333.
[I 2024-09-26 12:12:45,198] Trial 100 finished with value: 0.9666666666666667 and parameters: {'n_estimators': 50, 'max_depth': 21, 'min_samples_split': 10}. Best is trial 6 with value: 0.9733333333333333.
[I 2024-09-26 12:12:45,248] Trial 101 finished with value: 0.96 and parameters: {'n_estimators': 27, 'max_depth': 12, 'min_samples_split': 7}. Best is trial 6 with value: 0.9733333333333333.
[I 2024-09-26 12:12:45,285] Trial 102 finished with value: 0.9666666666666667 and parameters: {'n_estimators': 18, 'max_depth': 14, 'min_samples_split': 9}. Best is trial 6 with value: 0.9733333333333333.
[I 2024-09-26 12:12:45,356] Trial 103 finished with value: 0.9666666666666667 and parameters: {'n_estimators': 36, 'max_depth': 42, 'min_samples_split': 8}. Best is trial 6 with value: 0.9733333333333333.
[I 2024-09-26 12:12:45,393] Trial 104 finished with value: 0.9666666666666667 and parameters: {'n_estimators': 12, 'max_depth': 26, 'min_samples_split': 7}. Best is trial 6 with value: 0.9733333333333333.
[I 2024-09-26 12:12:45,452] Trial 105 finished with value: 0.9666666666666667 and parameters: {'n_estimators': 31, 'max_depth': 34, 'min_samples_split': 6}. Best is trial 6 with value: 0.9733333333333333.
[I 2024-09-26 12:12:45,503] Trial 106 finished with value: 0.9533333333333333 and parameters: {'n_estimators': 24, 'max_depth': 17, 'min_samples_split': 6}. Best is trial 6 with value: 0.9733333333333333.
[I 2024-09-26 12:12:45,558] Trial 107 finished with value: 0.9666666666666667 and parameters: {'n_estimators': 19, 'max_depth': 11, 'min_samples_split': 8}. Best is trial 6 with value: 0.9733333333333333.
