[I 2024-09-26 12:14:09,767] Trial 982 finished with value: 0.9666666666666667 and parameters: {'n_estimators': 81, 'max_depth': 18, 'min_samples_split': 6}. Best is trial 6 with value: 0.9733333333333333.
[I 2024-09-26 12:14:09,833] Trial 983 finished with value: 0.9533333333333333 and parameters: {'n_estimators': 13, 'max_depth': 19, 'min_samples_split': 8}. Best is trial 6 with value: 0.9733333333333333.
[I 2024-09-26 12:14:09,934] Trial 984 finished with value: 0.9733333333333333 and parameters: {'n_estimators': 40, 'max_depth': 16, 'min_samples_split': 7}. Best is trial 6 with value: 0.9733333333333333.
[I 2024-09-26 12:14:10,044] Trial 985 finished with value: 0.9666666666666667 and parameters: {'n_estimators': 52, 'max_depth': 57, 'min_samples_split': 8}. Best is trial 6 with value: 0.9733333333333333.
[I 2024-09-26 12:14:10,122] Trial 986 finished with value: 0.9533333333333333 and parameters: {'n_estimators': 23, 'max_depth': 20, 'min_samples_split': 5}. Best is trial 6 with value: 0.9733333333333333.
[I 2024-09-26 12:14:10,238] Trial 987 finished with value: 0.9533333333333333 and parameters: {'n_estimators': 47, 'max_depth': 29, 'min_samples_split': 9}. Best is trial 6 with value: 0.9733333333333333.
[I 2024-09-26 12:14:10,345] Trial 988 finished with value: 0.96 and parameters: {'n_estimators': 44, 'max_depth': 17, 'min_samples_split': 7}. Best is trial 6 with value: 0.9733333333333333.
[I 2024-09-26 12:14:10,531] Trial 989 finished with value: 0.9666666666666667 and parameters: {'n_estimators': 89, 'max_depth': 15, 'min_samples_split': 8}. Best is trial 6 with value: 0.9733333333333333.
[I 2024-09-26 12:14:10,609] Trial 990 finished with value: 0.9666666666666667 and parameters: {'n_estimators': 25, 'max_depth': 40, 'min_samples_split': 10}. Best is trial 6 with value: 0.9733333333333333.
[I 2024-09-26 12:14:10,671] Trial 991 finished with value: 0.9266666666666666 and parameters: {'n_estimators': 4, 'max_depth': 4, 'min_samples_split': 6}. Best is trial 6 with value: 0.9733333333333333.
[I 2024-09-26 12:14:10,795] Trial 992 finished with value: 0.9666666666666667 and parameters: {'n_estimators': 50, 'max_depth': 45, 'min_samples_split': 8}. Best is trial 6 with value: 0.9733333333333333.
[I 2024-09-26 12:14:10,883] Trial 993 finished with value: 0.9533333333333333 and parameters: {'n_estimators': 30, 'max_depth': 19, 'min_samples_split': 9}. Best is trial 6 with value: 0.9733333333333333.
[I 2024-09-26 12:14:10,975] Trial 994 finished with value: 0.9533333333333333 and parameters: {'n_estimators': 18, 'max_depth': 26, 'min_samples_split': 6}. Best is trial 6 with value: 0.9733333333333333.
[I 2024-09-26 12:14:11,139] Trial 995 finished with value: 0.9666666666666667 and parameters: {'n_estimators': 86, 'max_depth': 52, 'min_samples_split': 7}. Best is trial 6 with value: 0.9733333333333333.
[I 2024-09-26 12:14:11,259] Trial 996 finished with value: 0.9666666666666667 and parameters: {'n_estimators': 58, 'max_depth': 14, 'min_samples_split': 8}. Best is trial 6 with value: 0.9733333333333333.
[I 2024-09-26 12:14:11,324] Trial 997 finished with value: 0.9533333333333333 and parameters: {'n_estimators': 15, 'max_depth': 35, 'min_samples_split': 9}. Best is trial 6 with value: 0.9733333333333333.
[I 2024-09-26 12:14:11,390] Trial 998 finished with value: 0.9466666666666667 and parameters: {'n_estimators': 9, 'max_depth': 21, 'min_samples_split': 7}. Best is trial 6 with value: 0.9733333333333333.
[I 2024-09-26 12:14:11,508] Trial 999 finished with value: 0.9666666666666667 and parameters: {'n_estimators': 55, 'max_depth': 60, 'min_samples_split': 8}. Best is trial 6 with value: 0.9733333333333333.
Best trial: FrozenTrial(number=6, state=1, values=[0.9733333333333333], datetime_start=datetime.datetime(2024, 9, 26, 12, 12, 36, 477336), datetime_complete=datetime.datetime(2024, 9, 26, 12, 12, 36, 507256), params={'n_estimators': 6, 'max_depth': 5, 'min_samples_split': 8}, user_attrs={}, system_attrs={}, intermediate_values={}, distributions={'n_estimators': IntDistribution(high=100, log=False, low=2, step=1), 'max_depth': IntDistribution(high=64, log=True, low=4, step=1), 'min_samples_split': IntDistribution(high=16, log=False, low=2, step=1)}, trial_id=6, value=None)
Best parameters: {'n_estimators': 6, 'max_depth': 5, 'min_samples_split': 8}
Best value: 0.9733333333333333
     number     value  ... params_n_estimators     state
0         0  0.960000  ...                  83  COMPLETE
1         1  0.960000  ...                   6  COMPLETE
2         2  0.966667  ...                  76  COMPLETE
3         3  0.966667  ...                  50  COMPLETE
4         4  0.960000  ...                   6  COMPLETE
..      ...       ...  ...                 ...       ...
995     995  0.966667  ...                  86  COMPLETE
996     996  0.966667  ...                  58  COMPLETE
997     997  0.953333  ...                  15  COMPLETE
998     998  0.946667  ...                   9  COMPLETE
999     999  0.966667  ...                  55  COMPLETE

[1000 rows x 9 columns]

Process finished with exit code 0
