[I 2024-09-26 12:13:48,182] Trial 763 finished with value: 0.96 and parameters: {'n_estimators': 19, 'max_depth': 26, 'min_samples_split': 10}. Best is trial 6 with value: 0.9733333333333333.
[I 2024-09-26 12:13:48,254] Trial 764 finished with value: 0.96 and parameters: {'n_estimators': 12, 'max_depth': 18, 'min_samples_split': 6}. Best is trial 6 with value: 0.9733333333333333.
[I 2024-09-26 12:13:48,516] Trial 765 finished with value: 0.96 and parameters: {'n_estimators': 86, 'max_depth': 19, 'min_samples_split': 8}. Best is trial 6 with value: 0.9733333333333333.
[I 2024-09-26 12:13:48,599] Trial 766 finished with value: 0.96 and parameters: {'n_estimators': 5, 'max_depth': 52, 'min_samples_split': 7}. Best is trial 6 with value: 0.9733333333333333.
[I 2024-09-26 12:13:48,718] Trial 767 finished with value: 0.9533333333333333 and parameters: {'n_estimators': 44, 'max_depth': 14, 'min_samples_split': 8}. Best is trial 6 with value: 0.9733333333333333.
[I 2024-09-26 12:13:48,810] Trial 768 finished with value: 0.9666666666666667 and parameters: {'n_estimators': 22, 'max_depth': 21, 'min_samples_split': 7}. Best is trial 6 with value: 0.9733333333333333.
[I 2024-09-26 12:13:48,893] Trial 769 finished with value: 0.96 and parameters: {'n_estimators': 24, 'max_depth': 5, 'min_samples_split': 7}. Best is trial 6 with value: 0.9733333333333333.
[I 2024-09-26 12:13:49,052] Trial 770 finished with value: 0.96 and parameters: {'n_estimators': 98, 'max_depth': 60, 'min_samples_split': 6}. Best is trial 6 with value: 0.9733333333333333.
[I 2024-09-26 12:13:49,125] Trial 771 finished with value: 0.9533333333333333 and parameters: {'n_estimators': 26, 'max_depth': 20, 'min_samples_split': 8}. Best is trial 6 with value: 0.9733333333333333.
[I 2024-09-26 12:13:49,185] Trial 772 finished with value: 0.9666666666666667 and parameters: {'n_estimators': 8, 'max_depth': 64, 'min_samples_split': 8}. Best is trial 6 with value: 0.9733333333333333.
[I 2024-09-26 12:13:49,250] Trial 773 finished with value: 0.9733333333333333 and parameters: {'n_estimators': 16, 'max_depth': 17, 'min_samples_split': 7}. Best is trial 6 with value: 0.9733333333333333.
[I 2024-09-26 12:13:49,322] Trial 774 finished with value: 0.9533333333333333 and parameters: {'n_estimators': 20, 'max_depth': 25, 'min_samples_split': 8}. Best is trial 6 with value: 0.9733333333333333.
[I 2024-09-26 12:13:49,394] Trial 775 finished with value: 0.96 and parameters: {'n_estimators': 18, 'max_depth': 16, 'min_samples_split': 7}. Best is trial 6 with value: 0.9733333333333333.
[I 2024-09-26 12:13:49,529] Trial 776 finished with value: 0.9533333333333333 and parameters: {'n_estimators': 88, 'max_depth': 19, 'min_samples_split': 8}. Best is trial 6 with value: 0.9733333333333333.
[I 2024-09-26 12:13:49,580] Trial 777 finished with value: 0.96 and parameters: {'n_estimators': 3, 'max_depth': 55, 'min_samples_split': 9}. Best is trial 6 with value: 0.9733333333333333.
[I 2024-09-26 12:13:49,685] Trial 778 finished with value: 0.9666666666666667 and parameters: {'n_estimators': 45, 'max_depth': 18, 'min_samples_split': 10}. Best is trial 6 with value: 0.9733333333333333.
[I 2024-09-26 12:13:49,788] Trial 779 finished with value: 0.9733333333333333 and parameters: {'n_estimators': 29, 'max_depth': 49, 'min_samples_split': 8}. Best is trial 6 with value: 0.9733333333333333.
[I 2024-09-26 12:13:49,887] Trial 780 finished with value: 0.9533333333333333 and parameters: {'n_estimators': 41, 'max_depth': 22, 'min_samples_split': 6}. Best is trial 6 with value: 0.9733333333333333.
[I 2024-09-26 12:13:50,047] Trial 781 finished with value: 0.9666666666666667 and parameters: {'n_estimators': 83, 'max_depth': 13, 'min_samples_split': 7}. Best is trial 6 with value: 0.9733333333333333.
[I 2024-09-26 12:13:50,206] Trial 782 finished with value: 0.96 and parameters: {'n_estimators': 95, 'max_depth': 15, 'min_samples_split': 8}. Best is trial 6 with value: 0.9733333333333333.
[I 2024-09-26 12:13:50,275] Trial 783 finished with value: 0.96 and parameters: {'n_estimators': 13, 'max_depth': 17, 'min_samples_split': 9}. Best is trial 6 with value: 0.9733333333333333.
[I 2024-09-26 12:13:50,326] Trial 784 finished with value: 0.96 and parameters: {'n_estimators': 6, 'max_depth': 58, 'min_samples_split': 5}. Best is trial 6 with value: 0.9733333333333333.
[I 2024-09-26 12:13:50,429] Trial 785 finished with value: 0.9666666666666667 and parameters: {'n_estimators': 47, 'max_depth': 15, 'min_samples_split': 7}. Best is trial 6 with value: 0.9733333333333333.
[I 2024-09-26 12:13:50,547] Trial 786 finished with value: 0.9533333333333333 and parameters: {'n_estimators': 43, 'max_depth': 16, 'min_samples_split': 6}. Best is trial 6 with value: 0.9733333333333333.
[I 2024-09-26 12:13:50,608] Trial 787 finished with value: 0.9733333333333333 and parameters: {'n_estimators': 8, 'max_depth': 4, 'min_samples_split': 8}. Best is trial 6 with value: 0.9733333333333333.
[I 2024-09-26 12:13:50,690] Trial 788 finished with value: 0.9533333333333333 and parameters: {'n_estimators': 18, 'max_depth': 19, 'min_samples_split': 10}. Best is trial 6 with value: 0.9733333333333333.
[I 2024-09-26 12:13:50,777] Trial 789 finished with value: 0.96 and parameters: {'n_estimators': 23, 'max_depth': 52, 'min_samples_split': 8}. Best is trial 6 with value: 0.9733333333333333.
[I 2024-09-26 12:13:50,835] Trial 790 finished with value: 0.96 and parameters: {'n_estimators': 15, 'max_depth': 21, 'min_samples_split': 9}. Best is trial 6 with value: 0.9733333333333333.
[I 2024-09-26 12:13:50,891] Trial 791 finished with value: 0.96 and parameters: {'n_estimators': 11, 'max_depth': 17, 'min_samples_split': 7}. Best is trial 6 with value: 0.9733333333333333.
[I 2024-09-26 12:13:50,939] Trial 792 finished with value: 0.9666666666666667 and parameters: {'n_estimators': 4, 'max_depth': 61, 'min_samples_split': 8}. Best is trial 6 with value: 0.9733333333333333.
[I 2024-09-26 12:13:51,040] Trial 793 finished with value: 0.96 and parameters: {'n_estimators': 46, 'max_depth': 14, 'min_samples_split': 7}. Best is trial 6 with value: 0.9733333333333333.
[I 2024-09-26 12:13:51,097] Trial 794 finished with value: 0.9533333333333333 and parameters: {'n_estimators': 9, 'max_depth': 20, 'min_samples_split': 11}. Best is trial 6 with value: 0.9733333333333333.
[I 2024-09-26 12:13:51,243] Trial 795 finished with value: 0.96 and parameters: {'n_estimators': 92, 'max_depth': 8, 'min_samples_split': 6}. Best is trial 6 with value: 0.9733333333333333.
[I 2024-09-26 12:13:51,328] Trial 796 finished with value: 0.96 and parameters: {'n_estimators': 20, 'max_depth': 5, 'min_samples_split': 8}. Best is trial 6 with value: 0.9733333333333333.
[I 2024-09-26 12:13:51,432] Trial 797 finished with value: 0.9466666666666667 and parameters: {'n_estimators': 42, 'max_depth': 12, 'min_samples_split': 8}. Best is trial 6 with value: 0.9733333333333333.
[I 2024-09-26 12:13:51,583] Trial 798 finished with value: 0.9533333333333333 and parameters: {'n_estimators': 84, 'max_depth': 56, 'min_samples_split': 9}. Best is trial 6 with value: 0.9733333333333333.
[I 2024-09-26 12:13:51,687] Trial 799 finished with value: 0.9533333333333333 and parameters: {'n_estimators': 48, 'max_depth': 16, 'min_samples_split': 8}. Best is trial 6 with value: 0.9733333333333333.
[I 2024-09-26 12:13:51,866] Trial 800 finished with value: 0.96 and parameters: {'n_estimators': 100, 'max_depth': 18, 'min_samples_split': 6}. Best is trial 6 with value: 0.9733333333333333.
[I 2024-09-26 12:13:51,949] Trial 801 finished with value: 0.9666666666666667 and parameters: {'n_estimators': 38, 'max_depth': 24, 'min_samples_split': 7}. Best is trial 6 with value: 0.9733333333333333.
[I 2024-09-26 12:13:52,010] Trial 802 finished with value: 0.9533333333333333 and parameters: {'n_estimators': 17, 'max_depth': 18, 'min_samples_split': 8}. Best is trial 6 with value: 0.9733333333333333.
[I 2024-09-26 12:13:52,082] Trial 803 finished with value: 0.9533333333333333 and parameters: {'n_estimators': 22, 'max_depth': 23, 'min_samples_split': 9}. Best is trial 6 with value: 0.9733333333333333.
[I 2024-09-26 12:13:52,155] Trial 804 finished with value: 0.96 and parameters: {'n_estimators': 13, 'max_depth': 16, 'min_samples_split': 7}. Best is trial 6 with value: 0.9733333333333333.
[I 2024-09-26 12:13:52,250] Trial 805 finished with value: 0.96 and parameters: {'n_estimators': 32, 'max_depth': 48, 'min_samples_split': 5}. Best is trial 6 with value: 0.9733333333333333.
[I 2024-09-26 12:13:52,313] Trial 806 finished with value: 0.96 and parameters: {'n_estimators': 2, 'max_depth': 19, 'min_samples_split': 8}. Best is trial 6 with value: 0.9733333333333333.
[I 2024-09-26 12:13:52,418] Trial 807 finished with value: 0.96 and parameters: {'n_estimators': 45, 'max_depth': 14, 'min_samples_split': 10}. Best is trial 6 with value: 0.9733333333333333.
[I 2024-09-26 12:13:52,565] Trial 808 finished with value: 0.9666666666666667 and parameters: {'n_estimators': 86, 'max_depth': 20, 'min_samples_split': 7}. Best is trial 6 with value: 0.9733333333333333.
[I 2024-09-26 12:13:52,628] Trial 809 finished with value: 0.96 and parameters: {'n_estimators': 6, 'max_depth': 52, 'min_samples_split': 11}. Best is trial 6 with value: 0.9733333333333333.
[I 2024-09-26 12:13:52,721] Trial 810 finished with value: 0.96 and parameters: {'n_estimators': 27, 'max_depth': 18, 'min_samples_split': 6}. Best is trial 6 with value: 0.9733333333333333.
[I 2024-09-26 12:13:52,802] Trial 811 finished with value: 0.9666666666666667 and parameters: {'n_estimators': 24, 'max_depth': 17, 'min_samples_split': 9}. Best is trial 6 with value: 0.9733333333333333.
[I 2024-09-26 12:13:52,872] Trial 812 finished with value: 0.96 and parameters: {'n_estimators': 20, 'max_depth': 57, 'min_samples_split': 8}. Best is trial 6 with value: 0.9733333333333333.
[I 2024-09-26 12:13:52,964] Trial 813 finished with value: 0.9533333333333333 and parameters: {'n_estimators': 48, 'max_depth': 15, 'min_samples_split': 6}. Best is trial 6 with value: 0.9733333333333333.
[I 2024-09-26 12:13:53,044] Trial 814 finished with value: 0.96 and parameters: {'n_estimators': 16, 'max_depth': 13, 'min_samples_split': 7}. Best is trial 6 with value: 0.9733333333333333.
[I 2024-09-26 12:13:53,095] Trial 815 finished with value: 0.96 and parameters: {'n_estimators': 5, 'max_depth': 20, 'min_samples_split': 8}. Best is trial 6 with value: 0.9733333333333333.
[I 2024-09-26 12:13:53,201] Trial 816 finished with value: 0.9733333333333333 and parameters: {'n_estimators': 50, 'max_depth': 60, 'min_samples_split': 8}. Best is trial 6 with value: 0.9733333333333333.
[I 2024-09-26 12:13:53,313] Trial 817 finished with value: 0.9666666666666667 and parameters: {'n_estimators': 45, 'max_depth': 27, 'min_samples_split': 9}. Best is trial 6 with value: 0.9733333333333333.
[I 2024-09-26 12:13:53,382] Trial 818 finished with value: 0.9533333333333333 and parameters: {'n_estimators': 8, 'max_depth': 17, 'min_samples_split': 7}. Best is trial 6 with value: 0.9733333333333333.
[I 2024-09-26 12:13:53,443] Trial 819 finished with value: 0.9466666666666667 and parameters: {'n_estimators': 11, 'max_depth': 15, 'min_samples_split': 6}. Best is trial 6 with value: 0.9733333333333333.
[I 2024-09-26 12:13:53,605] Trial 820 finished with value: 0.9533333333333333 and parameters: {'n_estimators': 90, 'max_depth': 64, 'min_samples_split': 8}. Best is trial 6 with value: 0.9733333333333333.
[I 2024-09-26 12:13:53,676] Trial 821 finished with value: 0.9533333333333333 and parameters: {'n_estimators': 18, 'max_depth': 54, 'min_samples_split': 7}. Best is trial 6 with value: 0.9733333333333333.
[I 2024-09-26 12:13:53,791] Trial 822 finished with value: 0.9666666666666667 and parameters: {'n_estimators': 65, 'max_depth': 10, 'min_samples_split': 8}. Best is trial 6 with value: 0.9733333333333333.
[I 2024-09-26 12:13:53,909] Trial 823 finished with value: 0.96 and parameters: {'n_estimators': 62, 'max_depth': 21, 'min_samples_split': 9}. Best is trial 6 with value: 0.9733333333333333.
[I 2024-09-26 12:13:54,003] Trial 824 finished with value: 0.9533333333333333 and parameters: {'n_estimators': 43, 'max_depth': 46, 'min_samples_split': 8}. Best is trial 6 with value: 0.9733333333333333.
[I 2024-09-26 12:13:54,097] Trial 825 finished with value: 0.9666666666666667 and parameters: {'n_estimators': 40, 'max_depth': 18, 'min_samples_split': 4}. Best is trial 6 with value: 0.9733333333333333.
[I 2024-09-26 12:13:54,172] Trial 826 finished with value: 0.96 and parameters: {'n_estimators': 21, 'max_depth': 16, 'min_samples_split': 7}. Best is trial 6 with value: 0.9733333333333333.
[I 2024-09-26 12:13:54,232] Trial 827 finished with value: 0.9533333333333333 and parameters: {'n_estimators': 14, 'max_depth': 6, 'min_samples_split': 9}. Best is trial 6 with value: 0.9733333333333333.
[I 2024-09-26 12:13:54,370] Trial 828 finished with value: 0.9533333333333333 and parameters: {'n_estimators': 82, 'max_depth': 11, 'min_samples_split': 8}. Best is trial 6 with value: 0.9733333333333333.
[I 2024-09-26 12:13:54,478] Trial 829 finished with value: 0.9666666666666667 and parameters: {'n_estimators': 46, 'max_depth': 5, 'min_samples_split': 10}. Best is trial 6 with value: 0.9733333333333333.
[I 2024-09-26 12:13:54,680] Trial 830 finished with value: 0.96 and parameters: {'n_estimators': 49, 'max_depth': 19, 'min_samples_split': 8}. Best is trial 6 with value: 0.9733333333333333.
[I 2024-09-26 12:13:54,769] Trial 831 finished with value: 0.9666666666666667 and parameters: {'n_estimators': 7, 'max_depth': 14, 'min_samples_split': 7}. Best is trial 6 with value: 0.9733333333333333.
[I 2024-09-26 12:13:54,834] Trial 832 finished with value: 0.96 and parameters: {'n_estimators': 4, 'max_depth': 50, 'min_samples_split': 6}. Best is trial 6 with value: 0.9733333333333333.
[I 2024-09-26 12:13:54,920] Trial 833 finished with value: 0.9533333333333333 and parameters: {'n_estimators': 25, 'max_depth': 41, 'min_samples_split': 8}. Best is trial 6 with value: 0.9733333333333333.
[I 2024-09-26 12:13:54,985] Trial 834 finished with value: 0.96 and parameters: {'n_estimators': 10, 'max_depth': 17, 'min_samples_split': 9}. Best is trial 6 with value: 0.9733333333333333.
[I 2024-09-26 12:13:55,059] Trial 835 finished with value: 0.9666666666666667 and parameters: {'n_estimators': 19, 'max_depth': 16, 'min_samples_split': 7}. Best is trial 6 with value: 0.9733333333333333.
[I 2024-09-26 12:13:55,135] Trial 836 finished with value: 0.9533333333333333 and parameters: {'n_estimators': 16, 'max_depth': 22, 'min_samples_split': 10}. Best is trial 6 with value: 0.9733333333333333.
[I 2024-09-26 12:13:55,244] Trial 837 finished with value: 0.96 and parameters: {'n_estimators': 46, 'max_depth': 19, 'min_samples_split': 8}. Best is trial 6 with value: 0.9733333333333333.
[I 2024-09-26 12:13:55,305] Trial 838 finished with value: 0.9666666666666667 and parameters: {'n_estimators': 12, 'max_depth': 56, 'min_samples_split': 5}. Best is trial 6 with value: 0.9733333333333333.
[I 2024-09-26 12:13:55,398] Trial 839 finished with value: 0.9666666666666667 and parameters: {'n_estimators': 35, 'max_depth': 60, 'min_samples_split': 6}. Best is trial 6 with value: 0.9733333333333333.
[I 2024-09-26 12:13:55,502] Trial 840 finished with value: 0.9666666666666667 and parameters: {'n_estimators': 56, 'max_depth': 39, 'min_samples_split': 7}. Best is trial 6 with value: 0.9733333333333333.
[I 2024-09-26 12:13:55,575] Trial 841 finished with value: 0.96 and parameters: {'n_estimators': 22, 'max_depth': 15, 'min_samples_split': 8}. Best is trial 6 with value: 0.9733333333333333.
[I 2024-09-26 12:13:55,681] Trial 842 finished with value: 0.9533333333333333 and parameters: {'n_estimators': 51, 'max_depth': 4, 'min_samples_split': 8}. Best is trial 6 with value: 0.9733333333333333.
[I 2024-09-26 12:13:55,734] Trial 843 finished with value: 0.96 and parameters: {'n_estimators': 2, 'max_depth': 18, 'min_samples_split': 6}. Best is trial 6 with value: 0.9733333333333333.
[I 2024-09-26 12:13:55,837] Trial 844 finished with value: 0.9666666666666667 and parameters: {'n_estimators': 42, 'max_depth': 9, 'min_samples_split': 9}. Best is trial 6 with value: 0.9733333333333333.
[I 2024-09-26 12:13:55,968] Trial 845 finished with value: 0.9666666666666667 and parameters: {'n_estimators': 49, 'max_depth': 25, 'min_samples_split': 8}. Best is trial 6 with value: 0.9733333333333333.
[I 2024-09-26 12:13:56,117] Trial 846 finished with value: 0.9733333333333333 and parameters: {'n_estimators': 87, 'max_depth': 53, 'min_samples_split': 7}. Best is trial 6 with value: 0.9733333333333333.
[I 2024-09-26 12:13:56,232] Trial 847 finished with value: 0.9666666666666667 and parameters: {'n_estimators': 47, 'max_depth': 20, 'min_samples_split': 9}. Best is trial 6 with value: 0.9733333333333333.
[I 2024-09-26 12:13:56,303] Trial 848 finished with value: 0.9666666666666667 and parameters: {'n_estimators': 18, 'max_depth': 44, 'min_samples_split': 8}. Best is trial 6 with value: 0.9733333333333333.
[I 2024-09-26 12:13:56,386] Trial 849 finished with value: 0.9666666666666667 and parameters: {'n_estimators': 30, 'max_depth': 17, 'min_samples_split': 7}. Best is trial 6 with value: 0.9733333333333333.
[I 2024-09-26 12:13:56,495] Trial 850 finished with value: 0.9533333333333333 and parameters: {'n_estimators': 44, 'max_depth': 57, 'min_samples_split': 6}. Best is trial 6 with value: 0.9733333333333333.
[I 2024-09-26 12:13:56,645] Trial 851 finished with value: 0.9666666666666667 and parameters: {'n_estimators': 84, 'max_depth': 5, 'min_samples_split': 8}. Best is trial 6 with value: 0.9733333333333333.
[I 2024-09-26 12:13:56,722] Trial 852 finished with value: 0.96 and parameters: {'n_estimators': 23, 'max_depth': 48, 'min_samples_split': 10}. Best is trial 6 with value: 0.9733333333333333.
[I 2024-09-26 12:13:56,784] Trial 853 finished with value: 0.9666666666666667 and parameters: {'n_estimators': 14, 'max_depth': 16, 'min_samples_split': 7}. Best is trial 6 with value: 0.9733333333333333.
[I 2024-09-26 12:13:56,840] Trial 854 finished with value: 0.96 and parameters: {'n_estimators': 7, 'max_depth': 22, 'min_samples_split': 8}. Best is trial 6 with value: 0.9733333333333333.
[I 2024-09-26 12:13:56,890] Trial 855 finished with value: 0.9533333333333333 and parameters: {'n_estimators': 5, 'max_depth': 18, 'min_samples_split': 9}. Best is trial 6 with value: 0.9733333333333333.
[I 2024-09-26 12:13:56,983] Trial 856 finished with value: 0.9666666666666667 and parameters: {'n_estimators': 39, 'max_depth': 37, 'min_samples_split': 7}. Best is trial 6 with value: 0.9733333333333333.
[I 2024-09-26 12:13:57,122] Trial 857 finished with value: 0.9666666666666667 and parameters: {'n_estimators': 80, 'max_depth': 7, 'min_samples_split': 6}. Best is trial 6 with value: 0.9733333333333333.
[I 2024-09-26 12:13:57,205] Trial 858 finished with value: 0.96 and parameters: {'n_estimators': 20, 'max_depth': 21, 'min_samples_split': 8}. Best is trial 6 with value: 0.9733333333333333.
[I 2024-09-26 12:13:57,333] Trial 859 finished with value: 0.96 and parameters: {'n_estimators': 47, 'max_depth': 19, 'min_samples_split': 7}. Best is trial 6 with value: 0.9733333333333333.
[I 2024-09-26 12:13:57,448] Trial 860 finished with value: 0.9666666666666667 and parameters: {'n_estimators': 53, 'max_depth': 14, 'min_samples_split': 8}. Best is trial 6 with value: 0.9733333333333333.
[I 2024-09-26 12:13:57,524] Trial 861 finished with value: 0.9533333333333333 and parameters: {'n_estimators': 21, 'max_depth': 26, 'min_samples_split': 8}. Best is trial 6 with value: 0.9733333333333333.
[I 2024-09-26 12:13:57,594] Trial 862 finished with value: 0.9666666666666667 and parameters: {'n_estimators': 9, 'max_depth': 51, 'min_samples_split': 9}. Best is trial 6 with value: 0.9733333333333333.
[I 2024-09-26 12:13:57,711] Trial 863 finished with value: 0.96 and parameters: {'n_estimators': 50, 'max_depth': 13, 'min_samples_split': 6}. Best is trial 6 with value: 0.9733333333333333.
[I 2024-09-26 12:13:57,782] Trial 864 finished with value: 0.9533333333333333 and parameters: {'n_estimators': 26, 'max_depth': 15, 'min_samples_split': 7}. Best is trial 6 with value: 0.9733333333333333.
[I 2024-09-26 12:13:57,876] Trial 865 finished with value: 0.96 and parameters: {'n_estimators': 43, 'max_depth': 24, 'min_samples_split': 8}. Best is trial 6 with value: 0.9733333333333333.
[I 2024-09-26 12:13:57,962] Trial 866 finished with value: 0.96 and parameters: {'n_estimators': 16, 'max_depth': 40, 'min_samples_split': 5}. Best is trial 6 with value: 0.9733333333333333.
[I 2024-09-26 12:13:58,109] Trial 867 finished with value: 0.9533333333333333 and parameters: {'n_estimators': 82, 'max_depth': 6, 'min_samples_split': 9}. Best is trial 6 with value: 0.9733333333333333.
[I 2024-09-26 12:13:58,160] Trial 868 finished with value: 0.9533333333333333 and parameters: {'n_estimators': 4, 'max_depth': 17, 'min_samples_split': 8}. Best is trial 6 with value: 0.9733333333333333.
[I 2024-09-26 12:13:58,258] Trial 869 finished with value: 0.9533333333333333 and parameters: {'n_estimators': 48, 'max_depth': 61, 'min_samples_split': 7}. Best is trial 6 with value: 0.9733333333333333.
[I 2024-09-26 12:13:58,320] Trial 870 finished with value: 0.96 and parameters: {'n_estimators': 12, 'max_depth': 16, 'min_samples_split': 8}. Best is trial 6 with value: 0.9733333333333333.
[I 2024-09-26 12:13:58,393] Trial 871 finished with value: 0.96 and parameters: {'n_estimators': 19, 'max_depth': 43, 'min_samples_split': 6}. Best is trial 6 with value: 0.9733333333333333.
[I 2024-09-26 12:13:58,513] Trial 872 finished with value: 0.9533333333333333 and parameters: {'n_estimators': 45, 'max_depth': 19, 'min_samples_split': 9}. Best is trial 6 with value: 0.9733333333333333.
