[I 2024-09-26 12:13:27,914] Trial 545 finished with value: 0.9666666666666667 and parameters: {'n_estimators': 53, 'max_depth': 18, 'min_samples_split': 8}. Best is trial 6 with value: 0.9733333333333333.
[I 2024-09-26 12:13:28,022] Trial 546 finished with value: 0.9666666666666667 and parameters: {'n_estimators': 72, 'max_depth': 19, 'min_samples_split': 12}. Best is trial 6 with value: 0.9733333333333333.
[I 2024-09-26 12:13:28,098] Trial 547 finished with value: 0.9533333333333333 and parameters: {'n_estimators': 29, 'max_depth': 37, 'min_samples_split': 14}. Best is trial 6 with value: 0.9733333333333333.
[I 2024-09-26 12:13:28,200] Trial 548 finished with value: 0.9533333333333333 and parameters: {'n_estimators': 42, 'max_depth': 17, 'min_samples_split': 8}. Best is trial 6 with value: 0.9733333333333333.
[I 2024-09-26 12:13:28,276] Trial 549 finished with value: 0.9533333333333333 and parameters: {'n_estimators': 18, 'max_depth': 48, 'min_samples_split': 7}. Best is trial 6 with value: 0.9733333333333333.
[I 2024-09-26 12:13:28,382] Trial 550 finished with value: 0.9533333333333333 and parameters: {'n_estimators': 51, 'max_depth': 53, 'min_samples_split': 9}. Best is trial 6 with value: 0.9733333333333333.
[I 2024-09-26 12:13:28,528] Trial 551 finished with value: 0.96 and parameters: {'n_estimators': 77, 'max_depth': 16, 'min_samples_split': 15}. Best is trial 6 with value: 0.9733333333333333.
[I 2024-09-26 12:13:28,619] Trial 552 finished with value: 0.9533333333333333 and parameters: {'n_estimators': 48, 'max_depth': 43, 'min_samples_split': 8}. Best is trial 6 with value: 0.9733333333333333.
[I 2024-09-26 12:13:28,715] Trial 553 finished with value: 0.9533333333333333 and parameters: {'n_estimators': 46, 'max_depth': 13, 'min_samples_split': 6}. Best is trial 6 with value: 0.9733333333333333.
[I 2024-09-26 12:13:28,880] Trial 554 finished with value: 0.9666666666666667 and parameters: {'n_estimators': 86, 'max_depth': 29, 'min_samples_split': 5}. Best is trial 6 with value: 0.9733333333333333.
[I 2024-09-26 12:13:28,969] Trial 555 finished with value: 0.9533333333333333 and parameters: {'n_estimators': 44, 'max_depth': 15, 'min_samples_split': 9}. Best is trial 6 with value: 0.9733333333333333.
[I 2024-09-26 12:13:29,027] Trial 556 finished with value: 0.9466666666666667 and parameters: {'n_estimators': 4, 'max_depth': 11, 'min_samples_split': 8}. Best is trial 6 with value: 0.9733333333333333.
[I 2024-09-26 12:13:29,079] Trial 557 finished with value: 0.9666666666666667 and parameters: {'n_estimators': 16, 'max_depth': 10, 'min_samples_split': 6}. Best is trial 6 with value: 0.9733333333333333.
[I 2024-09-26 12:13:29,134] Trial 558 finished with value: 0.9666666666666667 and parameters: {'n_estimators': 9, 'max_depth': 39, 'min_samples_split': 8}. Best is trial 6 with value: 0.9733333333333333.
[I 2024-09-26 12:13:29,231] Trial 559 finished with value: 0.9533333333333333 and parameters: {'n_estimators': 51, 'max_depth': 21, 'min_samples_split': 7}. Best is trial 6 with value: 0.9733333333333333.
[I 2024-09-26 12:13:29,364] Trial 560 finished with value: 0.9666666666666667 and parameters: {'n_estimators': 81, 'max_depth': 5, 'min_samples_split': 9}. Best is trial 6 with value: 0.9733333333333333.
[I 2024-09-26 12:13:29,474] Trial 561 finished with value: 0.96 and parameters: {'n_estimators': 48, 'max_depth': 18, 'min_samples_split': 16}. Best is trial 6 with value: 0.9733333333333333.
[I 2024-09-26 12:13:29,717] Trial 562 finished with value: 0.9666666666666667 and parameters: {'n_estimators': 66, 'max_depth': 46, 'min_samples_split': 8}. Best is trial 6 with value: 0.9733333333333333.
[I 2024-09-26 12:13:29,872] Trial 563 finished with value: 0.9733333333333333 and parameters: {'n_estimators': 22, 'max_depth': 16, 'min_samples_split': 7}. Best is trial 6 with value: 0.9733333333333333.
[I 2024-09-26 12:13:29,954] Trial 564 finished with value: 0.96 and parameters: {'n_estimators': 21, 'max_depth': 15, 'min_samples_split': 10}. Best is trial 6 with value: 0.9733333333333333.
[I 2024-09-26 12:13:30,039] Trial 565 finished with value: 0.9533333333333333 and parameters: {'n_estimators': 26, 'max_depth': 17, 'min_samples_split': 10}. Best is trial 6 with value: 0.9733333333333333.
[I 2024-09-26 12:13:30,129] Trial 566 finished with value: 0.9533333333333333 and parameters: {'n_estimators': 21, 'max_depth': 16, 'min_samples_split': 7}. Best is trial 6 with value: 0.9733333333333333.
[I 2024-09-26 12:13:30,208] Trial 567 finished with value: 0.9533333333333333 and parameters: {'n_estimators': 24, 'max_depth': 17, 'min_samples_split': 7}. Best is trial 6 with value: 0.9733333333333333.
[I 2024-09-26 12:13:30,275] Trial 568 finished with value: 0.9666666666666667 and parameters: {'n_estimators': 19, 'max_depth': 19, 'min_samples_split': 10}. Best is trial 6 with value: 0.9733333333333333.
[I 2024-09-26 12:13:30,353] Trial 569 finished with value: 0.9533333333333333 and parameters: {'n_estimators': 25, 'max_depth': 16, 'min_samples_split': 10}. Best is trial 6 with value: 0.9733333333333333.
[I 2024-09-26 12:13:30,417] Trial 570 finished with value: 0.9666666666666667 and parameters: {'n_estimators': 23, 'max_depth': 19, 'min_samples_split': 7}. Best is trial 6 with value: 0.9733333333333333.
[I 2024-09-26 12:13:30,504] Trial 571 finished with value: 0.96 and parameters: {'n_estimators': 27, 'max_depth': 16, 'min_samples_split': 7}. Best is trial 6 with value: 0.9733333333333333.
[I 2024-09-26 12:13:30,579] Trial 572 finished with value: 0.9666666666666667 and parameters: {'n_estimators': 20, 'max_depth': 18, 'min_samples_split': 7}. Best is trial 6 with value: 0.9733333333333333.
[I 2024-09-26 12:13:30,674] Trial 573 finished with value: 0.9533333333333333 and parameters: {'n_estimators': 22, 'max_depth': 14, 'min_samples_split': 7}. Best is trial 6 with value: 0.9733333333333333.
[I 2024-09-26 12:13:30,749] Trial 574 finished with value: 0.9666666666666667 and parameters: {'n_estimators': 19, 'max_depth': 9, 'min_samples_split': 6}. Best is trial 6 with value: 0.9733333333333333.
[I 2024-09-26 12:13:30,811] Trial 575 finished with value: 0.9666666666666667 and parameters: {'n_estimators': 15, 'max_depth': 18, 'min_samples_split': 8}. Best is trial 6 with value: 0.9733333333333333.
[I 2024-09-26 12:13:30,896] Trial 576 finished with value: 0.9666666666666667 and parameters: {'n_estimators': 46, 'max_depth': 12, 'min_samples_split': 10}. Best is trial 6 with value: 0.9733333333333333.
[I 2024-09-26 12:13:31,026] Trial 577 finished with value: 0.9666666666666667 and parameters: {'n_estimators': 84, 'max_depth': 15, 'min_samples_split': 7}. Best is trial 6 with value: 0.9733333333333333.
[I 2024-09-26 12:13:31,124] Trial 578 finished with value: 0.9533333333333333 and parameters: {'n_estimators': 40, 'max_depth': 17, 'min_samples_split': 8}. Best is trial 6 with value: 0.9733333333333333.
[I 2024-09-26 12:13:31,187] Trial 579 finished with value: 0.9533333333333333 and parameters: {'n_estimators': 17, 'max_depth': 33, 'min_samples_split': 6}. Best is trial 6 with value: 0.9733333333333333.
[I 2024-09-26 12:13:31,240] Trial 580 finished with value: 0.9666666666666667 and parameters: {'n_estimators': 13, 'max_depth': 14, 'min_samples_split': 11}. Best is trial 6 with value: 0.9733333333333333.
[I 2024-09-26 12:13:31,307] Trial 581 finished with value: 0.96 and parameters: {'n_estimators': 8, 'max_depth': 7, 'min_samples_split': 8}. Best is trial 6 with value: 0.9733333333333333.
[I 2024-09-26 12:13:31,385] Trial 582 finished with value: 0.9533333333333333 and parameters: {'n_estimators': 24, 'max_depth': 18, 'min_samples_split': 10}. Best is trial 6 with value: 0.9733333333333333.
[I 2024-09-26 12:13:31,426] Trial 583 finished with value: 0.96 and parameters: {'n_estimators': 6, 'max_depth': 16, 'min_samples_split': 7}. Best is trial 6 with value: 0.9733333333333333.
[I 2024-09-26 12:13:31,521] Trial 584 finished with value: 0.9533333333333333 and parameters: {'n_estimators': 42, 'max_depth': 31, 'min_samples_split': 6}. Best is trial 6 with value: 0.9733333333333333.
[I 2024-09-26 12:13:31,586] Trial 585 finished with value: 0.96 and parameters: {'n_estimators': 22, 'max_depth': 20, 'min_samples_split': 8}. Best is trial 6 with value: 0.9733333333333333.
[I 2024-09-26 12:13:31,676] Trial 586 finished with value: 0.9533333333333333 and parameters: {'n_estimators': 28, 'max_depth': 17, 'min_samples_split': 7}. Best is trial 6 with value: 0.9733333333333333.
[I 2024-09-26 12:13:31,761] Trial 587 finished with value: 0.9533333333333333 and parameters: {'n_estimators': 45, 'max_depth': 15, 'min_samples_split': 8}. Best is trial 6 with value: 0.9733333333333333.
[I 2024-09-26 12:13:31,860] Trial 588 finished with value: 0.9666666666666667 and parameters: {'n_estimators': 49, 'max_depth': 42, 'min_samples_split': 6}. Best is trial 6 with value: 0.9733333333333333.
[I 2024-09-26 12:13:31,925] Trial 589 finished with value: 0.96 and parameters: {'n_estimators': 18, 'max_depth': 35, 'min_samples_split': 7}. Best is trial 6 with value: 0.9733333333333333.
[I 2024-09-26 12:13:31,992] Trial 590 finished with value: 0.9666666666666667 and parameters: {'n_estimators': 10, 'max_depth': 39, 'min_samples_split': 8}. Best is trial 6 with value: 0.9733333333333333.
[I 2024-09-26 12:13:32,099] Trial 591 finished with value: 0.96 and parameters: {'n_estimators': 46, 'max_depth': 51, 'min_samples_split': 5}. Best is trial 6 with value: 0.9733333333333333.
[I 2024-09-26 12:13:32,221] Trial 592 finished with value: 0.9533333333333333 and parameters: {'n_estimators': 48, 'max_depth': 19, 'min_samples_split': 8}. Best is trial 6 with value: 0.9733333333333333.
[I 2024-09-26 12:13:32,364] Trial 593 finished with value: 0.96 and parameters: {'n_estimators': 79, 'max_depth': 16, 'min_samples_split': 6}. Best is trial 6 with value: 0.9733333333333333.
[I 2024-09-26 12:13:32,433] Trial 594 finished with value: 0.9666666666666667 and parameters: {'n_estimators': 15, 'max_depth': 25, 'min_samples_split': 7}. Best is trial 6 with value: 0.9733333333333333.
[I 2024-09-26 12:13:32,551] Trial 595 finished with value: 0.9666666666666667 and parameters: {'n_estimators': 44, 'max_depth': 55, 'min_samples_split': 9}. Best is trial 6 with value: 0.9733333333333333.
[I 2024-09-26 12:13:32,664] Trial 596 finished with value: 0.9666666666666667 and parameters: {'n_estimators': 51, 'max_depth': 18, 'min_samples_split': 7}. Best is trial 6 with value: 0.9733333333333333.
[I 2024-09-26 12:13:32,711] Trial 597 finished with value: 0.9333333333333332 and parameters: {'n_estimators': 3, 'max_depth': 8, 'min_samples_split': 8}. Best is trial 6 with value: 0.9733333333333333.
[I 2024-09-26 12:13:32,789] Trial 598 finished with value: 0.9533333333333333 and parameters: {'n_estimators': 31, 'max_depth': 20, 'min_samples_split': 10}. Best is trial 6 with value: 0.9733333333333333.
[I 2024-09-26 12:13:32,866] Trial 599 finished with value: 0.9533333333333333 and parameters: {'n_estimators': 20, 'max_depth': 17, 'min_samples_split': 8}. Best is trial 6 with value: 0.9733333333333333.
[I 2024-09-26 12:13:32,999] Trial 600 finished with value: 0.9533333333333333 and parameters: {'n_estimators': 82, 'max_depth': 13, 'min_samples_split': 8}. Best is trial 6 with value: 0.9733333333333333.
[I 2024-09-26 12:13:33,054] Trial 601 finished with value: 0.9666666666666667 and parameters: {'n_estimators': 11, 'max_depth': 17, 'min_samples_split': 9}. Best is trial 6 with value: 0.9733333333333333.
[I 2024-09-26 12:13:33,099] Trial 602 finished with value: 0.9533333333333333 and parameters: {'n_estimators': 5, 'max_depth': 45, 'min_samples_split': 7}. Best is trial 6 with value: 0.9733333333333333.
[I 2024-09-26 12:13:33,165] Trial 603 finished with value: 0.9666666666666667 and parameters: {'n_estimators': 23, 'max_depth': 37, 'min_samples_split': 6}. Best is trial 6 with value: 0.9733333333333333.
[I 2024-09-26 12:13:33,288] Trial 604 finished with value: 0.9666666666666667 and parameters: {'n_estimators': 48, 'max_depth': 15, 'min_samples_split': 8}. Best is trial 6 with value: 0.9733333333333333.
[I 2024-09-26 12:13:33,372] Trial 605 finished with value: 0.9666666666666667 and parameters: {'n_estimators': 39, 'max_depth': 21, 'min_samples_split': 9}. Best is trial 6 with value: 0.9733333333333333.
[I 2024-09-26 12:13:33,425] Trial 606 finished with value: 0.9666666666666667 and parameters: {'n_estimators': 17, 'max_depth': 16, 'min_samples_split': 7}. Best is trial 6 with value: 0.9733333333333333.
[I 2024-09-26 12:13:33,523] Trial 607 finished with value: 0.9666666666666667 and parameters: {'n_estimators': 42, 'max_depth': 19, 'min_samples_split': 6}. Best is trial 6 with value: 0.9733333333333333.
[I 2024-09-26 12:13:33,656] Trial 608 finished with value: 0.96 and parameters: {'n_estimators': 87, 'max_depth': 27, 'min_samples_split': 8}. Best is trial 6 with value: 0.9733333333333333.
[I 2024-09-26 12:13:33,757] Trial 609 finished with value: 0.9666666666666667 and parameters: {'n_estimators': 50, 'max_depth': 12, 'min_samples_split': 10}. Best is trial 6 with value: 0.9733333333333333.
[I 2024-09-26 12:13:33,814] Trial 610 finished with value: 0.96 and parameters: {'n_estimators': 13, 'max_depth': 7, 'min_samples_split': 9}. Best is trial 6 with value: 0.9733333333333333.
[I 2024-09-26 12:13:33,871] Trial 611 finished with value: 0.9666666666666667 and parameters: {'n_estimators': 8, 'max_depth': 41, 'min_samples_split': 8}. Best is trial 6 with value: 0.9733333333333333.
[I 2024-09-26 12:13:33,951] Trial 612 finished with value: 0.96 and parameters: {'n_estimators': 25, 'max_depth': 60, 'min_samples_split': 8}. Best is trial 6 with value: 0.9733333333333333.
[I 2024-09-26 12:13:34,052] Trial 613 finished with value: 0.9533333333333333 and parameters: {'n_estimators': 53, 'max_depth': 23, 'min_samples_split': 6}. Best is trial 6 with value: 0.9733333333333333.
[I 2024-09-26 12:13:34,196] Trial 614 finished with value: 0.9733333333333333 and parameters: {'n_estimators': 84, 'max_depth': 30, 'min_samples_split': 7}. Best is trial 6 with value: 0.9733333333333333.
[I 2024-09-26 12:13:34,352] Trial 615 finished with value: 0.96 and parameters: {'n_estimators': 85, 'max_depth': 28, 'min_samples_split': 9}. Best is trial 6 with value: 0.9733333333333333.
[I 2024-09-26 12:13:34,504] Trial 616 finished with value: 0.9666666666666667 and parameters: {'n_estimators': 80, 'max_depth': 32, 'min_samples_split': 9}. Best is trial 6 with value: 0.9733333333333333.
[I 2024-09-26 12:13:34,673] Trial 617 finished with value: 0.96 and parameters: {'n_estimators': 85, 'max_depth': 29, 'min_samples_split': 9}. Best is trial 6 with value: 0.9733333333333333.
[I 2024-09-26 12:13:34,817] Trial 618 finished with value: 0.9533333333333333 and parameters: {'n_estimators': 84, 'max_depth': 30, 'min_samples_split': 7}. Best is trial 6 with value: 0.9733333333333333.
[I 2024-09-26 12:13:34,973] Trial 619 finished with value: 0.9666666666666667 and parameters: {'n_estimators': 88, 'max_depth': 31, 'min_samples_split': 6}. Best is trial 6 with value: 0.9733333333333333.
[I 2024-09-26 12:13:35,113] Trial 620 finished with value: 0.9666666666666667 and parameters: {'n_estimators': 78, 'max_depth': 36, 'min_samples_split': 8}. Best is trial 6 with value: 0.9733333333333333.
[I 2024-09-26 12:13:35,248] Trial 621 finished with value: 0.9666666666666667 and parameters: {'n_estimators': 84, 'max_depth': 34, 'min_samples_split': 9}. Best is trial 6 with value: 0.9733333333333333.
[I 2024-09-26 12:13:35,404] Trial 622 finished with value: 0.9533333333333333 and parameters: {'n_estimators': 82, 'max_depth': 33, 'min_samples_split': 8}. Best is trial 6 with value: 0.9733333333333333.
[I 2024-09-26 12:13:35,519] Trial 623 finished with value: 0.9666666666666667 and parameters: {'n_estimators': 47, 'max_depth': 26, 'min_samples_split': 7}. Best is trial 6 with value: 0.9733333333333333.
[I 2024-09-26 12:13:35,671] Trial 624 finished with value: 0.9666666666666667 and parameters: {'n_estimators': 83, 'max_depth': 30, 'min_samples_split': 5}. Best is trial 6 with value: 0.9733333333333333.
[I 2024-09-26 12:13:35,818] Trial 625 finished with value: 0.96 and parameters: {'n_estimators': 75, 'max_depth': 36, 'min_samples_split': 8}. Best is trial 6 with value: 0.9733333333333333.
[I 2024-09-26 12:13:35,971] Trial 626 finished with value: 0.9666666666666667 and parameters: {'n_estimators': 87, 'max_depth': 34, 'min_samples_split': 9}. Best is trial 6 with value: 0.9733333333333333.
[I 2024-09-26 12:13:36,114] Trial 627 finished with value: 0.9666666666666667 and parameters: {'n_estimators': 80, 'max_depth': 27, 'min_samples_split': 6}. Best is trial 6 with value: 0.9733333333333333.
[I 2024-09-26 12:13:36,215] Trial 628 finished with value: 0.9666666666666667 and parameters: {'n_estimators': 44, 'max_depth': 6, 'min_samples_split': 7}. Best is trial 6 with value: 0.9733333333333333.
[I 2024-09-26 12:13:36,317] Trial 629 finished with value: 0.9533333333333333 and parameters: {'n_estimators': 49, 'max_depth': 32, 'min_samples_split': 8}. Best is trial 6 with value: 0.9733333333333333.
[I 2024-09-26 12:13:36,407] Trial 630 finished with value: 0.9666666666666667 and parameters: {'n_estimators': 46, 'max_depth': 33, 'min_samples_split': 10}. Best is trial 6 with value: 0.9733333333333333.
[I 2024-09-26 12:13:36,617] Trial 631 finished with value: 0.96 and parameters: {'n_estimators': 86, 'max_depth': 30, 'min_samples_split': 8}. Best is trial 6 with value: 0.9733333333333333.
[I 2024-09-26 12:13:36,716] Trial 632 finished with value: 0.9533333333333333 and parameters: {'n_estimators': 6, 'max_depth': 39, 'min_samples_split': 7}. Best is trial 6 with value: 0.9733333333333333.
[I 2024-09-26 12:13:36,890] Trial 633 finished with value: 0.9666666666666667 and parameters: {'n_estimators': 90, 'max_depth': 4, 'min_samples_split': 5}. Best is trial 6 with value: 0.9733333333333333.
[I 2024-09-26 12:13:36,994] Trial 634 finished with value: 0.9533333333333333 and parameters: {'n_estimators': 51, 'max_depth': 19, 'min_samples_split': 9}. Best is trial 6 with value: 0.9733333333333333.
[I 2024-09-26 12:13:37,087] Trial 635 finished with value: 0.9533333333333333 and parameters: {'n_estimators': 41, 'max_depth': 18, 'min_samples_split': 8}. Best is trial 6 with value: 0.9733333333333333.
[I 2024-09-26 12:13:37,147] Trial 636 finished with value: 0.92 and parameters: {'n_estimators': 2, 'max_depth': 22, 'min_samples_split': 6}. Best is trial 6 with value: 0.9733333333333333.
[I 2024-09-26 12:13:37,290] Trial 637 finished with value: 0.9533333333333333 and parameters: {'n_estimators': 82, 'max_depth': 17, 'min_samples_split': 7}. Best is trial 6 with value: 0.9733333333333333.
[I 2024-09-26 12:13:37,391] Trial 638 finished with value: 0.9666666666666667 and parameters: {'n_estimators': 47, 'max_depth': 14, 'min_samples_split': 9}. Best is trial 6 with value: 0.9733333333333333.
[I 2024-09-26 12:13:37,492] Trial 639 finished with value: 0.9666666666666667 and parameters: {'n_estimators': 44, 'max_depth': 28, 'min_samples_split': 8}. Best is trial 6 with value: 0.9733333333333333.
[I 2024-09-26 12:13:37,592] Trial 640 finished with value: 0.9533333333333333 and parameters: {'n_estimators': 49, 'max_depth': 49, 'min_samples_split': 8}. Best is trial 6 with value: 0.9733333333333333.
[I 2024-09-26 12:13:37,640] Trial 641 finished with value: 0.96 and parameters: {'n_estimators': 4, 'max_depth': 25, 'min_samples_split': 6}. Best is trial 6 with value: 0.9733333333333333.
[I 2024-09-26 12:13:37,697] Trial 642 finished with value: 0.96 and parameters: {'n_estimators': 9, 'max_depth': 57, 'min_samples_split': 7}. Best is trial 6 with value: 0.9733333333333333.
[I 2024-09-26 12:13:37,839] Trial 643 finished with value: 0.9666666666666667 and parameters: {'n_estimators': 78, 'max_depth': 38, 'min_samples_split': 9}. Best is trial 6 with value: 0.9733333333333333.
[I 2024-09-26 12:13:37,941] Trial 644 finished with value: 0.96 and parameters: {'n_estimators': 51, 'max_depth': 20, 'min_samples_split': 10}. Best is trial 6 with value: 0.9733333333333333.
[I 2024-09-26 12:13:38,053] Trial 645 finished with value: 0.9533333333333333 and parameters: {'n_estimators': 54, 'max_depth': 35, 'min_samples_split': 8}. Best is trial 6 with value: 0.9733333333333333.
[I 2024-09-26 12:13:38,121] Trial 646 finished with value: 0.9666666666666667 and parameters: {'n_estimators': 7, 'max_depth': 6, 'min_samples_split': 7}. Best is trial 6 with value: 0.9733333333333333.
[I 2024-09-26 12:13:38,221] Trial 647 finished with value: 0.96 and parameters: {'n_estimators': 46, 'max_depth': 16, 'min_samples_split': 11}. Best is trial 6 with value: 0.9733333333333333.
[I 2024-09-26 12:13:38,322] Trial 648 finished with value: 0.96 and parameters: {'n_estimators': 48, 'max_depth': 15, 'min_samples_split': 6}. Best is trial 6 with value: 0.9733333333333333.
[I 2024-09-26 12:13:38,388] Trial 649 finished with value: 0.9666666666666667 and parameters: {'n_estimators': 11, 'max_depth': 31, 'min_samples_split': 8}. Best is trial 6 with value: 0.9733333333333333.
[I 2024-09-26 12:13:38,532] Trial 650 finished with value: 0.9666666666666667 and parameters: {'n_estimators': 73, 'max_depth': 45, 'min_samples_split': 9}. Best is trial 6 with value: 0.9733333333333333.
[I 2024-09-26 12:13:38,644] Trial 651 finished with value: 0.9666666666666667 and parameters: {'n_estimators': 43, 'max_depth': 18, 'min_samples_split': 7}. Best is trial 6 with value: 0.9733333333333333.
[I 2024-09-26 12:13:38,778] Trial 652 finished with value: 0.9666666666666667 and parameters: {'n_estimators': 81, 'max_depth': 42, 'min_samples_split': 8}. Best is trial 6 with value: 0.9733333333333333.
