[I 2024-09-26 12:13:17,826] Trial 436 finished with value: 0.9466666666666667 and parameters: {'n_estimators': 9, 'max_depth': 6, 'min_samples_split': 7}. Best is trial 6 with value: 0.9733333333333333.
[I 2024-09-26 12:13:17,966] Trial 437 finished with value: 0.9666666666666667 and parameters: {'n_estimators': 84, 'max_depth': 21, 'min_samples_split': 10}. Best is trial 6 with value: 0.9733333333333333.
[I 2024-09-26 12:13:18,082] Trial 438 finished with value: 0.9666666666666667 and parameters: {'n_estimators': 73, 'max_depth': 5, 'min_samples_split': 8}. Best is trial 6 with value: 0.9733333333333333.
[I 2024-09-26 12:13:18,144] Trial 439 finished with value: 0.96 and parameters: {'n_estimators': 17, 'max_depth': 10, 'min_samples_split': 8}. Best is trial 6 with value: 0.9733333333333333.
[I 2024-09-26 12:13:18,238] Trial 440 finished with value: 0.9533333333333333 and parameters: {'n_estimators': 52, 'max_depth': 15, 'min_samples_split': 15}. Best is trial 6 with value: 0.9733333333333333.
[I 2024-09-26 12:13:18,344] Trial 441 finished with value: 0.9666666666666667 and parameters: {'n_estimators': 66, 'max_depth': 17, 'min_samples_split': 9}. Best is trial 6 with value: 0.9733333333333333.
[I 2024-09-26 12:13:18,395] Trial 442 finished with value: 0.96 and parameters: {'n_estimators': 13, 'max_depth': 19, 'min_samples_split': 9}. Best is trial 6 with value: 0.9733333333333333.
[I 2024-09-26 12:13:18,461] Trial 443 finished with value: 0.96 and parameters: {'n_estimators': 7, 'max_depth': 60, 'min_samples_split': 8}. Best is trial 6 with value: 0.9733333333333333.
[I 2024-09-26 12:13:18,593] Trial 444 finished with value: 0.9666666666666667 and parameters: {'n_estimators': 77, 'max_depth': 56, 'min_samples_split': 6}. Best is trial 6 with value: 0.9733333333333333.
[I 2024-09-26 12:13:18,679] Trial 445 finished with value: 0.9533333333333333 and parameters: {'n_estimators': 30, 'max_depth': 4, 'min_samples_split': 7}. Best is trial 6 with value: 0.9733333333333333.
[I 2024-09-26 12:13:18,834] Trial 446 finished with value: 0.9666666666666667 and parameters: {'n_estimators': 91, 'max_depth': 36, 'min_samples_split': 8}. Best is trial 6 with value: 0.9733333333333333.
[I 2024-09-26 12:13:18,929] Trial 447 finished with value: 0.9466666666666667 and parameters: {'n_estimators': 42, 'max_depth': 51, 'min_samples_split': 7}. Best is trial 6 with value: 0.9733333333333333.
[I 2024-09-26 12:13:19,025] Trial 448 finished with value: 0.9666666666666667 and parameters: {'n_estimators': 46, 'max_depth': 7, 'min_samples_split': 5}. Best is trial 6 with value: 0.9733333333333333.
[I 2024-09-26 12:13:19,132] Trial 449 finished with value: 0.9533333333333333 and parameters: {'n_estimators': 53, 'max_depth': 64, 'min_samples_split': 6}. Best is trial 6 with value: 0.9733333333333333.
[I 2024-09-26 12:13:19,229] Trial 450 finished with value: 0.96 and parameters: {'n_estimators': 36, 'max_depth': 32, 'min_samples_split': 8}. Best is trial 6 with value: 0.9733333333333333.
[I 2024-09-26 12:13:19,324] Trial 451 finished with value: 0.9666666666666667 and parameters: {'n_estimators': 48, 'max_depth': 5, 'min_samples_split': 9}. Best is trial 6 with value: 0.9733333333333333.
[I 2024-09-26 12:13:19,388] Trial 452 finished with value: 0.9533333333333333 and parameters: {'n_estimators': 19, 'max_depth': 19, 'min_samples_split': 7}. Best is trial 6 with value: 0.9733333333333333.
[I 2024-09-26 12:13:19,461] Trial 453 finished with value: 0.9666666666666667 and parameters: {'n_estimators': 15, 'max_depth': 21, 'min_samples_split': 8}. Best is trial 6 with value: 0.9733333333333333.
[I 2024-09-26 12:13:19,502] Trial 454 finished with value: 0.96 and parameters: {'n_estimators': 2, 'max_depth': 6, 'min_samples_split': 8}. Best is trial 6 with value: 0.9733333333333333.
[I 2024-09-26 12:13:19,639] Trial 455 finished with value: 0.9666666666666667 and parameters: {'n_estimators': 88, 'max_depth': 17, 'min_samples_split': 6}. Best is trial 6 with value: 0.9733333333333333.
[I 2024-09-26 12:13:19,770] Trial 456 finished with value: 0.9666666666666667 and parameters: {'n_estimators': 80, 'max_depth': 26, 'min_samples_split': 9}. Best is trial 6 with value: 0.9733333333333333.
[I 2024-09-26 12:13:19,834] Trial 457 finished with value: 0.9733333333333333 and parameters: {'n_estimators': 24, 'max_depth': 18, 'min_samples_split': 10}. Best is trial 6 with value: 0.9733333333333333.
[I 2024-09-26 12:13:19,898] Trial 458 finished with value: 0.9666666666666667 and parameters: {'n_estimators': 20, 'max_depth': 18, 'min_samples_split': 8}. Best is trial 6 with value: 0.9733333333333333.
[I 2024-09-26 12:13:19,973] Trial 459 finished with value: 0.9666666666666667 and parameters: {'n_estimators': 27, 'max_depth': 18, 'min_samples_split': 10}. Best is trial 6 with value: 0.9733333333333333.
[I 2024-09-26 12:13:20,036] Trial 460 finished with value: 0.9666666666666667 and parameters: {'n_estimators': 21, 'max_depth': 16, 'min_samples_split': 7}. Best is trial 6 with value: 0.9733333333333333.
[I 2024-09-26 12:13:20,109] Trial 461 finished with value: 0.96 and parameters: {'n_estimators': 18, 'max_depth': 17, 'min_samples_split': 8}. Best is trial 6 with value: 0.9733333333333333.
[I 2024-09-26 12:13:20,194] Trial 462 finished with value: 0.9533333333333333 and parameters: {'n_estimators': 39, 'max_depth': 19, 'min_samples_split': 5}. Best is trial 6 with value: 0.9733333333333333.
[I 2024-09-26 12:13:20,257] Trial 463 finished with value: 0.9533333333333333 and parameters: {'n_estimators': 25, 'max_depth': 20, 'min_samples_split': 9}. Best is trial 6 with value: 0.9733333333333333.
[I 2024-09-26 12:13:20,363] Trial 464 finished with value: 0.9533333333333333 and parameters: {'n_estimators': 44, 'max_depth': 18, 'min_samples_split': 7}. Best is trial 6 with value: 0.9733333333333333.
[I 2024-09-26 12:13:20,424] Trial 465 finished with value: 0.9533333333333333 and parameters: {'n_estimators': 23, 'max_depth': 22, 'min_samples_split': 6}. Best is trial 6 with value: 0.9733333333333333.
[I 2024-09-26 12:13:20,496] Trial 466 finished with value: 0.9666666666666667 and parameters: {'n_estimators': 24, 'max_depth': 15, 'min_samples_split': 8}. Best is trial 6 with value: 0.9733333333333333.
[I 2024-09-26 12:13:20,559] Trial 467 finished with value: 0.9666666666666667 and parameters: {'n_estimators': 23, 'max_depth': 9, 'min_samples_split': 9}. Best is trial 6 with value: 0.9733333333333333.
[I 2024-09-26 12:13:20,656] Trial 468 finished with value: 0.9666666666666667 and parameters: {'n_estimators': 46, 'max_depth': 11, 'min_samples_split': 8}. Best is trial 6 with value: 0.9733333333333333.
[I 2024-09-26 12:13:20,727] Trial 469 finished with value: 0.9533333333333333 and parameters: {'n_estimators': 19, 'max_depth': 38, 'min_samples_split': 7}. Best is trial 6 with value: 0.9733333333333333.
[I 2024-09-26 12:13:20,779] Trial 470 finished with value: 0.9533333333333333 and parameters: {'n_estimators': 6, 'max_depth': 20, 'min_samples_split': 8}. Best is trial 6 with value: 0.9733333333333333.
[I 2024-09-26 12:13:20,843] Trial 471 finished with value: 0.9466666666666667 and parameters: {'n_estimators': 16, 'max_depth': 16, 'min_samples_split': 11}. Best is trial 6 with value: 0.9733333333333333.
[I 2024-09-26 12:13:20,905] Trial 472 finished with value: 0.9666666666666667 and parameters: {'n_estimators': 21, 'max_depth': 19, 'min_samples_split': 10}. Best is trial 6 with value: 0.9733333333333333.
[I 2024-09-26 12:13:20,955] Trial 473 finished with value: 0.96 and parameters: {'n_estimators': 11, 'max_depth': 14, 'min_samples_split': 6}. Best is trial 6 with value: 0.9733333333333333.
[I 2024-09-26 12:13:21,038] Trial 474 finished with value: 0.96 and parameters: {'n_estimators': 43, 'max_depth': 18, 'min_samples_split': 14}. Best is trial 6 with value: 0.9733333333333333.
[I 2024-09-26 12:13:21,135] Trial 475 finished with value: 0.9666666666666667 and parameters: {'n_estimators': 41, 'max_depth': 6, 'min_samples_split': 8}. Best is trial 6 with value: 0.9733333333333333.
[I 2024-09-26 12:13:21,230] Trial 476 finished with value: 0.9533333333333333 and parameters: {'n_estimators': 49, 'max_depth': 5, 'min_samples_split': 7}. Best is trial 6 with value: 0.9733333333333333.
[I 2024-09-26 12:13:21,348] Trial 477 finished with value: 0.96 and parameters: {'n_estimators': 70, 'max_depth': 16, 'min_samples_split': 8}. Best is trial 6 with value: 0.9733333333333333.
[I 2024-09-26 12:13:21,413] Trial 478 finished with value: 0.96 and parameters: {'n_estimators': 9, 'max_depth': 17, 'min_samples_split': 9}. Best is trial 6 with value: 0.9733333333333333.
[I 2024-09-26 12:13:21,541] Trial 479 finished with value: 0.9533333333333333 and parameters: {'n_estimators': 81, 'max_depth': 7, 'min_samples_split': 6}. Best is trial 6 with value: 0.9733333333333333.
[I 2024-09-26 12:13:21,606] Trial 480 finished with value: 0.96 and parameters: {'n_estimators': 14, 'max_depth': 48, 'min_samples_split': 7}. Best is trial 6 with value: 0.9733333333333333.
[I 2024-09-26 12:13:21,745] Trial 481 finished with value: 0.9533333333333333 and parameters: {'n_estimators': 85, 'max_depth': 33, 'min_samples_split': 8}. Best is trial 6 with value: 0.9733333333333333.
[I 2024-09-26 12:13:21,909] Trial 482 finished with value: 0.9666666666666667 and parameters: {'n_estimators': 97, 'max_depth': 20, 'min_samples_split': 11}. Best is trial 6 with value: 0.9733333333333333.
[I 2024-09-26 12:13:21,963] Trial 483 finished with value: 0.9466666666666667 and parameters: {'n_estimators': 4, 'max_depth': 29, 'min_samples_split': 9}. Best is trial 6 with value: 0.9733333333333333.
[I 2024-09-26 12:13:22,060] Trial 484 finished with value: 0.9666666666666667 and parameters: {'n_estimators': 45, 'max_depth': 17, 'min_samples_split': 8}. Best is trial 6 with value: 0.9733333333333333.
[I 2024-09-26 12:13:22,145] Trial 485 finished with value: 0.9533333333333333 and parameters: {'n_estimators': 32, 'max_depth': 45, 'min_samples_split': 6}. Best is trial 6 with value: 0.9733333333333333.
[I 2024-09-26 12:13:22,286] Trial 486 finished with value: 0.96 and parameters: {'n_estimators': 75, 'max_depth': 22, 'min_samples_split': 7}. Best is trial 6 with value: 0.9733333333333333.
[I 2024-09-26 12:13:22,460] Trial 487 finished with value: 0.9666666666666667 and parameters: {'n_estimators': 93, 'max_depth': 15, 'min_samples_split': 12}. Best is trial 6 with value: 0.9733333333333333.
[I 2024-09-26 12:13:22,655] Trial 488 finished with value: 0.9733333333333333 and parameters: {'n_estimators': 47, 'max_depth': 40, 'min_samples_split': 9}. Best is trial 6 with value: 0.9733333333333333.
[I 2024-09-26 12:13:22,778] Trial 489 finished with value: 0.96 and parameters: {'n_estimators': 47, 'max_depth': 42, 'min_samples_split': 9}. Best is trial 6 with value: 0.9733333333333333.
[I 2024-09-26 12:13:22,921] Trial 490 finished with value: 0.9666666666666667 and parameters: {'n_estimators': 50, 'max_depth': 38, 'min_samples_split': 6}. Best is trial 6 with value: 0.9733333333333333.
[I 2024-09-26 12:13:23,043] Trial 491 finished with value: 0.96 and parameters: {'n_estimators': 44, 'max_depth': 40, 'min_samples_split': 8}. Best is trial 6 with value: 0.9733333333333333.
[I 2024-09-26 12:13:23,138] Trial 492 finished with value: 0.9666666666666667 and parameters: {'n_estimators': 48, 'max_depth': 39, 'min_samples_split': 8}. Best is trial 6 with value: 0.9733333333333333.
[I 2024-09-26 12:13:23,245] Trial 493 finished with value: 0.96 and parameters: {'n_estimators': 47, 'max_depth': 35, 'min_samples_split': 7}. Best is trial 6 with value: 0.9733333333333333.
[I 2024-09-26 12:13:23,354] Trial 494 finished with value: 0.9533333333333333 and parameters: {'n_estimators': 50, 'max_depth': 40, 'min_samples_split': 5}. Best is trial 6 with value: 0.9733333333333333.
[I 2024-09-26 12:13:23,439] Trial 495 finished with value: 0.96 and parameters: {'n_estimators': 45, 'max_depth': 44, 'min_samples_split': 10}. Best is trial 6 with value: 0.9733333333333333.
[I 2024-09-26 12:13:23,539] Trial 496 finished with value: 0.96 and parameters: {'n_estimators': 41, 'max_depth': 43, 'min_samples_split': 9}. Best is trial 6 with value: 0.9733333333333333.
[I 2024-09-26 12:13:23,629] Trial 497 finished with value: 0.9533333333333333 and parameters: {'n_estimators': 35, 'max_depth': 36, 'min_samples_split': 8}. Best is trial 6 with value: 0.9733333333333333.
[I 2024-09-26 12:13:23,733] Trial 498 finished with value: 0.9533333333333333 and parameters: {'n_estimators': 43, 'max_depth': 42, 'min_samples_split': 7}. Best is trial 6 with value: 0.9733333333333333.
[I 2024-09-26 12:13:23,797] Trial 499 finished with value: 0.9533333333333333 and parameters: {'n_estimators': 22, 'max_depth': 37, 'min_samples_split': 8}. Best is trial 6 with value: 0.9733333333333333.
[I 2024-09-26 12:13:23,941] Trial 500 finished with value: 0.96 and parameters: {'n_estimators': 83, 'max_depth': 40, 'min_samples_split': 8}. Best is trial 6 with value: 0.9733333333333333.
[I 2024-09-26 12:13:24,046] Trial 501 finished with value: 0.9533333333333333 and parameters: {'n_estimators': 49, 'max_depth': 47, 'min_samples_split': 9}. Best is trial 6 with value: 0.9733333333333333.
[I 2024-09-26 12:13:24,154] Trial 502 finished with value: 0.9533333333333333 and parameters: {'n_estimators': 46, 'max_depth': 37, 'min_samples_split': 6}. Best is trial 6 with value: 0.9733333333333333.
[I 2024-09-26 12:13:24,252] Trial 503 finished with value: 0.9666666666666667 and parameters: {'n_estimators': 37, 'max_depth': 34, 'min_samples_split': 7}. Best is trial 6 with value: 0.9733333333333333.
[I 2024-09-26 12:13:24,328] Trial 504 finished with value: 0.9533333333333333 and parameters: {'n_estimators': 17, 'max_depth': 32, 'min_samples_split': 6}. Best is trial 6 with value: 0.9733333333333333.
[I 2024-09-26 12:13:24,402] Trial 505 finished with value: 0.9466666666666667 and parameters: {'n_estimators': 19, 'max_depth': 10, 'min_samples_split': 9}. Best is trial 6 with value: 0.9733333333333333.
[I 2024-09-26 12:13:24,507] Trial 506 finished with value: 0.9733333333333333 and parameters: {'n_estimators': 48, 'max_depth': 15, 'min_samples_split': 8}. Best is trial 6 with value: 0.9733333333333333.
[I 2024-09-26 12:13:24,612] Trial 507 finished with value: 0.9533333333333333 and parameters: {'n_estimators': 51, 'max_depth': 13, 'min_samples_split': 8}. Best is trial 6 with value: 0.9733333333333333.
[I 2024-09-26 12:13:24,707] Trial 508 finished with value: 0.9666666666666667 and parameters: {'n_estimators': 48, 'max_depth': 15, 'min_samples_split': 13}. Best is trial 6 with value: 0.9733333333333333.
[I 2024-09-26 12:13:24,810] Trial 509 finished with value: 0.96 and parameters: {'n_estimators': 46, 'max_depth': 15, 'min_samples_split': 8}. Best is trial 6 with value: 0.9733333333333333.
[I 2024-09-26 12:13:24,904] Trial 510 finished with value: 0.96 and parameters: {'n_estimators': 49, 'max_depth': 4, 'min_samples_split': 10}. Best is trial 6 with value: 0.9733333333333333.
[I 2024-09-26 12:13:25,000] Trial 511 finished with value: 0.9666666666666667 and parameters: {'n_estimators': 52, 'max_depth': 14, 'min_samples_split': 6}. Best is trial 6 with value: 0.9733333333333333.
[I 2024-09-26 12:13:25,110] Trial 512 finished with value: 0.9666666666666667 and parameters: {'n_estimators': 47, 'max_depth': 14, 'min_samples_split': 5}. Best is trial 6 with value: 0.9733333333333333.
[I 2024-09-26 12:13:25,205] Trial 513 finished with value: 0.9666666666666667 and parameters: {'n_estimators': 45, 'max_depth': 15, 'min_samples_split': 7}. Best is trial 6 with value: 0.9733333333333333.
[I 2024-09-26 12:13:25,302] Trial 514 finished with value: 0.9666666666666667 and parameters: {'n_estimators': 50, 'max_depth': 16, 'min_samples_split': 9}. Best is trial 6 with value: 0.9733333333333333.
[I 2024-09-26 12:13:25,391] Trial 515 finished with value: 0.96 and parameters: {'n_estimators': 25, 'max_depth': 13, 'min_samples_split': 8}. Best is trial 6 with value: 0.9733333333333333.
[I 2024-09-26 12:13:25,488] Trial 516 finished with value: 0.9666666666666667 and parameters: {'n_estimators': 48, 'max_depth': 16, 'min_samples_split': 7}. Best is trial 6 with value: 0.9733333333333333.
[I 2024-09-26 12:13:25,553] Trial 517 finished with value: 0.9533333333333333 and parameters: {'n_estimators': 11, 'max_depth': 12, 'min_samples_split': 8}. Best is trial 6 with value: 0.9733333333333333.
[I 2024-09-26 12:13:25,606] Trial 518 finished with value: 0.9666666666666667 and parameters: {'n_estimators': 7, 'max_depth': 17, 'min_samples_split': 9}. Best is trial 6 with value: 0.9733333333333333.
[I 2024-09-26 12:13:25,691] Trial 519 finished with value: 0.9533333333333333 and parameters: {'n_estimators': 44, 'max_depth': 16, 'min_samples_split': 8}. Best is trial 6 with value: 0.9733333333333333.
[I 2024-09-26 12:13:25,799] Trial 520 finished with value: 0.9533333333333333 and parameters: {'n_estimators': 52, 'max_depth': 14, 'min_samples_split': 6}. Best is trial 6 with value: 0.9733333333333333.
[I 2024-09-26 12:13:25,852] Trial 521 finished with value: 0.9666666666666667 and parameters: {'n_estimators': 15, 'max_depth': 45, 'min_samples_split': 7}. Best is trial 6 with value: 0.9733333333333333.
[I 2024-09-26 12:13:25,894] Trial 522 finished with value: 0.96 and parameters: {'n_estimators': 5, 'max_depth': 5, 'min_samples_split': 8}. Best is trial 6 with value: 0.9733333333333333.
[I 2024-09-26 12:13:25,989] Trial 523 finished with value: 0.96 and parameters: {'n_estimators': 50, 'max_depth': 15, 'min_samples_split': 8}. Best is trial 6 with value: 0.9733333333333333.
[I 2024-09-26 12:13:26,040] Trial 524 finished with value: 0.96 and parameters: {'n_estimators': 13, 'max_depth': 41, 'min_samples_split': 9}. Best is trial 6 with value: 0.9733333333333333.
[I 2024-09-26 12:13:26,170] Trial 525 finished with value: 0.9666666666666667 and parameters: {'n_estimators': 79, 'max_depth': 27, 'min_samples_split': 8}. Best is trial 6 with value: 0.9733333333333333.
[I 2024-09-26 12:13:26,278] Trial 526 finished with value: 0.9666666666666667 and parameters: {'n_estimators': 47, 'max_depth': 24, 'min_samples_split': 7}. Best is trial 6 with value: 0.9733333333333333.
[I 2024-09-26 12:13:26,354] Trial 527 finished with value: 0.96 and parameters: {'n_estimators': 20, 'max_depth': 49, 'min_samples_split': 9}. Best is trial 6 with value: 0.9733333333333333.
[I 2024-09-26 12:13:26,406] Trial 528 finished with value: 0.9533333333333333 and parameters: {'n_estimators': 8, 'max_depth': 44, 'min_samples_split': 6}. Best is trial 6 with value: 0.9733333333333333.
[I 2024-09-26 12:13:26,535] Trial 529 finished with value: 0.9666666666666667 and parameters: {'n_estimators': 82, 'max_depth': 38, 'min_samples_split': 11}. Best is trial 6 with value: 0.9733333333333333.
[I 2024-09-26 12:13:26,644] Trial 530 finished with value: 0.9666666666666667 and parameters: {'n_estimators': 54, 'max_depth': 16, 'min_samples_split': 6}. Best is trial 6 with value: 0.9733333333333333.
[I 2024-09-26 12:13:26,713] Trial 531 finished with value: 0.96 and parameters: {'n_estimators': 17, 'max_depth': 35, 'min_samples_split': 10}. Best is trial 6 with value: 0.9733333333333333.
[I 2024-09-26 12:13:26,799] Trial 532 finished with value: 0.9533333333333333 and parameters: {'n_estimators': 43, 'max_depth': 31, 'min_samples_split': 8}. Best is trial 6 with value: 0.9733333333333333.
[I 2024-09-26 12:13:26,930] Trial 533 finished with value: 0.9533333333333333 and parameters: {'n_estimators': 68, 'max_depth': 8, 'min_samples_split': 7}. Best is trial 6 with value: 0.9733333333333333.
[I 2024-09-26 12:13:27,027] Trial 534 finished with value: 0.9533333333333333 and parameters: {'n_estimators': 49, 'max_depth': 18, 'min_samples_split': 8}. Best is trial 6 with value: 0.9733333333333333.
[I 2024-09-26 12:13:27,069] Trial 535 finished with value: 0.9466666666666667 and parameters: {'n_estimators': 2, 'max_depth': 14, 'min_samples_split': 6}. Best is trial 6 with value: 0.9733333333333333.
[I 2024-09-26 12:13:27,165] Trial 536 finished with value: 0.9666666666666667 and parameters: {'n_estimators': 45, 'max_depth': 13, 'min_samples_split': 5}. Best is trial 6 with value: 0.9733333333333333.
[I 2024-09-26 12:13:27,219] Trial 537 finished with value: 0.9533333333333333 and parameters: {'n_estimators': 10, 'max_depth': 17, 'min_samples_split': 9}. Best is trial 6 with value: 0.9733333333333333.
[I 2024-09-26 12:13:27,295] Trial 538 finished with value: 0.9666666666666667 and parameters: {'n_estimators': 23, 'max_depth': 5, 'min_samples_split': 7}. Best is trial 6 with value: 0.9733333333333333.
[I 2024-09-26 12:13:27,407] Trial 539 finished with value: 0.9666666666666667 and parameters: {'n_estimators': 47, 'max_depth': 15, 'min_samples_split': 8}. Best is trial 6 with value: 0.9733333333333333.
[I 2024-09-26 12:13:27,514] Trial 540 finished with value: 0.96 and parameters: {'n_estimators': 50, 'max_depth': 41, 'min_samples_split': 8}. Best is trial 6 with value: 0.9733333333333333.
[I 2024-09-26 12:13:27,623] Trial 541 finished with value: 0.9533333333333333 and parameters: {'n_estimators': 63, 'max_depth': 9, 'min_samples_split': 9}. Best is trial 6 with value: 0.9733333333333333.
[I 2024-09-26 12:13:27,679] Trial 542 finished with value: 0.9533333333333333 and parameters: {'n_estimators': 6, 'max_depth': 4, 'min_samples_split': 7}. Best is trial 6 with value: 0.9733333333333333.
[I 2024-09-26 12:13:27,743] Trial 543 finished with value: 0.9666666666666667 and parameters: {'n_estimators': 21, 'max_depth': 14, 'min_samples_split': 6}. Best is trial 6 with value: 0.9733333333333333.
[I 2024-09-26 12:13:27,806] Trial 544 finished with value: 0.9466666666666667 and parameters: {'n_estimators': 12, 'max_depth': 34, 'min_samples_split': 10}. Best is trial 6 with value: 0.9733333333333333.
