[I 2024-09-26 12:13:38,912] Trial 653 finished with value: 0.96 and parameters: {'n_estimators': 83, 'max_depth': 53, 'min_samples_split': 8}. Best is trial 6 with value: 0.9733333333333333.
[I 2024-09-26 12:13:39,015] Trial 654 finished with value: 0.9666666666666667 and parameters: {'n_estimators': 49, 'max_depth': 17, 'min_samples_split': 7}. Best is trial 6 with value: 0.9733333333333333.
[I 2024-09-26 12:13:39,151] Trial 655 finished with value: 0.9666666666666667 and parameters: {'n_estimators': 76, 'max_depth': 19, 'min_samples_split': 9}. Best is trial 6 with value: 0.9733333333333333.
[I 2024-09-26 12:13:39,266] Trial 656 finished with value: 0.9666666666666667 and parameters: {'n_estimators': 52, 'max_depth': 24, 'min_samples_split': 6}. Best is trial 6 with value: 0.9733333333333333.
[I 2024-09-26 12:13:39,374] Trial 657 finished with value: 0.96 and parameters: {'n_estimators': 45, 'max_depth': 62, 'min_samples_split': 8}. Best is trial 6 with value: 0.9733333333333333.
[I 2024-09-26 12:13:39,489] Trial 658 finished with value: 0.96 and parameters: {'n_estimators': 40, 'max_depth': 15, 'min_samples_split': 10}. Best is trial 6 with value: 0.9733333333333333.
[I 2024-09-26 12:13:39,579] Trial 659 finished with value: 0.9533333333333333 and parameters: {'n_estimators': 30, 'max_depth': 33, 'min_samples_split': 6}. Best is trial 6 with value: 0.9733333333333333.
[I 2024-09-26 12:13:39,672] Trial 660 finished with value: 0.9666666666666667 and parameters: {'n_estimators': 33, 'max_depth': 16, 'min_samples_split': 8}. Best is trial 6 with value: 0.9733333333333333.
[I 2024-09-26 12:13:39,817] Trial 661 finished with value: 0.96 and parameters: {'n_estimators': 86, 'max_depth': 7, 'min_samples_split': 5}. Best is trial 6 with value: 0.9733333333333333.
[I 2024-09-26 12:13:39,928] Trial 662 finished with value: 0.9666666666666667 and parameters: {'n_estimators': 47, 'max_depth': 38, 'min_samples_split': 7}. Best is trial 6 with value: 0.9733333333333333.
[I 2024-09-26 12:13:39,995] Trial 663 finished with value: 0.9533333333333333 and parameters: {'n_estimators': 26, 'max_depth': 21, 'min_samples_split': 9}. Best is trial 6 with value: 0.9733333333333333.
[I 2024-09-26 12:13:40,044] Trial 664 finished with value: 0.9533333333333333 and parameters: {'n_estimators': 4, 'max_depth': 18, 'min_samples_split': 8}. Best is trial 6 with value: 0.9733333333333333.
[I 2024-09-26 12:13:40,134] Trial 665 finished with value: 0.96 and parameters: {'n_estimators': 43, 'max_depth': 20, 'min_samples_split': 7}. Best is trial 6 with value: 0.9733333333333333.
[I 2024-09-26 12:13:40,225] Trial 666 finished with value: 0.96 and parameters: {'n_estimators': 37, 'max_depth': 4, 'min_samples_split': 8}. Best is trial 6 with value: 0.9733333333333333.
[I 2024-09-26 12:13:40,328] Trial 667 finished with value: 0.9533333333333333 and parameters: {'n_estimators': 50, 'max_depth': 36, 'min_samples_split': 10}. Best is trial 6 with value: 0.9733333333333333.
[I 2024-09-26 12:13:40,437] Trial 668 finished with value: 0.9666666666666667 and parameters: {'n_estimators': 55, 'max_depth': 29, 'min_samples_split': 6}. Best is trial 6 with value: 0.9733333333333333.
[I 2024-09-26 12:13:40,554] Trial 669 finished with value: 0.9533333333333333 and parameters: {'n_estimators': 14, 'max_depth': 47, 'min_samples_split': 9}. Best is trial 6 with value: 0.9733333333333333.
[I 2024-09-26 12:13:40,662] Trial 670 finished with value: 0.9466666666666667 and parameters: {'n_estimators': 6, 'max_depth': 14, 'min_samples_split': 7}. Best is trial 6 with value: 0.9733333333333333.
[I 2024-09-26 12:13:40,793] Trial 671 finished with value: 0.9533333333333333 and parameters: {'n_estimators': 9, 'max_depth': 17, 'min_samples_split': 8}. Best is trial 6 with value: 0.9733333333333333.
[I 2024-09-26 12:13:41,027] Trial 672 finished with value: 0.9666666666666667 and parameters: {'n_estimators': 45, 'max_depth': 42, 'min_samples_split': 9}. Best is trial 6 with value: 0.9733333333333333.
[I 2024-09-26 12:13:41,283] Trial 673 finished with value: 0.9666666666666667 and parameters: {'n_estimators': 52, 'max_depth': 16, 'min_samples_split': 5}. Best is trial 6 with value: 0.9733333333333333.
[I 2024-09-26 12:13:41,462] Trial 674 finished with value: 0.9666666666666667 and parameters: {'n_estimators': 89, 'max_depth': 58, 'min_samples_split': 8}. Best is trial 6 with value: 0.9733333333333333.
[I 2024-09-26 12:13:41,539] Trial 675 finished with value: 0.9466666666666667 and parameters: {'n_estimators': 12, 'max_depth': 32, 'min_samples_split': 6}. Best is trial 6 with value: 0.9733333333333333.
[I 2024-09-26 12:13:41,646] Trial 676 finished with value: 0.9666666666666667 and parameters: {'n_estimators': 47, 'max_depth': 18, 'min_samples_split': 8}. Best is trial 6 with value: 0.9733333333333333.
[I 2024-09-26 12:13:41,717] Trial 677 finished with value: 0.9666666666666667 and parameters: {'n_estimators': 22, 'max_depth': 19, 'min_samples_split': 7}. Best is trial 6 with value: 0.9733333333333333.
[I 2024-09-26 12:13:41,823] Trial 678 finished with value: 0.9533333333333333 and parameters: {'n_estimators': 50, 'max_depth': 6, 'min_samples_split': 6}. Best is trial 6 with value: 0.9733333333333333.
[I 2024-09-26 12:13:41,901] Trial 679 finished with value: 0.9533333333333333 and parameters: {'n_estimators': 19, 'max_depth': 44, 'min_samples_split': 8}. Best is trial 6 with value: 0.9733333333333333.
[I 2024-09-26 12:13:42,003] Trial 680 finished with value: 0.9666666666666667 and parameters: {'n_estimators': 41, 'max_depth': 23, 'min_samples_split': 9}. Best is trial 6 with value: 0.9733333333333333.
[I 2024-09-26 12:13:42,159] Trial 681 finished with value: 0.9533333333333333 and parameters: {'n_estimators': 84, 'max_depth': 14, 'min_samples_split': 7}. Best is trial 6 with value: 0.9733333333333333.
[I 2024-09-26 12:13:42,271] Trial 682 finished with value: 0.9666666666666667 and parameters: {'n_estimators': 48, 'max_depth': 15, 'min_samples_split': 8}. Best is trial 6 with value: 0.9733333333333333.
[I 2024-09-26 12:13:42,340] Trial 683 finished with value: 0.9533333333333333 and parameters: {'n_estimators': 28, 'max_depth': 35, 'min_samples_split': 10}. Best is trial 6 with value: 0.9733333333333333.
[I 2024-09-26 12:13:42,399] Trial 684 finished with value: 0.9666666666666667 and parameters: {'n_estimators': 7, 'max_depth': 39, 'min_samples_split': 8}. Best is trial 6 with value: 0.9733333333333333.
[I 2024-09-26 12:13:42,543] Trial 685 finished with value: 0.96 and parameters: {'n_estimators': 81, 'max_depth': 16, 'min_samples_split': 9}. Best is trial 6 with value: 0.9733333333333333.
[I 2024-09-26 12:13:42,675] Trial 686 finished with value: 0.9666666666666667 and parameters: {'n_estimators': 53, 'max_depth': 20, 'min_samples_split': 7}. Best is trial 6 with value: 0.9733333333333333.
[I 2024-09-26 12:13:42,734] Trial 687 finished with value: 0.9733333333333333 and parameters: {'n_estimators': 16, 'max_depth': 50, 'min_samples_split': 8}. Best is trial 6 with value: 0.9733333333333333.
[I 2024-09-26 12:13:42,792] Trial 688 finished with value: 0.9533333333333333 and parameters: {'n_estimators': 16, 'max_depth': 50, 'min_samples_split': 8}. Best is trial 6 with value: 0.9733333333333333.
[I 2024-09-26 12:13:42,851] Trial 689 finished with value: 0.96 and parameters: {'n_estimators': 15, 'max_depth': 44, 'min_samples_split': 8}. Best is trial 6 with value: 0.9733333333333333.
[I 2024-09-26 12:13:42,931] Trial 690 finished with value: 0.9666666666666667 and parameters: {'n_estimators': 17, 'max_depth': 55, 'min_samples_split': 8}. Best is trial 6 with value: 0.9733333333333333.
[I 2024-09-26 12:13:43,021] Trial 691 finished with value: 0.96 and parameters: {'n_estimators': 18, 'max_depth': 50, 'min_samples_split': 8}. Best is trial 6 with value: 0.9733333333333333.
[I 2024-09-26 12:13:43,094] Trial 692 finished with value: 0.94 and parameters: {'n_estimators': 11, 'max_depth': 53, 'min_samples_split': 8}. Best is trial 6 with value: 0.9733333333333333.
[I 2024-09-26 12:13:43,160] Trial 693 finished with value: 0.96 and parameters: {'n_estimators': 20, 'max_depth': 54, 'min_samples_split': 9}. Best is trial 6 with value: 0.9733333333333333.
[I 2024-09-26 12:13:43,215] Trial 694 finished with value: 0.96 and parameters: {'n_estimators': 16, 'max_depth': 56, 'min_samples_split': 8}. Best is trial 6 with value: 0.9733333333333333.
[I 2024-09-26 12:13:43,268] Trial 695 finished with value: 0.96 and parameters: {'n_estimators': 13, 'max_depth': 49, 'min_samples_split': 8}. Best is trial 6 with value: 0.9733333333333333.
[I 2024-09-26 12:13:43,334] Trial 696 finished with value: 0.9466666666666667 and parameters: {'n_estimators': 19, 'max_depth': 47, 'min_samples_split': 9}. Best is trial 6 with value: 0.9733333333333333.
[I 2024-09-26 12:13:43,400] Trial 697 finished with value: 0.9733333333333333 and parameters: {'n_estimators': 21, 'max_depth': 59, 'min_samples_split': 8}. Best is trial 6 with value: 0.9733333333333333.
[I 2024-09-26 12:13:43,467] Trial 698 finished with value: 0.96 and parameters: {'n_estimators': 21, 'max_depth': 63, 'min_samples_split': 8}. Best is trial 6 with value: 0.9733333333333333.
[I 2024-09-26 12:13:43,565] Trial 699 finished with value: 0.9666666666666667 and parameters: {'n_estimators': 23, 'max_depth': 51, 'min_samples_split': 9}. Best is trial 6 with value: 0.9733333333333333.
[I 2024-09-26 12:13:43,646] Trial 700 finished with value: 0.9533333333333333 and parameters: {'n_estimators': 22, 'max_depth': 59, 'min_samples_split': 8}. Best is trial 6 with value: 0.9733333333333333.
[I 2024-09-26 12:13:43,714] Trial 701 finished with value: 0.96 and parameters: {'n_estimators': 20, 'max_depth': 59, 'min_samples_split': 7}. Best is trial 6 with value: 0.9733333333333333.
[I 2024-09-26 12:13:43,771] Trial 702 finished with value: 0.9666666666666667 and parameters: {'n_estimators': 15, 'max_depth': 55, 'min_samples_split': 8}. Best is trial 6 with value: 0.9733333333333333.
[I 2024-09-26 12:13:43,840] Trial 703 finished with value: 0.96 and parameters: {'n_estimators': 17, 'max_depth': 58, 'min_samples_split': 9}. Best is trial 6 with value: 0.9733333333333333.
[I 2024-09-26 12:13:43,924] Trial 704 finished with value: 0.9666666666666667 and parameters: {'n_estimators': 25, 'max_depth': 53, 'min_samples_split': 8}. Best is trial 6 with value: 0.9733333333333333.
[I 2024-09-26 12:13:43,990] Trial 705 finished with value: 0.96 and parameters: {'n_estimators': 19, 'max_depth': 60, 'min_samples_split': 11}. Best is trial 6 with value: 0.9733333333333333.
[I 2024-09-26 12:13:44,056] Trial 706 finished with value: 0.9666666666666667 and parameters: {'n_estimators': 21, 'max_depth': 55, 'min_samples_split': 7}. Best is trial 6 with value: 0.9733333333333333.
[I 2024-09-26 12:13:44,124] Trial 707 finished with value: 0.9666666666666667 and parameters: {'n_estimators': 22, 'max_depth': 62, 'min_samples_split': 8}. Best is trial 6 with value: 0.9733333333333333.
[I 2024-09-26 12:13:44,186] Trial 708 finished with value: 0.9666666666666667 and parameters: {'n_estimators': 14, 'max_depth': 56, 'min_samples_split': 7}. Best is trial 6 with value: 0.9733333333333333.
[I 2024-09-26 12:13:44,253] Trial 709 finished with value: 0.9666666666666667 and parameters: {'n_estimators': 25, 'max_depth': 57, 'min_samples_split': 9}. Best is trial 6 with value: 0.9733333333333333.
[I 2024-09-26 12:13:44,322] Trial 710 finished with value: 0.9533333333333333 and parameters: {'n_estimators': 18, 'max_depth': 62, 'min_samples_split': 8}. Best is trial 6 with value: 0.9733333333333333.
[I 2024-09-26 12:13:44,388] Trial 711 finished with value: 0.96 and parameters: {'n_estimators': 24, 'max_depth': 47, 'min_samples_split': 10}. Best is trial 6 with value: 0.9733333333333333.
[I 2024-09-26 12:13:44,513] Trial 712 finished with value: 0.9533333333333333 and parameters: {'n_estimators': 69, 'max_depth': 51, 'min_samples_split': 8}. Best is trial 6 with value: 0.9733333333333333.
[I 2024-09-26 12:13:44,572] Trial 713 finished with value: 0.96 and parameters: {'n_estimators': 17, 'max_depth': 52, 'min_samples_split': 7}. Best is trial 6 with value: 0.9733333333333333.
[I 2024-09-26 12:13:44,636] Trial 714 finished with value: 0.9666666666666667 and parameters: {'n_estimators': 10, 'max_depth': 59, 'min_samples_split': 9}. Best is trial 6 with value: 0.9733333333333333.
[I 2024-09-26 12:13:44,791] Trial 715 finished with value: 0.96 and parameters: {'n_estimators': 79, 'max_depth': 41, 'min_samples_split': 8}. Best is trial 6 with value: 0.9733333333333333.
[I 2024-09-26 12:13:44,875] Trial 716 finished with value: 0.9666666666666667 and parameters: {'n_estimators': 20, 'max_depth': 47, 'min_samples_split': 10}. Best is trial 6 with value: 0.9733333333333333.
[I 2024-09-26 12:13:44,936] Trial 717 finished with value: 0.9666666666666667 and parameters: {'n_estimators': 12, 'max_depth': 54, 'min_samples_split': 7}. Best is trial 6 with value: 0.9733333333333333.
[I 2024-09-26 12:13:45,006] Trial 718 finished with value: 0.96 and parameters: {'n_estimators': 22, 'max_depth': 17, 'min_samples_split': 8}. Best is trial 6 with value: 0.9733333333333333.
[I 2024-09-26 12:13:45,099] Trial 719 finished with value: 0.9666666666666667 and parameters: {'n_estimators': 39, 'max_depth': 44, 'min_samples_split': 9}. Best is trial 6 with value: 0.9733333333333333.
[I 2024-09-26 12:13:45,159] Trial 720 finished with value: 0.9533333333333333 and parameters: {'n_estimators': 15, 'max_depth': 57, 'min_samples_split': 8}. Best is trial 6 with value: 0.9733333333333333.
[I 2024-09-26 12:13:45,218] Trial 721 finished with value: 0.9533333333333333 and parameters: {'n_estimators': 8, 'max_depth': 50, 'min_samples_split': 8}. Best is trial 6 with value: 0.9733333333333333.
[I 2024-09-26 12:13:45,360] Trial 722 finished with value: 0.9533333333333333 and parameters: {'n_estimators': 71, 'max_depth': 62, 'min_samples_split': 7}. Best is trial 6 with value: 0.9733333333333333.
[I 2024-09-26 12:13:45,429] Trial 723 finished with value: 0.96 and parameters: {'n_estimators': 19, 'max_depth': 13, 'min_samples_split': 9}. Best is trial 6 with value: 0.9733333333333333.
[I 2024-09-26 12:13:45,489] Trial 724 finished with value: 0.9733333333333333 and parameters: {'n_estimators': 5, 'max_depth': 21, 'min_samples_split': 7}. Best is trial 6 with value: 0.9733333333333333.
[I 2024-09-26 12:13:45,547] Trial 725 finished with value: 0.96 and parameters: {'n_estimators': 7, 'max_depth': 21, 'min_samples_split': 7}. Best is trial 6 with value: 0.9733333333333333.
[I 2024-09-26 12:13:45,610] Trial 726 finished with value: 0.9533333333333333 and parameters: {'n_estimators': 3, 'max_depth': 19, 'min_samples_split': 7}. Best is trial 6 with value: 0.9733333333333333.
[I 2024-09-26 12:13:45,659] Trial 727 finished with value: 0.96 and parameters: {'n_estimators': 4, 'max_depth': 22, 'min_samples_split': 7}. Best is trial 6 with value: 0.9733333333333333.
[I 2024-09-26 12:13:45,717] Trial 728 finished with value: 0.96 and parameters: {'n_estimators': 4, 'max_depth': 21, 'min_samples_split': 7}. Best is trial 6 with value: 0.9733333333333333.
[I 2024-09-26 12:13:45,776] Trial 729 finished with value: 0.9333333333333332 and parameters: {'n_estimators': 2, 'max_depth': 23, 'min_samples_split': 7}. Best is trial 6 with value: 0.9733333333333333.
[I 2024-09-26 12:13:45,821] Trial 730 finished with value: 0.9666666666666667 and parameters: {'n_estimators': 3, 'max_depth': 20, 'min_samples_split': 7}. Best is trial 6 with value: 0.9733333333333333.
[I 2024-09-26 12:13:45,881] Trial 731 finished with value: 0.9466666666666667 and parameters: {'n_estimators': 6, 'max_depth': 19, 'min_samples_split': 7}. Best is trial 6 with value: 0.9733333333333333.
[I 2024-09-26 12:13:45,937] Trial 732 finished with value: 0.9533333333333333 and parameters: {'n_estimators': 8, 'max_depth': 20, 'min_samples_split': 7}. Best is trial 6 with value: 0.9733333333333333.
[I 2024-09-26 12:13:45,992] Trial 733 finished with value: 0.96 and parameters: {'n_estimators': 5, 'max_depth': 18, 'min_samples_split': 7}. Best is trial 6 with value: 0.9733333333333333.
[I 2024-09-26 12:13:46,065] Trial 734 finished with value: 0.9666666666666667 and parameters: {'n_estimators': 9, 'max_depth': 19, 'min_samples_split': 8}. Best is trial 6 with value: 0.9733333333333333.
[I 2024-09-26 12:13:46,109] Trial 735 finished with value: 0.96 and parameters: {'n_estimators': 6, 'max_depth': 18, 'min_samples_split': 8}. Best is trial 6 with value: 0.9733333333333333.
[I 2024-09-26 12:13:46,174] Trial 736 finished with value: 0.9666666666666667 and parameters: {'n_estimators': 27, 'max_depth': 22, 'min_samples_split': 7}. Best is trial 6 with value: 0.9733333333333333.
[I 2024-09-26 12:13:46,228] Trial 737 finished with value: 0.96 and parameters: {'n_estimators': 10, 'max_depth': 21, 'min_samples_split': 7}. Best is trial 6 with value: 0.9733333333333333.
[I 2024-09-26 12:13:46,314] Trial 738 finished with value: 0.96 and parameters: {'n_estimators': 13, 'max_depth': 17, 'min_samples_split': 8}. Best is trial 6 with value: 0.9733333333333333.
[I 2024-09-26 12:13:46,389] Trial 739 finished with value: 0.96 and parameters: {'n_estimators': 23, 'max_depth': 64, 'min_samples_split': 6}. Best is trial 6 with value: 0.9733333333333333.
[I 2024-09-26 12:13:46,447] Trial 740 finished with value: 0.96 and parameters: {'n_estimators': 7, 'max_depth': 18, 'min_samples_split': 8}. Best is trial 6 with value: 0.9733333333333333.
[I 2024-09-26 12:13:46,493] Trial 741 finished with value: 0.9466666666666667 and parameters: {'n_estimators': 5, 'max_depth': 22, 'min_samples_split': 8}. Best is trial 6 with value: 0.9733333333333333.
[I 2024-09-26 12:13:46,578] Trial 742 finished with value: 0.96 and parameters: {'n_estimators': 17, 'max_depth': 19, 'min_samples_split': 8}. Best is trial 6 with value: 0.9733333333333333.
[I 2024-09-26 12:13:46,653] Trial 743 finished with value: 0.96 and parameters: {'n_estimators': 21, 'max_depth': 16, 'min_samples_split': 7}. Best is trial 6 with value: 0.9733333333333333.
[I 2024-09-26 12:13:46,696] Trial 744 finished with value: 0.9266666666666667 and parameters: {'n_estimators': 2, 'max_depth': 24, 'min_samples_split': 6}. Best is trial 6 with value: 0.9733333333333333.
[I 2024-09-26 12:13:46,783] Trial 745 finished with value: 0.9666666666666667 and parameters: {'n_estimators': 43, 'max_depth': 17, 'min_samples_split': 11}. Best is trial 6 with value: 0.9733333333333333.
[I 2024-09-26 12:13:46,844] Trial 746 finished with value: 0.9533333333333333 and parameters: {'n_estimators': 10, 'max_depth': 18, 'min_samples_split': 7}. Best is trial 6 with value: 0.9733333333333333.
[I 2024-09-26 12:13:46,910] Trial 747 finished with value: 0.9733333333333333 and parameters: {'n_estimators': 14, 'max_depth': 21, 'min_samples_split': 8}. Best is trial 6 with value: 0.9733333333333333.
[I 2024-09-26 12:13:46,975] Trial 748 finished with value: 0.9666666666666667 and parameters: {'n_estimators': 19, 'max_depth': 53, 'min_samples_split': 7}. Best is trial 6 with value: 0.9733333333333333.
[I 2024-09-26 12:13:47,054] Trial 749 finished with value: 0.96 and parameters: {'n_estimators': 24, 'max_depth': 20, 'min_samples_split': 6}. Best is trial 6 with value: 0.9733333333333333.
[I 2024-09-26 12:13:47,103] Trial 750 finished with value: 0.96 and parameters: {'n_estimators': 5, 'max_depth': 58, 'min_samples_split': 8}. Best is trial 6 with value: 0.9733333333333333.
[I 2024-09-26 12:13:47,191] Trial 751 finished with value: 0.9733333333333333 and parameters: {'n_estimators': 42, 'max_depth': 15, 'min_samples_split': 8}. Best is trial 6 with value: 0.9733333333333333.
[I 2024-09-26 12:13:47,257] Trial 752 finished with value: 0.9666666666666667 and parameters: {'n_estimators': 17, 'max_depth': 17, 'min_samples_split': 7}. Best is trial 6 with value: 0.9733333333333333.
[I 2024-09-26 12:13:47,350] Trial 753 finished with value: 0.96 and parameters: {'n_estimators': 36, 'max_depth': 19, 'min_samples_split': 8}. Best is trial 6 with value: 0.9733333333333333.
[I 2024-09-26 12:13:47,417] Trial 754 finished with value: 0.96 and parameters: {'n_estimators': 21, 'max_depth': 16, 'min_samples_split': 6}. Best is trial 6 with value: 0.9733333333333333.
[I 2024-09-26 12:13:47,518] Trial 755 finished with value: 0.9666666666666667 and parameters: {'n_estimators': 9, 'max_depth': 20, 'min_samples_split': 7}. Best is trial 6 with value: 0.9733333333333333.
[I 2024-09-26 12:13:47,586] Trial 756 finished with value: 0.9666666666666667 and parameters: {'n_estimators': 7, 'max_depth': 4, 'min_samples_split': 8}. Best is trial 6 with value: 0.9733333333333333.
[I 2024-09-26 12:13:47,644] Trial 757 finished with value: 0.9466666666666667 and parameters: {'n_estimators': 11, 'max_depth': 18, 'min_samples_split': 8}. Best is trial 6 with value: 0.9733333333333333.
[I 2024-09-26 12:13:47,744] Trial 758 finished with value: 0.96 and parameters: {'n_estimators': 34, 'max_depth': 59, 'min_samples_split': 5}. Best is trial 6 with value: 0.9733333333333333.
[I 2024-09-26 12:13:47,832] Trial 759 finished with value: 0.96 and parameters: {'n_estimators': 40, 'max_depth': 55, 'min_samples_split': 7}. Best is trial 6 with value: 0.9733333333333333.
[I 2024-09-26 12:13:47,943] Trial 760 finished with value: 0.9666666666666667 and parameters: {'n_estimators': 45, 'max_depth': 17, 'min_samples_split': 6}. Best is trial 6 with value: 0.9733333333333333.
[I 2024-09-26 12:13:48,017] Trial 761 finished with value: 0.9666666666666667 and parameters: {'n_estimators': 15, 'max_depth': 23, 'min_samples_split': 8}. Best is trial 6 with value: 0.9733333333333333.
[I 2024-09-26 12:13:48,115] Trial 762 finished with value: 0.96 and parameters: {'n_estimators': 38, 'max_depth': 15, 'min_samples_split': 8}. Best is trial 6 with value: 0.9733333333333333.
